[0.000000] (-) TimerEvent: {}
[0.000772] (realsense2_camera_msgs) JobQueued: {'identifier': 'realsense2_camera_msgs', 'dependencies': OrderedDict()}
[0.000830] (velodyne_laserscan) JobQueued: {'identifier': 'velodyne_laserscan', 'dependencies': OrderedDict()}
[0.000871] (velodyne_msgs) JobQueued: {'identifier': 'velodyne_msgs', 'dependencies': OrderedDict()}
[0.001022] (realsense2_camera) JobQueued: {'identifier': 'realsense2_camera', 'dependencies': OrderedDict([('realsense2_camera_msgs', '/home/sparklab/sparklab/gnss-ros_ws/install/realsense2_camera_msgs')])}
[0.001142] (realsense2_description) JobQueued: {'identifier': 'realsense2_description', 'dependencies': OrderedDict([('realsense2_camera_msgs', '/home/sparklab/sparklab/gnss-ros_ws/install/realsense2_camera_msgs')])}
[0.001181] (velodyne_driver) JobQueued: {'identifier': 'velodyne_driver', 'dependencies': OrderedDict([('velodyne_msgs', '/home/sparklab/sparklab/gnss-ros_ws/install/velodyne_msgs')])}
[0.001217] (velodyne_pointcloud) JobQueued: {'identifier': 'velodyne_pointcloud', 'dependencies': OrderedDict([('velodyne_msgs', '/home/sparklab/sparklab/gnss-ros_ws/install/velodyne_msgs')])}
[0.001245] (velodyne) JobQueued: {'identifier': 'velodyne', 'dependencies': OrderedDict([('velodyne_laserscan', '/home/sparklab/sparklab/gnss-ros_ws/install/velodyne_laserscan'), ('velodyne_msgs', '/home/sparklab/sparklab/gnss-ros_ws/install/velodyne_msgs'), ('velodyne_driver', '/home/sparklab/sparklab/gnss-ros_ws/install/velodyne_driver'), ('velodyne_pointcloud', '/home/sparklab/sparklab/gnss-ros_ws/install/velodyne_pointcloud')])}
[0.001348] (velodyne_msgs) JobStarted: {'identifier': 'velodyne_msgs'}
[0.007174] (realsense2_camera_msgs) JobStarted: {'identifier': 'realsense2_camera_msgs'}
[0.010917] (velodyne_laserscan) JobStarted: {'identifier': 'velodyne_laserscan'}
[0.014891] (velodyne_msgs) JobProgress: {'identifier': 'velodyne_msgs', 'progress': 'cmake'}
[0.015274] (velodyne_msgs) Command: {'cmd': ['/usr/bin/cmake', '/home/sparklab/sparklab/gnss-ros_ws/src/velodyne/velodyne_msgs', '-DAMENT_CMAKE_SYMLINK_INSTALL=1', '-DCMAKE_INSTALL_PREFIX=/home/sparklab/sparklab/gnss-ros_ws/install/velodyne_msgs'], 'cwd': '/home/sparklab/sparklab/gnss-ros_ws/build/velodyne_msgs', 'env': OrderedDict([('PYTHONIOENCODING', 'utf-8'), ('HOSTNAME', '6764024e662c'), ('SHLVL', '1'), ('LD_LIBRARY_PATH', '/opt/ros/humble/opt/rviz_ogre_vendor/lib:/opt/ros/humble/lib/x86_64-linux-gnu:/opt/ros/humble/lib'), ('HOME', '/home/sparklab'), ('OLDPWD', '/home/sparklab/sparklab'), ('ROS_PYTHON_VERSION', '3'), ('ROS_DISTRO', 'humble'), ('_', '/usr/bin/colcon'), ('ROS_VERSION', '2'), ('TERM', 'xterm'), ('ROS_LOCALHOST_ONLY', '0'), ('PATH', '/opt/ros/humble/bin:/usr/local/sbin:/usr/local/bin:/usr/sbin:/usr/bin:/sbin:/bin'), ('LANG', 'en_US.UTF-8'), ('AMENT_PREFIX_PATH', '/opt/ros/humble'), ('PWD', '/home/sparklab/sparklab/gnss-ros_ws/build/velodyne_msgs'), ('PYTHONPATH', '/opt/ros/humble/lib/python3.10/site-packages:/opt/ros/humble/local/lib/python3.10/dist-packages'), ('COLCON', '1'), ('CMAKE_PREFIX_PATH', '/opt/ros/humble')]), 'shell': False}
[0.023265] (realsense2_camera_msgs) JobProgress: {'identifier': 'realsense2_camera_msgs', 'progress': 'cmake'}
[0.023920] (realsense2_camera_msgs) JobProgress: {'identifier': 'realsense2_camera_msgs', 'progress': 'build'}
[0.025226] (realsense2_camera_msgs) Command: {'cmd': ['/usr/bin/cmake', '--build', '/home/sparklab/sparklab/gnss-ros_ws/build/realsense2_camera_msgs', '--', '-j4', '-l4'], 'cwd': '/home/sparklab/sparklab/gnss-ros_ws/build/realsense2_camera_msgs', 'env': OrderedDict([('PYTHONIOENCODING', 'utf-8'), ('HOSTNAME', '6764024e662c'), ('SHLVL', '1'), ('LD_LIBRARY_PATH', '/opt/ros/humble/opt/rviz_ogre_vendor/lib:/opt/ros/humble/lib/x86_64-linux-gnu:/opt/ros/humble/lib'), ('HOME', '/home/sparklab'), ('OLDPWD', '/home/sparklab/sparklab'), ('ROS_PYTHON_VERSION', '3'), ('ROS_DISTRO', 'humble'), ('_', '/usr/bin/colcon'), ('ROS_VERSION', '2'), ('TERM', 'xterm'), ('ROS_LOCALHOST_ONLY', '0'), ('PATH', '/opt/ros/humble/bin:/usr/local/sbin:/usr/local/bin:/usr/sbin:/usr/bin:/sbin:/bin'), ('LANG', 'en_US.UTF-8'), ('AMENT_PREFIX_PATH', '/opt/ros/humble'), ('PWD', '/home/sparklab/sparklab/gnss-ros_ws/build/realsense2_camera_msgs'), ('PYTHONPATH', '/opt/ros/humble/lib/python3.10/site-packages:/opt/ros/humble/local/lib/python3.10/dist-packages'), ('COLCON', '1'), ('CMAKE_PREFIX_PATH', '/opt/ros/humble')]), 'shell': False}
[0.027238] (velodyne_laserscan) JobProgress: {'identifier': 'velodyne_laserscan', 'progress': 'cmake'}
[0.027610] (velodyne_laserscan) Command: {'cmd': ['/usr/bin/cmake', '/home/sparklab/sparklab/gnss-ros_ws/src/velodyne/velodyne_laserscan', '-DAMENT_CMAKE_SYMLINK_INSTALL=1', '-DCMAKE_INSTALL_PREFIX=/home/sparklab/sparklab/gnss-ros_ws/install/velodyne_laserscan'], 'cwd': '/home/sparklab/sparklab/gnss-ros_ws/build/velodyne_laserscan', 'env': OrderedDict([('PYTHONIOENCODING', 'utf-8'), ('HOSTNAME', '6764024e662c'), ('SHLVL', '1'), ('LD_LIBRARY_PATH', '/opt/ros/humble/opt/rviz_ogre_vendor/lib:/opt/ros/humble/lib/x86_64-linux-gnu:/opt/ros/humble/lib'), ('HOME', '/home/sparklab'), ('OLDPWD', '/home/sparklab/sparklab'), ('ROS_PYTHON_VERSION', '3'), ('ROS_DISTRO', 'humble'), ('_', '/usr/bin/colcon'), ('ROS_VERSION', '2'), ('TERM', 'xterm'), ('ROS_LOCALHOST_ONLY', '0'), ('PATH', '/opt/ros/humble/bin:/usr/local/sbin:/usr/local/bin:/usr/sbin:/usr/bin:/sbin:/bin'), ('LANG', 'en_US.UTF-8'), ('AMENT_PREFIX_PATH', '/opt/ros/humble'), ('PWD', '/home/sparklab/sparklab/gnss-ros_ws/build/velodyne_laserscan'), ('PYTHONPATH', '/opt/ros/humble/lib/python3.10/site-packages:/opt/ros/humble/local/lib/python3.10/dist-packages'), ('COLCON', '1'), ('CMAKE_PREFIX_PATH', '/opt/ros/humble')]), 'shell': False}
[0.086865] (velodyne_laserscan) StdoutLine: {'line': b'-- The C compiler identification is GNU 11.4.0\n'}
[0.091447] (realsense2_camera_msgs) StdoutLine: {'line': b'[  3%] Built target realsense2_camera_msgs__cpp\n'}
[0.091794] (realsense2_camera_msgs) StdoutLine: {'line': b'[ 12%] Built target realsense2_camera_msgs__rosidl_generator_c\n'}
[0.092590] (velodyne_msgs) StdoutLine: {'line': b'-- The C compiler identification is GNU 11.4.0\n'}
[0.098462] (realsense2_camera_msgs) StdoutLine: {'line': b'[ 12%] Built target ament_cmake_python_symlink_realsense2_camera_msgs\n'}
[0.099725] (-) TimerEvent: {}
[0.131513] (realsense2_camera_msgs) StdoutLine: {'line': b'[ 23%] Built target realsense2_camera_msgs__rosidl_typesupport_cpp\n'}
[0.138893] (realsense2_camera_msgs) StdoutLine: {'line': b'[ 34%] Built target realsense2_camera_msgs__rosidl_typesupport_fastrtps_cpp\n'}
[0.142695] (realsense2_camera_msgs) StdoutLine: {'line': b'[ 46%] Built target realsense2_camera_msgs__rosidl_typesupport_introspection_cpp\n'}
[0.149837] (realsense2_camera_msgs) StdoutLine: {'line': b'[ 57%] Built target realsense2_camera_msgs__rosidl_typesupport_fastrtps_c\n'}
[0.151001] (velodyne_laserscan) StdoutLine: {'line': b'-- The CXX compiler identification is GNU 11.4.0\n'}
[0.153593] (velodyne_msgs) StdoutLine: {'line': b'-- The CXX compiler identification is GNU 11.4.0\n'}
[0.158330] (velodyne_laserscan) StdoutLine: {'line': b'-- Detecting C compiler ABI info\n'}
[0.160925] (velodyne_msgs) StdoutLine: {'line': b'-- Detecting C compiler ABI info\n'}
[0.169445] (realsense2_camera_msgs) StdoutLine: {'line': b'[ 68%] Built target realsense2_camera_msgs__rosidl_typesupport_introspection_c\n'}
[0.176959] (realsense2_camera_msgs) StdoutLine: {'line': b'[ 79%] Built target realsense2_camera_msgs__rosidl_typesupport_c\n'}
[0.198623] (realsense2_camera_msgs) StdoutLine: {'line': b'[ 79%] Built target realsense2_camera_msgs\n'}
[0.199808] (-) TimerEvent: {}
[0.222403] (realsense2_camera_msgs) StdoutLine: {'line': b'[ 80%] Built target realsense2_camera_msgs__py\n'}
[0.232018] (velodyne_msgs) StdoutLine: {'line': b'-- Detecting C compiler ABI info - done\n'}
[0.240938] (velodyne_msgs) StdoutLine: {'line': b'-- Check for working C compiler: /usr/bin/cc - skipped\n'}
[0.241388] (velodyne_msgs) StdoutLine: {'line': b'-- Detecting C compile features\n'}
[0.242000] (velodyne_msgs) StdoutLine: {'line': b'-- Detecting C compile features - done\n'}
[0.242436] (velodyne_laserscan) StdoutLine: {'line': b'-- Detecting C compiler ABI info - done\n'}
[0.245412] (velodyne_msgs) StdoutLine: {'line': b'-- Detecting CXX compiler ABI info\n'}
[0.248889] (realsense2_camera_msgs) StdoutLine: {'line': b'[ 90%] Built target realsense2_camera_msgs__rosidl_generator_py\n'}
[0.251350] (velodyne_laserscan) StdoutLine: {'line': b'-- Check for working C compiler: /usr/bin/cc - skipped\n'}
[0.251849] (velodyne_laserscan) StdoutLine: {'line': b'-- Detecting C compile features\n'}
[0.252472] (velodyne_laserscan) StdoutLine: {'line': b'-- Detecting C compile features - done\n'}
[0.255799] (velodyne_laserscan) StdoutLine: {'line': b'-- Detecting CXX compiler ABI info\n'}
[0.273310] (realsense2_camera_msgs) StdoutLine: {'line': b'[ 93%] Built target realsense2_camera_msgs__rosidl_typesupport_fastrtps_c__pyext\n'}
[0.282474] (realsense2_camera_msgs) StdoutLine: {'line': b'[ 96%] Built target realsense2_camera_msgs__rosidl_typesupport_c__pyext\n'}
[0.289776] (realsense2_camera_msgs) StdoutLine: {'line': b'[100%] Built target realsense2_camera_msgs__rosidl_typesupport_introspection_c__pyext\n'}
[0.299928] (-) TimerEvent: {}
[0.345771] (velodyne_msgs) StdoutLine: {'line': b'-- Detecting CXX compiler ABI info - done\n'}
[0.345917] (velodyne_msgs) StdoutLine: {'line': b'-- Check for working CXX compiler: /usr/bin/c++ - skipped\n'}
[0.345998] (velodyne_laserscan) StdoutLine: {'line': b'-- Detecting CXX compiler ABI info - done\n'}
[0.346074] (velodyne_msgs) StdoutLine: {'line': b'-- Detecting CXX compile features\n'}
[0.346140] (velodyne_msgs) StdoutLine: {'line': b'-- Detecting CXX compile features - done\n'}
[0.349028] (velodyne_msgs) StdoutLine: {'line': b'-- Found ament_cmake: 1.3.11 (/opt/ros/humble/share/ament_cmake/cmake)\n'}
[0.353342] (velodyne_laserscan) StdoutLine: {'line': b'-- Check for working CXX compiler: /usr/bin/c++ - skipped\n'}
[0.353637] (velodyne_laserscan) StdoutLine: {'line': b'-- Detecting CXX compile features\n'}
[0.354146] (velodyne_laserscan) StdoutLine: {'line': b'-- Detecting CXX compile features - done\n'}
[0.356370] (velodyne_laserscan) StdoutLine: {'line': b'-- Found ament_cmake_ros: 0.10.0 (/opt/ros/humble/share/ament_cmake_ros/cmake)\n'}
[0.400043] (-) TimerEvent: {}
[0.406131] (realsense2_camera_msgs) StdoutLine: {'line': b'running egg_info\n'}
[0.406950] (realsense2_camera_msgs) StdoutLine: {'line': b'writing realsense2_camera_msgs.egg-info/PKG-INFO\n'}
[0.407183] (realsense2_camera_msgs) StdoutLine: {'line': b'writing dependency_links to realsense2_camera_msgs.egg-info/dependency_links.txt\n'}
[0.407331] (realsense2_camera_msgs) StdoutLine: {'line': b'writing top-level names to realsense2_camera_msgs.egg-info/top_level.txt\n'}
[0.409983] (realsense2_camera_msgs) StdoutLine: {'line': b"reading manifest file 'realsense2_camera_msgs.egg-info/SOURCES.txt'\n"}
[0.410718] (realsense2_camera_msgs) StdoutLine: {'line': b"writing manifest file 'realsense2_camera_msgs.egg-info/SOURCES.txt'\n"}
[0.440732] (realsense2_camera_msgs) StdoutLine: {'line': b'[100%] Built target ament_cmake_python_build_realsense2_camera_msgs_egg\n'}
[0.451682] (realsense2_camera_msgs) CommandEnded: {'returncode': 0}
[0.452565] (realsense2_camera_msgs) JobProgress: {'identifier': 'realsense2_camera_msgs', 'progress': 'install'}
[0.460145] (realsense2_camera_msgs) Command: {'cmd': ['/usr/bin/cmake', '--install', '/home/sparklab/sparklab/gnss-ros_ws/build/realsense2_camera_msgs'], 'cwd': '/home/sparklab/sparklab/gnss-ros_ws/build/realsense2_camera_msgs', 'env': OrderedDict([('PYTHONIOENCODING', 'utf-8'), ('HOSTNAME', '6764024e662c'), ('SHLVL', '1'), ('LD_LIBRARY_PATH', '/opt/ros/humble/opt/rviz_ogre_vendor/lib:/opt/ros/humble/lib/x86_64-linux-gnu:/opt/ros/humble/lib'), ('HOME', '/home/sparklab'), ('OLDPWD', '/home/sparklab/sparklab'), ('ROS_PYTHON_VERSION', '3'), ('ROS_DISTRO', 'humble'), ('_', '/usr/bin/colcon'), ('ROS_VERSION', '2'), ('TERM', 'xterm'), ('ROS_LOCALHOST_ONLY', '0'), ('PATH', '/opt/ros/humble/bin:/usr/local/sbin:/usr/local/bin:/usr/sbin:/usr/bin:/sbin:/bin'), ('LANG', 'en_US.UTF-8'), ('AMENT_PREFIX_PATH', '/opt/ros/humble'), ('PWD', '/home/sparklab/sparklab/gnss-ros_ws/build/realsense2_camera_msgs'), ('PYTHONPATH', '/opt/ros/humble/lib/python3.10/site-packages:/opt/ros/humble/local/lib/python3.10/dist-packages'), ('COLCON', '1'), ('CMAKE_PREFIX_PATH', '/opt/ros/humble')]), 'shell': False}
[0.468240] (realsense2_camera_msgs) StdoutLine: {'line': b'-- Install configuration: ""\n'}
[0.468882] (realsense2_camera_msgs) StdoutLine: {'line': b'-- Execute custom install script\n'}
[0.469156] (realsense2_camera_msgs) StdoutLine: {'line': b'-- Up-to-date symlink: /home/sparklab/sparklab/gnss-ros_ws/install/realsense2_camera_msgs/share/ament_index/resource_index/rosidl_interfaces/realsense2_camera_msgs\n'}
[0.469858] (realsense2_camera_msgs) StdoutLine: {'line': b'-- Up-to-date symlink: /home/sparklab/sparklab/gnss-ros_ws/install/realsense2_camera_msgs/include/realsense2_camera_msgs/realsense2_camera_msgs/msg/detail/extrinsics__functions.h\n'}
[0.470006] (realsense2_camera_msgs) StdoutLine: {'line': b'-- Up-to-date symlink: /home/sparklab/sparklab/gnss-ros_ws/install/realsense2_camera_msgs/include/realsense2_camera_msgs/realsense2_camera_msgs/msg/detail/extrinsics__struct.h\n'}
[0.470206] (realsense2_camera_msgs) StdoutLine: {'line': b'-- Up-to-date symlink: /home/sparklab/sparklab/gnss-ros_ws/install/realsense2_camera_msgs/include/realsense2_camera_msgs/realsense2_camera_msgs/msg/detail/extrinsics__type_support.h\n'}
[0.470346] (realsense2_camera_msgs) StdoutLine: {'line': b'-- Up-to-date symlink: /home/sparklab/sparklab/gnss-ros_ws/install/realsense2_camera_msgs/include/realsense2_camera_msgs/realsense2_camera_msgs/msg/detail/imu_info__functions.h\n'}
[0.470518] (realsense2_camera_msgs) StdoutLine: {'line': b'-- Up-to-date symlink: /home/sparklab/sparklab/gnss-ros_ws/install/realsense2_camera_msgs/include/realsense2_camera_msgs/realsense2_camera_msgs/msg/detail/imu_info__struct.h\n'}
[0.470657] (realsense2_camera_msgs) StdoutLine: {'line': b'-- Up-to-date symlink: /home/sparklab/sparklab/gnss-ros_ws/install/realsense2_camera_msgs/include/realsense2_camera_msgs/realsense2_camera_msgs/msg/detail/imu_info__type_support.h\n'}
[0.470826] (realsense2_camera_msgs) StdoutLine: {'line': b'-- Up-to-date symlink: /home/sparklab/sparklab/gnss-ros_ws/install/realsense2_camera_msgs/include/realsense2_camera_msgs/realsense2_camera_msgs/msg/detail/metadata__functions.h\n'}
[0.470968] (realsense2_camera_msgs) StdoutLine: {'line': b'-- Up-to-date symlink: /home/sparklab/sparklab/gnss-ros_ws/install/realsense2_camera_msgs/include/realsense2_camera_msgs/realsense2_camera_msgs/msg/detail/metadata__struct.h\n'}
[0.471076] (realsense2_camera_msgs) StdoutLine: {'line': b'-- Up-to-date symlink: /home/sparklab/sparklab/gnss-ros_ws/install/realsense2_camera_msgs/include/realsense2_camera_msgs/realsense2_camera_msgs/msg/detail/metadata__type_support.h\n'}
[0.471300] (realsense2_camera_msgs) StdoutLine: {'line': b'-- Up-to-date symlink: /home/sparklab/sparklab/gnss-ros_ws/install/realsense2_camera_msgs/include/realsense2_camera_msgs/realsense2_camera_msgs/msg/detail/rgbd__functions.h\n'}
[0.471438] (realsense2_camera_msgs) StdoutLine: {'line': b'-- Up-to-date symlink: /home/sparklab/sparklab/gnss-ros_ws/install/realsense2_camera_msgs/include/realsense2_camera_msgs/realsense2_camera_msgs/msg/detail/rgbd__struct.h\n'}
[0.471563] (realsense2_camera_msgs) StdoutLine: {'line': b'-- Up-to-date symlink: /home/sparklab/sparklab/gnss-ros_ws/install/realsense2_camera_msgs/include/realsense2_camera_msgs/realsense2_camera_msgs/msg/detail/rgbd__type_support.h\n'}
[0.471704] (realsense2_camera_msgs) StdoutLine: {'line': b'-- Up-to-date symlink: /home/sparklab/sparklab/gnss-ros_ws/install/realsense2_camera_msgs/include/realsense2_camera_msgs/realsense2_camera_msgs/msg/extrinsics.h\n'}
[0.471847] (realsense2_camera_msgs) StdoutLine: {'line': b'-- Up-to-date symlink: /home/sparklab/sparklab/gnss-ros_ws/install/realsense2_camera_msgs/include/realsense2_camera_msgs/realsense2_camera_msgs/msg/imu_info.h\n'}
[0.472014] (realsense2_camera_msgs) StdoutLine: {'line': b'-- Up-to-date symlink: /home/sparklab/sparklab/gnss-ros_ws/install/realsense2_camera_msgs/include/realsense2_camera_msgs/realsense2_camera_msgs/msg/metadata.h\n'}
[0.472155] (realsense2_camera_msgs) StdoutLine: {'line': b'-- Up-to-date symlink: /home/sparklab/sparklab/gnss-ros_ws/install/realsense2_camera_msgs/include/realsense2_camera_msgs/realsense2_camera_msgs/msg/rgbd.h\n'}
[0.472301] (realsense2_camera_msgs) StdoutLine: {'line': b'-- Up-to-date symlink: /home/sparklab/sparklab/gnss-ros_ws/install/realsense2_camera_msgs/include/realsense2_camera_msgs/realsense2_camera_msgs/msg/rosidl_generator_c__visibility_control.h\n'}
[0.472456] (realsense2_camera_msgs) StdoutLine: {'line': b'-- Up-to-date symlink: /home/sparklab/sparklab/gnss-ros_ws/install/realsense2_camera_msgs/include/realsense2_camera_msgs/realsense2_camera_msgs/srv/detail/device_info__functions.h\n'}
[0.472635] (realsense2_camera_msgs) StdoutLine: {'line': b'-- Up-to-date symlink: /home/sparklab/sparklab/gnss-ros_ws/install/realsense2_camera_msgs/include/realsense2_camera_msgs/realsense2_camera_msgs/srv/detail/device_info__struct.h\n'}
[0.472786] (realsense2_camera_msgs) StdoutLine: {'line': b'-- Up-to-date symlink: /home/sparklab/sparklab/gnss-ros_ws/install/realsense2_camera_msgs/include/realsense2_camera_msgs/realsense2_camera_msgs/srv/detail/device_info__type_support.h\n'}
[0.472931] (realsense2_camera_msgs) StdoutLine: {'line': b'-- Up-to-date symlink: /home/sparklab/sparklab/gnss-ros_ws/install/realsense2_camera_msgs/include/realsense2_camera_msgs/realsense2_camera_msgs/srv/device_info.h\n'}
[0.473164] (realsense2_camera_msgs) StdoutLine: {'line': b'-- Up-to-date symlink: /home/sparklab/sparklab/gnss-ros_ws/install/realsense2_camera_msgs/share/realsense2_camera_msgs/environment/library_path.sh\n'}
[0.473353] (realsense2_camera_msgs) StdoutLine: {'line': b'-- Up-to-date symlink: /home/sparklab/sparklab/gnss-ros_ws/install/realsense2_camera_msgs/share/realsense2_camera_msgs/environment/library_path.dsv\n'}
[0.474124] (realsense2_camera_msgs) StdoutLine: {'line': b'-- Up-to-date symlink: /home/sparklab/sparklab/gnss-ros_ws/install/realsense2_camera_msgs/include/realsense2_camera_msgs/realsense2_camera_msgs/msg/detail/extrinsics__rosidl_typesupport_fastrtps_c.h\n'}
[0.474326] (realsense2_camera_msgs) StdoutLine: {'line': b'-- Up-to-date symlink: /home/sparklab/sparklab/gnss-ros_ws/install/realsense2_camera_msgs/include/realsense2_camera_msgs/realsense2_camera_msgs/msg/detail/imu_info__rosidl_typesupport_fastrtps_c.h\n'}
[0.474475] (realsense2_camera_msgs) StdoutLine: {'line': b'-- Up-to-date symlink: /home/sparklab/sparklab/gnss-ros_ws/install/realsense2_camera_msgs/include/realsense2_camera_msgs/realsense2_camera_msgs/msg/detail/metadata__rosidl_typesupport_fastrtps_c.h\n'}
[0.474628] (realsense2_camera_msgs) StdoutLine: {'line': b'-- Up-to-date symlink: /home/sparklab/sparklab/gnss-ros_ws/install/realsense2_camera_msgs/include/realsense2_camera_msgs/realsense2_camera_msgs/msg/detail/rgbd__rosidl_typesupport_fastrtps_c.h\n'}
[0.474772] (realsense2_camera_msgs) StdoutLine: {'line': b'-- Up-to-date symlink: /home/sparklab/sparklab/gnss-ros_ws/install/realsense2_camera_msgs/include/realsense2_camera_msgs/realsense2_camera_msgs/msg/rosidl_typesupport_fastrtps_c__visibility_control.h\n'}
[0.474924] (realsense2_camera_msgs) StdoutLine: {'line': b'-- Up-to-date symlink: /home/sparklab/sparklab/gnss-ros_ws/install/realsense2_camera_msgs/include/realsense2_camera_msgs/realsense2_camera_msgs/srv/detail/device_info__rosidl_typesupport_fastrtps_c.h\n'}
[0.475485] (realsense2_camera_msgs) StdoutLine: {'line': b'-- Up-to-date symlink: /home/sparklab/sparklab/gnss-ros_ws/install/realsense2_camera_msgs/include/realsense2_camera_msgs/realsense2_camera_msgs/msg/detail/extrinsics__rosidl_typesupport_introspection_c.h\n'}
[0.475641] (realsense2_camera_msgs) StdoutLine: {'line': b'-- Up-to-date symlink: /home/sparklab/sparklab/gnss-ros_ws/install/realsense2_camera_msgs/include/realsense2_camera_msgs/realsense2_camera_msgs/msg/detail/imu_info__rosidl_typesupport_introspection_c.h\n'}
[0.475768] (realsense2_camera_msgs) StdoutLine: {'line': b'-- Up-to-date symlink: /home/sparklab/sparklab/gnss-ros_ws/install/realsense2_camera_msgs/include/realsense2_camera_msgs/realsense2_camera_msgs/msg/detail/metadata__rosidl_typesupport_introspection_c.h\n'}
[0.475914] (realsense2_camera_msgs) StdoutLine: {'line': b'-- Up-to-date symlink: /home/sparklab/sparklab/gnss-ros_ws/install/realsense2_camera_msgs/include/realsense2_camera_msgs/realsense2_camera_msgs/msg/detail/rgbd__rosidl_typesupport_introspection_c.h\n'}
[0.476046] (realsense2_camera_msgs) StdoutLine: {'line': b'-- Up-to-date symlink: /home/sparklab/sparklab/gnss-ros_ws/install/realsense2_camera_msgs/include/realsense2_camera_msgs/realsense2_camera_msgs/msg/rosidl_typesupport_introspection_c__visibility_control.h\n'}
[0.476198] (realsense2_camera_msgs) StdoutLine: {'line': b'-- Up-to-date symlink: /home/sparklab/sparklab/gnss-ros_ws/install/realsense2_camera_msgs/include/realsense2_camera_msgs/realsense2_camera_msgs/srv/detail/device_info__rosidl_typesupport_introspection_c.h\n'}
[0.476901] (realsense2_camera_msgs) StdoutLine: {'line': b'-- Up-to-date symlink: /home/sparklab/sparklab/gnss-ros_ws/install/realsense2_camera_msgs/include/realsense2_camera_msgs/realsense2_camera_msgs/msg/detail/extrinsics__builder.hpp\n'}
[0.477107] (realsense2_camera_msgs) StdoutLine: {'line': b'-- Up-to-date symlink: /home/sparklab/sparklab/gnss-ros_ws/install/realsense2_camera_msgs/include/realsense2_camera_msgs/realsense2_camera_msgs/msg/detail/extrinsics__struct.hpp\n'}
[0.477261] (realsense2_camera_msgs) StdoutLine: {'line': b'-- Up-to-date symlink: /home/sparklab/sparklab/gnss-ros_ws/install/realsense2_camera_msgs/include/realsense2_camera_msgs/realsense2_camera_msgs/msg/detail/extrinsics__traits.hpp\n'}
[0.477370] (realsense2_camera_msgs) StdoutLine: {'line': b'-- Up-to-date symlink: /home/sparklab/sparklab/gnss-ros_ws/install/realsense2_camera_msgs/include/realsense2_camera_msgs/realsense2_camera_msgs/msg/detail/extrinsics__type_support.hpp\n'}
[0.477548] (realsense2_camera_msgs) StdoutLine: {'line': b'-- Up-to-date symlink: /home/sparklab/sparklab/gnss-ros_ws/install/realsense2_camera_msgs/include/realsense2_camera_msgs/realsense2_camera_msgs/msg/detail/imu_info__builder.hpp\n'}
[0.477667] (realsense2_camera_msgs) StdoutLine: {'line': b'-- Up-to-date symlink: /home/sparklab/sparklab/gnss-ros_ws/install/realsense2_camera_msgs/include/realsense2_camera_msgs/realsense2_camera_msgs/msg/detail/imu_info__struct.hpp\n'}
[0.477903] (realsense2_camera_msgs) StdoutLine: {'line': b'-- Up-to-date symlink: /home/sparklab/sparklab/gnss-ros_ws/install/realsense2_camera_msgs/include/realsense2_camera_msgs/realsense2_camera_msgs/msg/detail/imu_info__traits.hpp\n'}
[0.478029] (realsense2_camera_msgs) StdoutLine: {'line': b'-- Up-to-date symlink: /home/sparklab/sparklab/gnss-ros_ws/install/realsense2_camera_msgs/include/realsense2_camera_msgs/realsense2_camera_msgs/msg/detail/imu_info__type_support.hpp\n'}
[0.478166] (realsense2_camera_msgs) StdoutLine: {'line': b'-- Up-to-date symlink: /home/sparklab/sparklab/gnss-ros_ws/install/realsense2_camera_msgs/include/realsense2_camera_msgs/realsense2_camera_msgs/msg/detail/metadata__builder.hpp\n'}
[0.478315] (realsense2_camera_msgs) StdoutLine: {'line': b'-- Up-to-date symlink: /home/sparklab/sparklab/gnss-ros_ws/install/realsense2_camera_msgs/include/realsense2_camera_msgs/realsense2_camera_msgs/msg/detail/metadata__struct.hpp\n'}
[0.478463] (realsense2_camera_msgs) StdoutLine: {'line': b'-- Up-to-date symlink: /home/sparklab/sparklab/gnss-ros_ws/install/realsense2_camera_msgs/include/realsense2_camera_msgs/realsense2_camera_msgs/msg/detail/metadata__traits.hpp\n'}
[0.478612] (realsense2_camera_msgs) StdoutLine: {'line': b'-- Up-to-date symlink: /home/sparklab/sparklab/gnss-ros_ws/install/realsense2_camera_msgs/include/realsense2_camera_msgs/realsense2_camera_msgs/msg/detail/metadata__type_support.hpp\n'}
[0.478764] (realsense2_camera_msgs) StdoutLine: {'line': b'-- Up-to-date symlink: /home/sparklab/sparklab/gnss-ros_ws/install/realsense2_camera_msgs/include/realsense2_camera_msgs/realsense2_camera_msgs/msg/detail/rgbd__builder.hpp\n'}
[0.478913] (realsense2_camera_msgs) StdoutLine: {'line': b'-- Up-to-date symlink: /home/sparklab/sparklab/gnss-ros_ws/install/realsense2_camera_msgs/include/realsense2_camera_msgs/realsense2_camera_msgs/msg/detail/rgbd__struct.hpp\n'}
[0.479062] (realsense2_camera_msgs) StdoutLine: {'line': b'-- Up-to-date symlink: /home/sparklab/sparklab/gnss-ros_ws/install/realsense2_camera_msgs/include/realsense2_camera_msgs/realsense2_camera_msgs/msg/detail/rgbd__traits.hpp\n'}
[0.479239] (realsense2_camera_msgs) StdoutLine: {'line': b'-- Up-to-date symlink: /home/sparklab/sparklab/gnss-ros_ws/install/realsense2_camera_msgs/include/realsense2_camera_msgs/realsense2_camera_msgs/msg/detail/rgbd__type_support.hpp\n'}
[0.479390] (realsense2_camera_msgs) StdoutLine: {'line': b'-- Up-to-date symlink: /home/sparklab/sparklab/gnss-ros_ws/install/realsense2_camera_msgs/include/realsense2_camera_msgs/realsense2_camera_msgs/msg/extrinsics.hpp\n'}
[0.479534] (realsense2_camera_msgs) StdoutLine: {'line': b'-- Up-to-date symlink: /home/sparklab/sparklab/gnss-ros_ws/install/realsense2_camera_msgs/include/realsense2_camera_msgs/realsense2_camera_msgs/msg/imu_info.hpp\n'}
[0.479675] (realsense2_camera_msgs) StdoutLine: {'line': b'-- Up-to-date symlink: /home/sparklab/sparklab/gnss-ros_ws/install/realsense2_camera_msgs/include/realsense2_camera_msgs/realsense2_camera_msgs/msg/metadata.hpp\n'}
[0.479819] (realsense2_camera_msgs) StdoutLine: {'line': b'-- Up-to-date symlink: /home/sparklab/sparklab/gnss-ros_ws/install/realsense2_camera_msgs/include/realsense2_camera_msgs/realsense2_camera_msgs/msg/rgbd.hpp\n'}
[0.479966] (realsense2_camera_msgs) StdoutLine: {'line': b'-- Up-to-date symlink: /home/sparklab/sparklab/gnss-ros_ws/install/realsense2_camera_msgs/include/realsense2_camera_msgs/realsense2_camera_msgs/msg/rosidl_generator_cpp__visibility_control.hpp\n'}
[0.480120] (realsense2_camera_msgs) StdoutLine: {'line': b'-- Up-to-date symlink: /home/sparklab/sparklab/gnss-ros_ws/install/realsense2_camera_msgs/include/realsense2_camera_msgs/realsense2_camera_msgs/srv/detail/device_info__builder.hpp\n'}
[0.480272] (realsense2_camera_msgs) StdoutLine: {'line': b'-- Up-to-date symlink: /home/sparklab/sparklab/gnss-ros_ws/install/realsense2_camera_msgs/include/realsense2_camera_msgs/realsense2_camera_msgs/srv/detail/device_info__struct.hpp\n'}
[0.480449] (realsense2_camera_msgs) StdoutLine: {'line': b'-- Up-to-date symlink: /home/sparklab/sparklab/gnss-ros_ws/install/realsense2_camera_msgs/include/realsense2_camera_msgs/realsense2_camera_msgs/srv/detail/device_info__traits.hpp\n'}
[0.480602] (realsense2_camera_msgs) StdoutLine: {'line': b'-- Up-to-date symlink: /home/sparklab/sparklab/gnss-ros_ws/install/realsense2_camera_msgs/include/realsense2_camera_msgs/realsense2_camera_msgs/srv/detail/device_info__type_support.hpp\n'}
[0.480747] (realsense2_camera_msgs) StdoutLine: {'line': b'-- Up-to-date symlink: /home/sparklab/sparklab/gnss-ros_ws/install/realsense2_camera_msgs/include/realsense2_camera_msgs/realsense2_camera_msgs/srv/device_info.hpp\n'}
[0.481521] (realsense2_camera_msgs) StdoutLine: {'line': b'-- Up-to-date symlink: /home/sparklab/sparklab/gnss-ros_ws/install/realsense2_camera_msgs/include/realsense2_camera_msgs/realsense2_camera_msgs/msg/detail/extrinsics__rosidl_typesupport_fastrtps_cpp.hpp\n'}
[0.481678] (realsense2_camera_msgs) StdoutLine: {'line': b'-- Up-to-date symlink: /home/sparklab/sparklab/gnss-ros_ws/install/realsense2_camera_msgs/include/realsense2_camera_msgs/realsense2_camera_msgs/msg/detail/imu_info__rosidl_typesupport_fastrtps_cpp.hpp\n'}
[0.481971] (realsense2_camera_msgs) StdoutLine: {'line': b'-- Up-to-date symlink: /home/sparklab/sparklab/gnss-ros_ws/install/realsense2_camera_msgs/include/realsense2_camera_msgs/realsense2_camera_msgs/msg/detail/metadata__rosidl_typesupport_fastrtps_cpp.hpp\n'}
[0.482127] (realsense2_camera_msgs) StdoutLine: {'line': b'-- Up-to-date symlink: /home/sparklab/sparklab/gnss-ros_ws/install/realsense2_camera_msgs/include/realsense2_camera_msgs/realsense2_camera_msgs/msg/detail/rgbd__rosidl_typesupport_fastrtps_cpp.hpp\n'}
[0.482284] (realsense2_camera_msgs) StdoutLine: {'line': b'-- Up-to-date symlink: /home/sparklab/sparklab/gnss-ros_ws/install/realsense2_camera_msgs/include/realsense2_camera_msgs/realsense2_camera_msgs/msg/rosidl_typesupport_fastrtps_cpp__visibility_control.h\n'}
[0.482438] (realsense2_camera_msgs) StdoutLine: {'line': b'-- Up-to-date symlink: /home/sparklab/sparklab/gnss-ros_ws/install/realsense2_camera_msgs/include/realsense2_camera_msgs/realsense2_camera_msgs/srv/detail/device_info__rosidl_typesupport_fastrtps_cpp.hpp\n'}
[0.482916] (realsense2_camera_msgs) StdoutLine: {'line': b'-- Up-to-date symlink: /home/sparklab/sparklab/gnss-ros_ws/install/realsense2_camera_msgs/include/realsense2_camera_msgs/realsense2_camera_msgs/msg/detail/extrinsics__rosidl_typesupport_introspection_cpp.hpp\n'}
[0.483109] (realsense2_camera_msgs) StdoutLine: {'line': b'-- Up-to-date symlink: /home/sparklab/sparklab/gnss-ros_ws/install/realsense2_camera_msgs/include/realsense2_camera_msgs/realsense2_camera_msgs/msg/detail/imu_info__rosidl_typesupport_introspection_cpp.hpp\n'}
[0.483243] (realsense2_camera_msgs) StdoutLine: {'line': b'-- Up-to-date symlink: /home/sparklab/sparklab/gnss-ros_ws/install/realsense2_camera_msgs/include/realsense2_camera_msgs/realsense2_camera_msgs/msg/detail/metadata__rosidl_typesupport_introspection_cpp.hpp\n'}
[0.483397] (realsense2_camera_msgs) StdoutLine: {'line': b'-- Up-to-date symlink: /home/sparklab/sparklab/gnss-ros_ws/install/realsense2_camera_msgs/include/realsense2_camera_msgs/realsense2_camera_msgs/msg/detail/rgbd__rosidl_typesupport_introspection_cpp.hpp\n'}
[0.483548] (realsense2_camera_msgs) StdoutLine: {'line': b'-- Up-to-date symlink: /home/sparklab/sparklab/gnss-ros_ws/install/realsense2_camera_msgs/include/realsense2_camera_msgs/realsense2_camera_msgs/srv/detail/device_info__rosidl_typesupport_introspection_cpp.hpp\n'}
[0.483747] (realsense2_camera_msgs) StdoutLine: {'line': b'-- Up-to-date symlink: /home/sparklab/sparklab/gnss-ros_ws/install/realsense2_camera_msgs/share/realsense2_camera_msgs/environment/pythonpath.sh\n'}
[0.483931] (realsense2_camera_msgs) StdoutLine: {'line': b'-- Up-to-date symlink: /home/sparklab/sparklab/gnss-ros_ws/install/realsense2_camera_msgs/share/realsense2_camera_msgs/environment/pythonpath.dsv\n'}
[0.484315] (realsense2_camera_msgs) StdoutLine: {'line': b'-- Up-to-date symlink: /home/sparklab/sparklab/gnss-ros_ws/install/realsense2_camera_msgs/local/lib/python3.10/dist-packages/realsense2_camera_msgs-4.55.1-py3.10.egg-info/PKG-INFO\n'}
[0.484478] (realsense2_camera_msgs) StdoutLine: {'line': b'-- Up-to-date symlink: /home/sparklab/sparklab/gnss-ros_ws/install/realsense2_camera_msgs/local/lib/python3.10/dist-packages/realsense2_camera_msgs-4.55.1-py3.10.egg-info/SOURCES.txt\n'}
[0.484632] (realsense2_camera_msgs) StdoutLine: {'line': b'-- Up-to-date symlink: /home/sparklab/sparklab/gnss-ros_ws/install/realsense2_camera_msgs/local/lib/python3.10/dist-packages/realsense2_camera_msgs-4.55.1-py3.10.egg-info/dependency_links.txt\n'}
[0.484793] (realsense2_camera_msgs) StdoutLine: {'line': b'-- Up-to-date symlink: /home/sparklab/sparklab/gnss-ros_ws/install/realsense2_camera_msgs/local/lib/python3.10/dist-packages/realsense2_camera_msgs-4.55.1-py3.10.egg-info/top_level.txt\n'}
[0.485675] (realsense2_camera_msgs) StdoutLine: {'line': b'-- Up-to-date symlink: /home/sparklab/sparklab/gnss-ros_ws/install/realsense2_camera_msgs/local/lib/python3.10/dist-packages/realsense2_camera_msgs/__init__.py\n'}
[0.485862] (realsense2_camera_msgs) StdoutLine: {'line': b'-- Up-to-date symlink: /home/sparklab/sparklab/gnss-ros_ws/install/realsense2_camera_msgs/local/lib/python3.10/dist-packages/realsense2_camera_msgs/_realsense2_camera_msgs_s.ep.rosidl_typesupport_c.c\n'}
[0.486009] (realsense2_camera_msgs) StdoutLine: {'line': b'-- Up-to-date symlink: /home/sparklab/sparklab/gnss-ros_ws/install/realsense2_camera_msgs/local/lib/python3.10/dist-packages/realsense2_camera_msgs/_realsense2_camera_msgs_s.ep.rosidl_typesupport_fastrtps_c.c\n'}
[0.486152] (realsense2_camera_msgs) StdoutLine: {'line': b'-- Up-to-date symlink: /home/sparklab/sparklab/gnss-ros_ws/install/realsense2_camera_msgs/local/lib/python3.10/dist-packages/realsense2_camera_msgs/_realsense2_camera_msgs_s.ep.rosidl_typesupport_introspection_c.c\n'}
[0.486292] (realsense2_camera_msgs) StdoutLine: {'line': b'-- Up-to-date symlink: /home/sparklab/sparklab/gnss-ros_ws/install/realsense2_camera_msgs/local/lib/python3.10/dist-packages/realsense2_camera_msgs/librealsense2_camera_msgs__rosidl_generator_py.so\n'}
[0.486446] (realsense2_camera_msgs) StdoutLine: {'line': b'-- Up-to-date symlink: /home/sparklab/sparklab/gnss-ros_ws/install/realsense2_camera_msgs/local/lib/python3.10/dist-packages/realsense2_camera_msgs/msg/__init__.py\n'}
[0.486596] (realsense2_camera_msgs) StdoutLine: {'line': b'-- Up-to-date symlink: /home/sparklab/sparklab/gnss-ros_ws/install/realsense2_camera_msgs/local/lib/python3.10/dist-packages/realsense2_camera_msgs/msg/_extrinsics.py\n'}
[0.486753] (realsense2_camera_msgs) StdoutLine: {'line': b'-- Up-to-date symlink: /home/sparklab/sparklab/gnss-ros_ws/install/realsense2_camera_msgs/local/lib/python3.10/dist-packages/realsense2_camera_msgs/msg/_extrinsics_s.c\n'}
[0.486897] (realsense2_camera_msgs) StdoutLine: {'line': b'-- Up-to-date symlink: /home/sparklab/sparklab/gnss-ros_ws/install/realsense2_camera_msgs/local/lib/python3.10/dist-packages/realsense2_camera_msgs/msg/_imu_info.py\n'}
[0.487048] (realsense2_camera_msgs) StdoutLine: {'line': b'-- Up-to-date symlink: /home/sparklab/sparklab/gnss-ros_ws/install/realsense2_camera_msgs/local/lib/python3.10/dist-packages/realsense2_camera_msgs/msg/_imu_info_s.c\n'}
[0.487223] (realsense2_camera_msgs) StdoutLine: {'line': b'-- Up-to-date symlink: /home/sparklab/sparklab/gnss-ros_ws/install/realsense2_camera_msgs/local/lib/python3.10/dist-packages/realsense2_camera_msgs/msg/_metadata.py\n'}
[0.487371] (realsense2_camera_msgs) StdoutLine: {'line': b'-- Up-to-date symlink: /home/sparklab/sparklab/gnss-ros_ws/install/realsense2_camera_msgs/local/lib/python3.10/dist-packages/realsense2_camera_msgs/msg/_metadata_s.c\n'}
[0.487518] (realsense2_camera_msgs) StdoutLine: {'line': b'-- Up-to-date symlink: /home/sparklab/sparklab/gnss-ros_ws/install/realsense2_camera_msgs/local/lib/python3.10/dist-packages/realsense2_camera_msgs/msg/_rgbd.py\n'}
[0.487665] (realsense2_camera_msgs) StdoutLine: {'line': b'-- Up-to-date symlink: /home/sparklab/sparklab/gnss-ros_ws/install/realsense2_camera_msgs/local/lib/python3.10/dist-packages/realsense2_camera_msgs/msg/_rgbd_s.c\n'}
[0.487809] (realsense2_camera_msgs) StdoutLine: {'line': b'-- Up-to-date symlink: /home/sparklab/sparklab/gnss-ros_ws/install/realsense2_camera_msgs/local/lib/python3.10/dist-packages/realsense2_camera_msgs/realsense2_camera_msgs_s__rosidl_typesupport_c.cpython-310-x86_64-linux-gnu.so\n'}
[0.487952] (realsense2_camera_msgs) StdoutLine: {'line': b'-- Up-to-date symlink: /home/sparklab/sparklab/gnss-ros_ws/install/realsense2_camera_msgs/local/lib/python3.10/dist-packages/realsense2_camera_msgs/realsense2_camera_msgs_s__rosidl_typesupport_fastrtps_c.cpython-310-x86_64-linux-gnu.so\n'}
[0.488097] (realsense2_camera_msgs) StdoutLine: {'line': b'-- Up-to-date symlink: /home/sparklab/sparklab/gnss-ros_ws/install/realsense2_camera_msgs/local/lib/python3.10/dist-packages/realsense2_camera_msgs/realsense2_camera_msgs_s__rosidl_typesupport_introspection_c.cpython-310-x86_64-linux-gnu.so\n'}
[0.488242] (realsense2_camera_msgs) StdoutLine: {'line': b'-- Up-to-date symlink: /home/sparklab/sparklab/gnss-ros_ws/install/realsense2_camera_msgs/local/lib/python3.10/dist-packages/realsense2_camera_msgs/srv/__init__.py\n'}
[0.488416] (realsense2_camera_msgs) StdoutLine: {'line': b'-- Up-to-date symlink: /home/sparklab/sparklab/gnss-ros_ws/install/realsense2_camera_msgs/local/lib/python3.10/dist-packages/realsense2_camera_msgs/srv/_device_info.py\n'}
[0.488568] (realsense2_camera_msgs) StdoutLine: {'line': b'-- Up-to-date symlink: /home/sparklab/sparklab/gnss-ros_ws/install/realsense2_camera_msgs/local/lib/python3.10/dist-packages/realsense2_camera_msgs/srv/_device_info_s.c\n'}
[0.488894] (realsense2_camera_msgs) StdoutLine: {'line': b'-- Up-to-date symlink: /home/sparklab/sparklab/gnss-ros_ws/install/realsense2_camera_msgs/local/lib/python3.10/dist-packages/realsense2_camera_msgs/realsense2_camera_msgs_s__rosidl_typesupport_fastrtps_c.cpython-310-x86_64-linux-gnu.so\n'}
[0.489202] (realsense2_camera_msgs) StdoutLine: {'line': b'-- Up-to-date symlink: /home/sparklab/sparklab/gnss-ros_ws/install/realsense2_camera_msgs/local/lib/python3.10/dist-packages/realsense2_camera_msgs/realsense2_camera_msgs_s__rosidl_typesupport_introspection_c.cpython-310-x86_64-linux-gnu.so\n'}
[0.489510] (realsense2_camera_msgs) StdoutLine: {'line': b'-- Up-to-date symlink: /home/sparklab/sparklab/gnss-ros_ws/install/realsense2_camera_msgs/local/lib/python3.10/dist-packages/realsense2_camera_msgs/realsense2_camera_msgs_s__rosidl_typesupport_c.cpython-310-x86_64-linux-gnu.so\n'}
[0.489773] (realsense2_camera_msgs) StdoutLine: {'line': b'-- Up-to-date symlink: /home/sparklab/sparklab/gnss-ros_ws/install/realsense2_camera_msgs/share/realsense2_camera_msgs/msg/IMUInfo.idl\n'}
[0.490080] (realsense2_camera_msgs) StdoutLine: {'line': b'-- Up-to-date symlink: /home/sparklab/sparklab/gnss-ros_ws/install/realsense2_camera_msgs/share/realsense2_camera_msgs/msg/Extrinsics.idl\n'}
[0.490215] (realsense2_camera_msgs) StdoutLine: {'line': b'-- Up-to-date symlink: /home/sparklab/sparklab/gnss-ros_ws/install/realsense2_camera_msgs/share/realsense2_camera_msgs/msg/Metadata.idl\n'}
[0.490437] (realsense2_camera_msgs) StdoutLine: {'line': b'-- Up-to-date symlink: /home/sparklab/sparklab/gnss-ros_ws/install/realsense2_camera_msgs/share/realsense2_camera_msgs/msg/RGBD.idl\n'}
[0.490621] (realsense2_camera_msgs) StdoutLine: {'line': b'-- Up-to-date symlink: /home/sparklab/sparklab/gnss-ros_ws/install/realsense2_camera_msgs/share/realsense2_camera_msgs/srv/DeviceInfo.idl\n'}
[0.490801] (realsense2_camera_msgs) StdoutLine: {'line': b'-- Up-to-date symlink: /home/sparklab/sparklab/gnss-ros_ws/install/realsense2_camera_msgs/share/realsense2_camera_msgs/msg/IMUInfo.msg\n'}
[0.490961] (realsense2_camera_msgs) StdoutLine: {'line': b'-- Up-to-date symlink: /home/sparklab/sparklab/gnss-ros_ws/install/realsense2_camera_msgs/share/realsense2_camera_msgs/msg/Extrinsics.msg\n'}
[0.491171] (realsense2_camera_msgs) StdoutLine: {'line': b'-- Up-to-date symlink: /home/sparklab/sparklab/gnss-ros_ws/install/realsense2_camera_msgs/share/realsense2_camera_msgs/msg/Metadata.msg\n'}
[0.491353] (realsense2_camera_msgs) StdoutLine: {'line': b'-- Up-to-date symlink: /home/sparklab/sparklab/gnss-ros_ws/install/realsense2_camera_msgs/share/realsense2_camera_msgs/msg/RGBD.msg\n'}
[0.491536] (realsense2_camera_msgs) StdoutLine: {'line': b'-- Up-to-date symlink: /home/sparklab/sparklab/gnss-ros_ws/install/realsense2_camera_msgs/share/realsense2_camera_msgs/srv/DeviceInfo.srv\n'}
[0.491724] (realsense2_camera_msgs) StdoutLine: {'line': b'-- Up-to-date symlink: /home/sparklab/sparklab/gnss-ros_ws/install/realsense2_camera_msgs/share/realsense2_camera_msgs/srv/DeviceInfo_Request.msg\n'}
[0.491910] (realsense2_camera_msgs) StdoutLine: {'line': b'-- Up-to-date symlink: /home/sparklab/sparklab/gnss-ros_ws/install/realsense2_camera_msgs/share/realsense2_camera_msgs/srv/DeviceInfo_Response.msg\n'}
[0.492117] (realsense2_camera_msgs) StdoutLine: {'line': b'-- Up-to-date symlink: /home/sparklab/sparklab/gnss-ros_ws/install/realsense2_camera_msgs/share/ament_index/resource_index/package_run_dependencies/realsense2_camera_msgs\n'}
[0.492325] (realsense2_camera_msgs) StdoutLine: {'line': b'-- Up-to-date symlink: /home/sparklab/sparklab/gnss-ros_ws/install/realsense2_camera_msgs/share/ament_index/resource_index/parent_prefix_path/realsense2_camera_msgs\n'}
[0.492549] (realsense2_camera_msgs) StdoutLine: {'line': b'-- Up-to-date symlink: /home/sparklab/sparklab/gnss-ros_ws/install/realsense2_camera_msgs/share/realsense2_camera_msgs/environment/ament_prefix_path.sh\n'}
[0.492732] (realsense2_camera_msgs) StdoutLine: {'line': b'-- Up-to-date symlink: /home/sparklab/sparklab/gnss-ros_ws/install/realsense2_camera_msgs/share/realsense2_camera_msgs/environment/ament_prefix_path.dsv\n'}
[0.492926] (realsense2_camera_msgs) StdoutLine: {'line': b'-- Up-to-date symlink: /home/sparklab/sparklab/gnss-ros_ws/install/realsense2_camera_msgs/share/realsense2_camera_msgs/environment/path.sh\n'}
[0.493106] (realsense2_camera_msgs) StdoutLine: {'line': b'-- Up-to-date symlink: /home/sparklab/sparklab/gnss-ros_ws/install/realsense2_camera_msgs/share/realsense2_camera_msgs/environment/path.dsv\n'}
[0.493297] (realsense2_camera_msgs) StdoutLine: {'line': b'-- Up-to-date symlink: /home/sparklab/sparklab/gnss-ros_ws/install/realsense2_camera_msgs/share/realsense2_camera_msgs/local_setup.bash\n'}
[0.493474] (realsense2_camera_msgs) StdoutLine: {'line': b'-- Up-to-date symlink: /home/sparklab/sparklab/gnss-ros_ws/install/realsense2_camera_msgs/share/realsense2_camera_msgs/local_setup.sh\n'}
[0.493648] (realsense2_camera_msgs) StdoutLine: {'line': b'-- Up-to-date symlink: /home/sparklab/sparklab/gnss-ros_ws/install/realsense2_camera_msgs/share/realsense2_camera_msgs/local_setup.zsh\n'}
[0.493881] (realsense2_camera_msgs) StdoutLine: {'line': b'-- Up-to-date symlink: /home/sparklab/sparklab/gnss-ros_ws/install/realsense2_camera_msgs/share/realsense2_camera_msgs/local_setup.dsv\n'}
[0.493976] (realsense2_camera_msgs) StdoutLine: {'line': b'-- Symlinking: /home/sparklab/sparklab/gnss-ros_ws/install/realsense2_camera_msgs/share/realsense2_camera_msgs/package.dsv\n'}
[0.500162] (-) TimerEvent: {}
[0.502486] (velodyne_msgs) StdoutLine: {'line': b'-- Found Python3: /usr/bin/python3 (found version "3.10.12") found components: Interpreter \n'}
[0.505854] (realsense2_camera_msgs) StdoutLine: {'line': b'-- Up-to-date symlink: /home/sparklab/sparklab/gnss-ros_ws/install/realsense2_camera_msgs/share/ament_index/resource_index/packages/realsense2_camera_msgs\n'}
[0.506062] (realsense2_camera_msgs) StdoutLine: {'line': b'-- Up-to-date symlink: /home/sparklab/sparklab/gnss-ros_ws/install/realsense2_camera_msgs/share/realsense2_camera_msgs/cmake/rosidl_cmake-extras.cmake\n'}
[0.506177] (realsense2_camera_msgs) StdoutLine: {'line': b'-- Up-to-date symlink: /home/sparklab/sparklab/gnss-ros_ws/install/realsense2_camera_msgs/share/realsense2_camera_msgs/cmake/ament_cmake_export_dependencies-extras.cmake\n'}
[0.506413] (realsense2_camera_msgs) StdoutLine: {'line': b'-- Up-to-date symlink: /home/sparklab/sparklab/gnss-ros_ws/install/realsense2_camera_msgs/share/realsense2_camera_msgs/cmake/ament_cmake_export_include_directories-extras.cmake\n'}
[0.506609] (realsense2_camera_msgs) StdoutLine: {'line': b'-- Up-to-date symlink: /home/sparklab/sparklab/gnss-ros_ws/install/realsense2_camera_msgs/share/realsense2_camera_msgs/cmake/ament_cmake_export_libraries-extras.cmake\n'}
[0.506743] (realsense2_camera_msgs) StdoutLine: {'line': b'-- Up-to-date symlink: /home/sparklab/sparklab/gnss-ros_ws/install/realsense2_camera_msgs/share/realsense2_camera_msgs/cmake/ament_cmake_export_targets-extras.cmake\n'}
[0.506997] (realsense2_camera_msgs) StdoutLine: {'line': b'-- Up-to-date symlink: /home/sparklab/sparklab/gnss-ros_ws/install/realsense2_camera_msgs/share/realsense2_camera_msgs/cmake/rosidl_cmake_export_typesupport_targets-extras.cmake\n'}
[0.507150] (realsense2_camera_msgs) StdoutLine: {'line': b'-- Up-to-date symlink: /home/sparklab/sparklab/gnss-ros_ws/install/realsense2_camera_msgs/share/realsense2_camera_msgs/cmake/rosidl_cmake_export_typesupport_libraries-extras.cmake\n'}
[0.507346] (realsense2_camera_msgs) StdoutLine: {'line': b'-- Up-to-date symlink: /home/sparklab/sparklab/gnss-ros_ws/install/realsense2_camera_msgs/share/realsense2_camera_msgs/cmake/realsense2_camera_msgsConfig.cmake\n'}
[0.507487] (realsense2_camera_msgs) StdoutLine: {'line': b'-- Up-to-date symlink: /home/sparklab/sparklab/gnss-ros_ws/install/realsense2_camera_msgs/share/realsense2_camera_msgs/cmake/realsense2_camera_msgsConfig-version.cmake\n'}
[0.507630] (realsense2_camera_msgs) StdoutLine: {'line': b'-- Up-to-date symlink: /home/sparklab/sparklab/gnss-ros_ws/install/realsense2_camera_msgs/share/realsense2_camera_msgs/package.xml\n'}
[0.507918] (realsense2_camera_msgs) StdoutLine: {'line': b'-- Up-to-date: /home/sparklab/sparklab/gnss-ros_ws/install/realsense2_camera_msgs/lib/librealsense2_camera_msgs__rosidl_generator_c.so\n'}
[0.508320] (realsense2_camera_msgs) StdoutLine: {'line': b'-- Up-to-date: /home/sparklab/sparklab/gnss-ros_ws/install/realsense2_camera_msgs/lib/librealsense2_camera_msgs__rosidl_typesupport_fastrtps_c.so\n'}
[0.508688] (realsense2_camera_msgs) StdoutLine: {'line': b'-- Up-to-date: /home/sparklab/sparklab/gnss-ros_ws/install/realsense2_camera_msgs/lib/librealsense2_camera_msgs__rosidl_typesupport_introspection_c.so\n'}
[0.509076] (realsense2_camera_msgs) StdoutLine: {'line': b'-- Up-to-date: /home/sparklab/sparklab/gnss-ros_ws/install/realsense2_camera_msgs/lib/librealsense2_camera_msgs__rosidl_typesupport_c.so\n'}
[0.509421] (realsense2_camera_msgs) StdoutLine: {'line': b'-- Up-to-date: /home/sparklab/sparklab/gnss-ros_ws/install/realsense2_camera_msgs/lib/librealsense2_camera_msgs__rosidl_typesupport_fastrtps_cpp.so\n'}
[0.509769] (realsense2_camera_msgs) StdoutLine: {'line': b'-- Up-to-date: /home/sparklab/sparklab/gnss-ros_ws/install/realsense2_camera_msgs/lib/librealsense2_camera_msgs__rosidl_typesupport_introspection_cpp.so\n'}
[0.510168] (realsense2_camera_msgs) StdoutLine: {'line': b'-- Up-to-date: /home/sparklab/sparklab/gnss-ros_ws/install/realsense2_camera_msgs/lib/librealsense2_camera_msgs__rosidl_typesupport_cpp.so\n'}
[0.516789] (velodyne_laserscan) StdoutLine: {'line': b'-- Found Python3: /usr/bin/python3 (found version "3.10.12") found components: Interpreter \n'}
[0.543619] (realsense2_camera_msgs) StdoutLine: {'line': b"Listing '/home/sparklab/sparklab/gnss-ros_ws/install/realsense2_camera_msgs/local/lib/python3.10/dist-packages/realsense2_camera_msgs'...\n"}
[0.543834] (realsense2_camera_msgs) StdoutLine: {'line': b"Listing '/home/sparklab/sparklab/gnss-ros_ws/install/realsense2_camera_msgs/local/lib/python3.10/dist-packages/realsense2_camera_msgs/msg'...\n"}
[0.543974] (realsense2_camera_msgs) StdoutLine: {'line': b"Listing '/home/sparklab/sparklab/gnss-ros_ws/install/realsense2_camera_msgs/local/lib/python3.10/dist-packages/realsense2_camera_msgs/srv'...\n"}
[0.548803] (realsense2_camera_msgs) StdoutLine: {'line': b'-- Up-to-date: /home/sparklab/sparklab/gnss-ros_ws/install/realsense2_camera_msgs/lib/librealsense2_camera_msgs__rosidl_generator_py.so\n'}
[0.549088] (realsense2_camera_msgs) StdoutLine: {'line': b'-- Up-to-date: /home/sparklab/sparklab/gnss-ros_ws/install/realsense2_camera_msgs/share/realsense2_camera_msgs/cmake/export_realsense2_camera_msgs__rosidl_generator_cExport.cmake\n'}
[0.549251] (realsense2_camera_msgs) StdoutLine: {'line': b'-- Up-to-date: /home/sparklab/sparklab/gnss-ros_ws/install/realsense2_camera_msgs/share/realsense2_camera_msgs/cmake/export_realsense2_camera_msgs__rosidl_generator_cExport-noconfig.cmake\n'}
[0.549334] (realsense2_camera_msgs) StdoutLine: {'line': b'-- Up-to-date: /home/sparklab/sparklab/gnss-ros_ws/install/realsense2_camera_msgs/share/realsense2_camera_msgs/cmake/export_realsense2_camera_msgs__rosidl_typesupport_fastrtps_cExport.cmake\n'}
[0.549472] (realsense2_camera_msgs) StdoutLine: {'line': b'-- Up-to-date: /home/sparklab/sparklab/gnss-ros_ws/install/realsense2_camera_msgs/share/realsense2_camera_msgs/cmake/export_realsense2_camera_msgs__rosidl_typesupport_fastrtps_cExport-noconfig.cmake\n'}
[0.549568] (realsense2_camera_msgs) StdoutLine: {'line': b'-- Up-to-date: /home/sparklab/sparklab/gnss-ros_ws/install/realsense2_camera_msgs/share/realsense2_camera_msgs/cmake/realsense2_camera_msgs__rosidl_typesupport_introspection_cExport.cmake\n'}
[0.549639] (realsense2_camera_msgs) StdoutLine: {'line': b'-- Up-to-date: /home/sparklab/sparklab/gnss-ros_ws/install/realsense2_camera_msgs/share/realsense2_camera_msgs/cmake/realsense2_camera_msgs__rosidl_typesupport_introspection_cExport-noconfig.cmake\n'}
[0.549757] (realsense2_camera_msgs) StdoutLine: {'line': b'-- Up-to-date: /home/sparklab/sparklab/gnss-ros_ws/install/realsense2_camera_msgs/share/realsense2_camera_msgs/cmake/realsense2_camera_msgs__rosidl_typesupport_cExport.cmake\n'}
[0.549852] (realsense2_camera_msgs) StdoutLine: {'line': b'-- Up-to-date: /home/sparklab/sparklab/gnss-ros_ws/install/realsense2_camera_msgs/share/realsense2_camera_msgs/cmake/realsense2_camera_msgs__rosidl_typesupport_cExport-noconfig.cmake\n'}
[0.549917] (realsense2_camera_msgs) StdoutLine: {'line': b'-- Up-to-date: /home/sparklab/sparklab/gnss-ros_ws/install/realsense2_camera_msgs/share/realsense2_camera_msgs/cmake/export_realsense2_camera_msgs__rosidl_generator_cppExport.cmake\n'}
[0.550031] (realsense2_camera_msgs) StdoutLine: {'line': b'-- Up-to-date: /home/sparklab/sparklab/gnss-ros_ws/install/realsense2_camera_msgs/share/realsense2_camera_msgs/cmake/export_realsense2_camera_msgs__rosidl_typesupport_fastrtps_cppExport.cmake\n'}
[0.550117] (realsense2_camera_msgs) StdoutLine: {'line': b'-- Up-to-date: /home/sparklab/sparklab/gnss-ros_ws/install/realsense2_camera_msgs/share/realsense2_camera_msgs/cmake/export_realsense2_camera_msgs__rosidl_typesupport_fastrtps_cppExport-noconfig.cmake\n'}
[0.550194] (realsense2_camera_msgs) StdoutLine: {'line': b'-- Up-to-date: /home/sparklab/sparklab/gnss-ros_ws/install/realsense2_camera_msgs/share/realsense2_camera_msgs/cmake/realsense2_camera_msgs__rosidl_typesupport_introspection_cppExport.cmake\n'}
[0.550309] (realsense2_camera_msgs) StdoutLine: {'line': b'-- Up-to-date: /home/sparklab/sparklab/gnss-ros_ws/install/realsense2_camera_msgs/share/realsense2_camera_msgs/cmake/realsense2_camera_msgs__rosidl_typesupport_introspection_cppExport-noconfig.cmake\n'}
[0.550376] (realsense2_camera_msgs) StdoutLine: {'line': b'-- Up-to-date: /home/sparklab/sparklab/gnss-ros_ws/install/realsense2_camera_msgs/share/realsense2_camera_msgs/cmake/realsense2_camera_msgs__rosidl_typesupport_cppExport.cmake\n'}
[0.550440] (realsense2_camera_msgs) StdoutLine: {'line': b'-- Up-to-date: /home/sparklab/sparklab/gnss-ros_ws/install/realsense2_camera_msgs/share/realsense2_camera_msgs/cmake/realsense2_camera_msgs__rosidl_typesupport_cppExport-noconfig.cmake\n'}
[0.550504] (realsense2_camera_msgs) StdoutLine: {'line': b'-- Up-to-date: /home/sparklab/sparklab/gnss-ros_ws/install/realsense2_camera_msgs/share/realsense2_camera_msgs/cmake/export_realsense2_camera_msgs__rosidl_generator_pyExport.cmake\n'}
[0.550566] (realsense2_camera_msgs) StdoutLine: {'line': b'-- Up-to-date: /home/sparklab/sparklab/gnss-ros_ws/install/realsense2_camera_msgs/share/realsense2_camera_msgs/cmake/export_realsense2_camera_msgs__rosidl_generator_pyExport-noconfig.cmake\n'}
[0.552362] (realsense2_camera_msgs) CommandEnded: {'returncode': 0}
[0.570775] (velodyne_msgs) StdoutLine: {'line': b'-- Override CMake install command with custom implementation using symlinks instead of copying resources\n'}
[0.576091] (realsense2_camera_msgs) JobEnded: {'identifier': 'realsense2_camera_msgs', 'rc': 0}
[0.577245] (realsense2_camera) JobStarted: {'identifier': 'realsense2_camera'}
[0.585221] (realsense2_description) JobStarted: {'identifier': 'realsense2_description'}
[0.585791] (velodyne_laserscan) StdoutLine: {'line': b'-- Override CMake install command with custom implementation using symlinks instead of copying resources\n'}
[0.599366] (realsense2_camera) JobProgress: {'identifier': 'realsense2_camera', 'progress': 'cmake'}
[0.600077] (realsense2_camera) JobProgress: {'identifier': 'realsense2_camera', 'progress': 'build'}
[0.600958] (realsense2_camera) Command: {'cmd': ['/usr/bin/cmake', '--build', '/home/sparklab/sparklab/gnss-ros_ws/build/realsense2_camera', '--', '-j4', '-l4'], 'cwd': '/home/sparklab/sparklab/gnss-ros_ws/build/realsense2_camera', 'env': OrderedDict([('PYTHONIOENCODING', 'utf-8'), ('HOSTNAME', '6764024e662c'), ('SHLVL', '1'), ('LD_LIBRARY_PATH', '/home/sparklab/sparklab/gnss-ros_ws/install/realsense2_camera_msgs/lib:/opt/ros/humble/opt/rviz_ogre_vendor/lib:/opt/ros/humble/lib/x86_64-linux-gnu:/opt/ros/humble/lib'), ('HOME', '/home/sparklab'), ('OLDPWD', '/home/sparklab/sparklab'), ('ROS_PYTHON_VERSION', '3'), ('ROS_DISTRO', 'humble'), ('_', '/usr/bin/colcon'), ('ROS_VERSION', '2'), ('TERM', 'xterm'), ('ROS_LOCALHOST_ONLY', '0'), ('PATH', '/opt/ros/humble/bin:/usr/local/sbin:/usr/local/bin:/usr/sbin:/usr/bin:/sbin:/bin'), ('LANG', 'en_US.UTF-8'), ('AMENT_PREFIX_PATH', '/home/sparklab/sparklab/gnss-ros_ws/install/realsense2_camera_msgs:/opt/ros/humble'), ('PWD', '/home/sparklab/sparklab/gnss-ros_ws/build/realsense2_camera'), ('PYTHONPATH', '/home/sparklab/sparklab/gnss-ros_ws/install/realsense2_camera_msgs/local/lib/python3.10/dist-packages:/opt/ros/humble/lib/python3.10/site-packages:/opt/ros/humble/local/lib/python3.10/dist-packages'), ('COLCON', '1'), ('CMAKE_PREFIX_PATH', '/home/sparklab/sparklab/gnss-ros_ws/install/realsense2_camera_msgs:/opt/ros/humble')]), 'shell': False}
[0.601432] (-) TimerEvent: {}
[0.601886] (velodyne_msgs) StdoutLine: {'line': b'-- Found builtin_interfaces: 1.2.1 (/opt/ros/humble/share/builtin_interfaces/cmake)\n'}
[0.608923] (realsense2_description) JobProgress: {'identifier': 'realsense2_description', 'progress': 'cmake'}
[0.609446] (realsense2_description) JobProgress: {'identifier': 'realsense2_description', 'progress': 'build'}
[0.609655] (realsense2_description) Command: {'cmd': ['/usr/bin/cmake', '--build', '/home/sparklab/sparklab/gnss-ros_ws/build/realsense2_description', '--', '-j4', '-l4'], 'cwd': '/home/sparklab/sparklab/gnss-ros_ws/build/realsense2_description', 'env': OrderedDict([('PYTHONIOENCODING', 'utf-8'), ('HOSTNAME', '6764024e662c'), ('SHLVL', '1'), ('LD_LIBRARY_PATH', '/home/sparklab/sparklab/gnss-ros_ws/install/realsense2_camera_msgs/lib:/opt/ros/humble/opt/rviz_ogre_vendor/lib:/opt/ros/humble/lib/x86_64-linux-gnu:/opt/ros/humble/lib'), ('HOME', '/home/sparklab'), ('OLDPWD', '/home/sparklab/sparklab'), ('ROS_PYTHON_VERSION', '3'), ('ROS_DISTRO', 'humble'), ('_', '/usr/bin/colcon'), ('ROS_VERSION', '2'), ('TERM', 'xterm'), ('ROS_LOCALHOST_ONLY', '0'), ('PATH', '/opt/ros/humble/bin:/usr/local/sbin:/usr/local/bin:/usr/sbin:/usr/bin:/sbin:/bin'), ('LANG', 'en_US.UTF-8'), ('AMENT_PREFIX_PATH', '/home/sparklab/sparklab/gnss-ros_ws/install/realsense2_camera_msgs:/opt/ros/humble'), ('PWD', '/home/sparklab/sparklab/gnss-ros_ws/build/realsense2_description'), ('PYTHONPATH', '/home/sparklab/sparklab/gnss-ros_ws/install/realsense2_camera_msgs/local/lib/python3.10/dist-packages:/opt/ros/humble/lib/python3.10/site-packages:/opt/ros/humble/local/lib/python3.10/dist-packages'), ('COLCON', '1'), ('CMAKE_PREFIX_PATH', '/home/sparklab/sparklab/gnss-ros_ws/install/realsense2_camera_msgs:/opt/ros/humble')]), 'shell': False}
[0.617648] (velodyne_laserscan) StdoutLine: {'line': b'-- Found rclcpp: 16.0.12 (/opt/ros/humble/share/rclcpp/cmake)\n'}
[0.638523] (velodyne_msgs) StdoutLine: {'line': b'-- Found rosidl_generator_c: 3.1.6 (/opt/ros/humble/share/rosidl_generator_c/cmake)\n'}
[0.644726] (velodyne_msgs) StdoutLine: {'line': b'-- Found rosidl_adapter: 3.1.6 (/opt/ros/humble/share/rosidl_adapter/cmake)\n'}
[0.654756] (velodyne_msgs) StdoutLine: {'line': b'-- Found rosidl_generator_cpp: 3.1.6 (/opt/ros/humble/share/rosidl_generator_cpp/cmake)\n'}
[0.657843] (realsense2_camera) StdoutLine: {'line': b'\x1b[35m\x1b[1mConsolidate compiler generated dependencies of target realsense2_camera_node\x1b[0m\n'}
[0.662069] (realsense2_description) CommandEnded: {'returncode': 0}
[0.665275] (realsense2_description) JobProgress: {'identifier': 'realsense2_description', 'progress': 'install'}
[0.665332] (realsense2_description) Command: {'cmd': ['/usr/bin/cmake', '--install', '/home/sparklab/sparklab/gnss-ros_ws/build/realsense2_description'], 'cwd': '/home/sparklab/sparklab/gnss-ros_ws/build/realsense2_description', 'env': OrderedDict([('PYTHONIOENCODING', 'utf-8'), ('HOSTNAME', '6764024e662c'), ('SHLVL', '1'), ('LD_LIBRARY_PATH', '/home/sparklab/sparklab/gnss-ros_ws/install/realsense2_camera_msgs/lib:/opt/ros/humble/opt/rviz_ogre_vendor/lib:/opt/ros/humble/lib/x86_64-linux-gnu:/opt/ros/humble/lib'), ('HOME', '/home/sparklab'), ('OLDPWD', '/home/sparklab/sparklab'), ('ROS_PYTHON_VERSION', '3'), ('ROS_DISTRO', 'humble'), ('_', '/usr/bin/colcon'), ('ROS_VERSION', '2'), ('TERM', 'xterm'), ('ROS_LOCALHOST_ONLY', '0'), ('PATH', '/opt/ros/humble/bin:/usr/local/sbin:/usr/local/bin:/usr/sbin:/usr/bin:/sbin:/bin'), ('LANG', 'en_US.UTF-8'), ('AMENT_PREFIX_PATH', '/home/sparklab/sparklab/gnss-ros_ws/install/realsense2_camera_msgs:/opt/ros/humble'), ('PWD', '/home/sparklab/sparklab/gnss-ros_ws/build/realsense2_description'), ('PYTHONPATH', '/home/sparklab/sparklab/gnss-ros_ws/install/realsense2_camera_msgs/local/lib/python3.10/dist-packages:/opt/ros/humble/lib/python3.10/site-packages:/opt/ros/humble/local/lib/python3.10/dist-packages'), ('COLCON', '1'), ('CMAKE_PREFIX_PATH', '/home/sparklab/sparklab/gnss-ros_ws/install/realsense2_camera_msgs:/opt/ros/humble')]), 'shell': False}
[0.665651] (velodyne_laserscan) StdoutLine: {'line': b'-- Found rosidl_generator_c: 3.1.6 (/opt/ros/humble/share/rosidl_generator_c/cmake)\n'}
[0.670885] (velodyne_msgs) StdoutLine: {'line': b'-- Using all available rosidl_typesupport_c: rosidl_typesupport_fastrtps_c;rosidl_typesupport_introspection_c\n'}
[0.671170] (velodyne_laserscan) StdoutLine: {'line': b'-- Found rosidl_adapter: 3.1.6 (/opt/ros/humble/share/rosidl_adapter/cmake)\n'}
[0.676360] (realsense2_camera) StdoutLine: {'line': b'\x1b[35m\x1b[1mConsolidate compiler generated dependencies of target realsense2_camera\x1b[0m\n'}
[0.679959] (realsense2_camera) StdoutLine: {'line': b'\x1b[35m\x1b[1mConsolidate compiler generated dependencies of target gtest_main\x1b[0m\n'}
[0.680681] (velodyne_laserscan) StdoutLine: {'line': b'-- Found rosidl_generator_cpp: 3.1.6 (/opt/ros/humble/share/rosidl_generator_cpp/cmake)\n'}
[0.682308] (realsense2_description) StdoutLine: {'line': b'-- Install configuration: ""\n'}
[0.682588] (realsense2_description) StdoutLine: {'line': b'-- Execute custom install script\n'}
[0.682995] (realsense2_description) StdoutLine: {'line': b'-- Up-to-date symlink: /home/sparklab/sparklab/gnss-ros_ws/install/realsense2_description/share/realsense2_description/launch/launch_utils.py\n'}
[0.683184] (realsense2_description) StdoutLine: {'line': b'-- Up-to-date symlink: /home/sparklab/sparklab/gnss-ros_ws/install/realsense2_description/share/realsense2_description/launch/view_model.launch.py\n'}
[0.683454] (realsense2_description) StdoutLine: {'line': b'-- Up-to-date symlink: /home/sparklab/sparklab/gnss-ros_ws/install/realsense2_description/share/realsense2_description/meshes/d405.stl\n'}
[0.683616] (realsense2_description) StdoutLine: {'line': b'-- Up-to-date symlink: /home/sparklab/sparklab/gnss-ros_ws/install/realsense2_description/share/realsense2_description/meshes/d415.stl\n'}
[0.683773] (realsense2_description) StdoutLine: {'line': b'-- Up-to-date symlink: /home/sparklab/sparklab/gnss-ros_ws/install/realsense2_description/share/realsense2_description/meshes/d435.dae\n'}
[0.683894] (realsense2_description) StdoutLine: {'line': b'-- Up-to-date symlink: /home/sparklab/sparklab/gnss-ros_ws/install/realsense2_description/share/realsense2_description/meshes/d455.stl\n'}
[0.684021] (realsense2_description) StdoutLine: {'line': b'-- Up-to-date symlink: /home/sparklab/sparklab/gnss-ros_ws/install/realsense2_description/share/realsense2_description/meshes/l515.dae\n'}
[0.684156] (realsense2_description) StdoutLine: {'line': b'-- Up-to-date symlink: /home/sparklab/sparklab/gnss-ros_ws/install/realsense2_description/share/realsense2_description/meshes/plug.stl\n'}
[0.684292] (realsense2_description) StdoutLine: {'line': b'-- Up-to-date symlink: /home/sparklab/sparklab/gnss-ros_ws/install/realsense2_description/share/realsense2_description/meshes/plug_collision.stl\n'}
[0.684546] (realsense2_description) StdoutLine: {'line': b'-- Up-to-date symlink: /home/sparklab/sparklab/gnss-ros_ws/install/realsense2_description/share/realsense2_description/rviz/urdf.rviz\n'}
[0.684678] (realsense2_camera) StdoutLine: {'line': b'\x1b[35m\x1b[1mConsolidate compiler generated dependencies of target gtest\x1b[0m\n'}
[0.684982] (realsense2_description) StdoutLine: {'line': b'-- Up-to-date symlink: /home/sparklab/sparklab/gnss-ros_ws/install/realsense2_description/share/realsense2_description/urdf/_d405.urdf.xacro\n'}
[0.685130] (realsense2_description) StdoutLine: {'line': b'-- Up-to-date symlink: /home/sparklab/sparklab/gnss-ros_ws/install/realsense2_description/share/realsense2_description/urdf/_d415.urdf.xacro\n'}
[0.685268] (realsense2_description) StdoutLine: {'line': b'-- Up-to-date symlink: /home/sparklab/sparklab/gnss-ros_ws/install/realsense2_description/share/realsense2_description/urdf/_d435.urdf.xacro\n'}
[0.685405] (realsense2_description) StdoutLine: {'line': b'-- Up-to-date symlink: /home/sparklab/sparklab/gnss-ros_ws/install/realsense2_description/share/realsense2_description/urdf/_d435i.urdf.xacro\n'}
[0.685541] (realsense2_description) StdoutLine: {'line': b'-- Up-to-date symlink: /home/sparklab/sparklab/gnss-ros_ws/install/realsense2_description/share/realsense2_description/urdf/_d435i_imu_modules.urdf.xacro\n'}
[0.685676] (realsense2_description) StdoutLine: {'line': b'-- Up-to-date symlink: /home/sparklab/sparklab/gnss-ros_ws/install/realsense2_description/share/realsense2_description/urdf/_d455.urdf.xacro\n'}
[0.685822] (realsense2_description) StdoutLine: {'line': b'-- Up-to-date symlink: /home/sparklab/sparklab/gnss-ros_ws/install/realsense2_description/share/realsense2_description/urdf/_materials.urdf.xacro\n'}
[0.685955] (realsense2_description) StdoutLine: {'line': b'-- Up-to-date symlink: /home/sparklab/sparklab/gnss-ros_ws/install/realsense2_description/share/realsense2_description/urdf/_r410.urdf.xacro\n'}
[0.686090] (realsense2_description) StdoutLine: {'line': b'-- Up-to-date symlink: /home/sparklab/sparklab/gnss-ros_ws/install/realsense2_description/share/realsense2_description/urdf/_r430.urdf.xacro\n'}
[0.686238] (realsense2_description) StdoutLine: {'line': b'-- Up-to-date symlink: /home/sparklab/sparklab/gnss-ros_ws/install/realsense2_description/share/realsense2_description/urdf/_usb_plug.urdf.xacro\n'}
[0.686371] (realsense2_description) StdoutLine: {'line': b'-- Up-to-date symlink: /home/sparklab/sparklab/gnss-ros_ws/install/realsense2_description/share/realsense2_description/urdf/test_d405_camera.urdf.xacro\n'}
[0.686506] (realsense2_description) StdoutLine: {'line': b'-- Up-to-date symlink: /home/sparklab/sparklab/gnss-ros_ws/install/realsense2_description/share/realsense2_description/urdf/test_d415_camera.urdf.xacro\n'}
[0.686637] (realsense2_description) StdoutLine: {'line': b'-- Up-to-date symlink: /home/sparklab/sparklab/gnss-ros_ws/install/realsense2_description/share/realsense2_description/urdf/test_d435_camera.urdf.xacro\n'}
[0.686772] (realsense2_description) StdoutLine: {'line': b'-- Up-to-date symlink: /home/sparklab/sparklab/gnss-ros_ws/install/realsense2_description/share/realsense2_description/urdf/test_d435_multiple_cameras.urdf.xacro\n'}
[0.686907] (realsense2_description) StdoutLine: {'line': b'-- Up-to-date symlink: /home/sparklab/sparklab/gnss-ros_ws/install/realsense2_description/share/realsense2_description/urdf/test_d435i_camera.urdf.xacro\n'}
[0.687041] (realsense2_description) StdoutLine: {'line': b'-- Up-to-date symlink: /home/sparklab/sparklab/gnss-ros_ws/install/realsense2_description/share/realsense2_description/urdf/test_d455_camera.urdf.xacro\n'}
[0.687177] (realsense2_description) StdoutLine: {'line': b'-- Up-to-date symlink: /home/sparklab/sparklab/gnss-ros_ws/install/realsense2_description/share/realsense2_description/urdf/test_r410_camera.urdf.xacro\n'}
[0.687313] (realsense2_description) StdoutLine: {'line': b'-- Up-to-date symlink: /home/sparklab/sparklab/gnss-ros_ws/install/realsense2_description/share/realsense2_description/urdf/test_r430_camera.urdf.xacro\n'}
[0.687552] (realsense2_description) StdoutLine: {'line': b'-- Up-to-date symlink: /home/sparklab/sparklab/gnss-ros_ws/install/realsense2_description/share/ament_index/resource_index/package_run_dependencies/realsense2_description\n'}
[0.687762] (realsense2_description) StdoutLine: {'line': b'-- Up-to-date symlink: /home/sparklab/sparklab/gnss-ros_ws/install/realsense2_description/share/ament_index/resource_index/parent_prefix_path/realsense2_description\n'}
[0.687962] (realsense2_description) StdoutLine: {'line': b'-- Up-to-date symlink: /home/sparklab/sparklab/gnss-ros_ws/install/realsense2_description/share/realsense2_description/environment/ament_prefix_path.sh\n'}
[0.688148] (realsense2_description) StdoutLine: {'line': b'-- Up-to-date symlink: /home/sparklab/sparklab/gnss-ros_ws/install/realsense2_description/share/realsense2_description/environment/ament_prefix_path.dsv\n'}
[0.688342] (realsense2_description) StdoutLine: {'line': b'-- Up-to-date symlink: /home/sparklab/sparklab/gnss-ros_ws/install/realsense2_description/share/realsense2_description/environment/path.sh\n'}
[0.688530] (realsense2_description) StdoutLine: {'line': b'-- Up-to-date symlink: /home/sparklab/sparklab/gnss-ros_ws/install/realsense2_description/share/realsense2_description/environment/path.dsv\n'}
[0.688707] (realsense2_description) StdoutLine: {'line': b'-- Up-to-date symlink: /home/sparklab/sparklab/gnss-ros_ws/install/realsense2_description/share/realsense2_description/local_setup.bash\n'}
[0.688896] (realsense2_description) StdoutLine: {'line': b'-- Up-to-date symlink: /home/sparklab/sparklab/gnss-ros_ws/install/realsense2_description/share/realsense2_description/local_setup.sh\n'}
[0.689072] (realsense2_description) StdoutLine: {'line': b'-- Up-to-date symlink: /home/sparklab/sparklab/gnss-ros_ws/install/realsense2_description/share/realsense2_description/local_setup.zsh\n'}
[0.689245] (realsense2_description) StdoutLine: {'line': b'-- Up-to-date symlink: /home/sparklab/sparklab/gnss-ros_ws/install/realsense2_description/share/realsense2_description/local_setup.dsv\n'}
[0.689353] (realsense2_description) StdoutLine: {'line': b'-- Symlinking: /home/sparklab/sparklab/gnss-ros_ws/install/realsense2_description/share/realsense2_description/package.dsv\n'}
[0.695122] (velodyne_laserscan) StdoutLine: {'line': b'-- Using all available rosidl_typesupport_c: rosidl_typesupport_fastrtps_c;rosidl_typesupport_introspection_c\n'}
[0.697057] (velodyne_msgs) StdoutLine: {'line': b'-- Using all available rosidl_typesupport_cpp: rosidl_typesupport_fastrtps_cpp;rosidl_typesupport_introspection_cpp\n'}
[0.701524] (-) TimerEvent: {}
[0.706620] (realsense2_description) StdoutLine: {'line': b'-- Up-to-date symlink: /home/sparklab/sparklab/gnss-ros_ws/install/realsense2_description/share/ament_index/resource_index/packages/realsense2_description\n'}
[0.706800] (realsense2_description) StdoutLine: {'line': b'-- Up-to-date symlink: /home/sparklab/sparklab/gnss-ros_ws/install/realsense2_description/share/realsense2_description/cmake/realsense2_descriptionConfig.cmake\n'}
[0.706919] (realsense2_description) StdoutLine: {'line': b'-- Up-to-date symlink: /home/sparklab/sparklab/gnss-ros_ws/install/realsense2_description/share/realsense2_description/cmake/realsense2_descriptionConfig-version.cmake\n'}
[0.707111] (realsense2_description) StdoutLine: {'line': b'-- Up-to-date symlink: /home/sparklab/sparklab/gnss-ros_ws/install/realsense2_description/share/realsense2_description/package.xml\n'}
[0.709799] (realsense2_description) CommandEnded: {'returncode': 0}
[0.713882] (realsense2_camera) StdoutLine: {'line': b'[  9%] Built target realsense2_camera_node\n'}
[0.716797] (velodyne_msgs) StdoutLine: {'line': b'-- Found rosidl_default_generators: 1.2.0 (/opt/ros/humble/share/rosidl_default_generators/cmake)\n'}
[0.717502] (velodyne_laserscan) StdoutLine: {'line': b'-- Using all available rosidl_typesupport_cpp: rosidl_typesupport_fastrtps_cpp;rosidl_typesupport_introspection_cpp\n'}
[0.722356] (realsense2_description) JobEnded: {'identifier': 'realsense2_description', 'rc': 0}
[0.727310] (velodyne_msgs) StdoutLine: {'line': b'-- Found std_msgs: 4.8.0 (/opt/ros/humble/share/std_msgs/cmake)\n'}
[0.730446] (realsense2_camera) StdoutLine: {'line': b'[ 18%] Built target gtest_main\n'}
[0.740258] (realsense2_camera) StdoutLine: {'line': b'[ 27%] Built target gtest\n'}
[0.749975] (realsense2_camera) StdoutLine: {'line': b'\x1b[35m\x1b[1mConsolidate compiler generated dependencies of target gtest_template\x1b[0m\n'}
[0.753365] (realsense2_camera) StdoutLine: {'line': b'[ 90%] Built target realsense2_camera\n'}
[0.763768] (realsense2_camera) StdoutLine: {'line': b'[100%] Built target gtest_template\n'}
[0.769525] (velodyne_laserscan) StdoutLine: {'line': b'-- Found rmw_implementation_cmake: 6.1.2 (/opt/ros/humble/share/rmw_implementation_cmake/cmake)\n'}
[0.772608] (velodyne_laserscan) StdoutLine: {'line': b'-- Found rmw_fastrtps_cpp: 6.2.7 (/opt/ros/humble/share/rmw_fastrtps_cpp/cmake)\n'}
[0.773731] (realsense2_camera) CommandEnded: {'returncode': 0}
[0.774378] (realsense2_camera) JobProgress: {'identifier': 'realsense2_camera', 'progress': 'install'}
[0.774616] (realsense2_camera) Command: {'cmd': ['/usr/bin/cmake', '--install', '/home/sparklab/sparklab/gnss-ros_ws/build/realsense2_camera'], 'cwd': '/home/sparklab/sparklab/gnss-ros_ws/build/realsense2_camera', 'env': OrderedDict([('PYTHONIOENCODING', 'utf-8'), ('HOSTNAME', '6764024e662c'), ('SHLVL', '1'), ('LD_LIBRARY_PATH', '/home/sparklab/sparklab/gnss-ros_ws/install/realsense2_camera_msgs/lib:/opt/ros/humble/opt/rviz_ogre_vendor/lib:/opt/ros/humble/lib/x86_64-linux-gnu:/opt/ros/humble/lib'), ('HOME', '/home/sparklab'), ('OLDPWD', '/home/sparklab/sparklab'), ('ROS_PYTHON_VERSION', '3'), ('ROS_DISTRO', 'humble'), ('_', '/usr/bin/colcon'), ('ROS_VERSION', '2'), ('TERM', 'xterm'), ('ROS_LOCALHOST_ONLY', '0'), ('PATH', '/opt/ros/humble/bin:/usr/local/sbin:/usr/local/bin:/usr/sbin:/usr/bin:/sbin:/bin'), ('LANG', 'en_US.UTF-8'), ('AMENT_PREFIX_PATH', '/home/sparklab/sparklab/gnss-ros_ws/install/realsense2_camera_msgs:/opt/ros/humble'), ('PWD', '/home/sparklab/sparklab/gnss-ros_ws/build/realsense2_camera'), ('PYTHONPATH', '/home/sparklab/sparklab/gnss-ros_ws/install/realsense2_camera_msgs/local/lib/python3.10/dist-packages:/opt/ros/humble/lib/python3.10/site-packages:/opt/ros/humble/local/lib/python3.10/dist-packages'), ('COLCON', '1'), ('CMAKE_PREFIX_PATH', '/home/sparklab/sparklab/gnss-ros_ws/install/realsense2_camera_msgs:/opt/ros/humble')]), 'shell': False}
[0.782244] (realsense2_camera) StdoutLine: {'line': b'-- Install configuration: "Release"\n'}
[0.782712] (realsense2_camera) StdoutLine: {'line': b'-- Execute custom install script\n'}
[0.783035] (realsense2_camera) StdoutLine: {'line': b'-- Up-to-date symlink: /home/sparklab/sparklab/gnss-ros_ws/install/realsense2_camera/lib/realsense2_camera/realsense2_camera_node\n'}
[0.783355] (realsense2_camera) StdoutLine: {'line': b'-- Up-to-date symlink: /home/sparklab/sparklab/gnss-ros_ws/install/realsense2_camera/lib/librealsense2_camera.so\n'}
[0.783785] (realsense2_camera) StdoutLine: {'line': b'-- Up-to-date symlink: /home/sparklab/sparklab/gnss-ros_ws/install/realsense2_camera/include/base_realsense_node.h\n'}
[0.783918] (realsense2_camera) StdoutLine: {'line': b'-- Up-to-date symlink: /home/sparklab/sparklab/gnss-ros_ws/install/realsense2_camera/include/constants.h\n'}
[0.784053] (realsense2_camera) StdoutLine: {'line': b'-- Up-to-date symlink: /home/sparklab/sparklab/gnss-ros_ws/install/realsense2_camera/include/dynamic_params.h\n'}
[0.784181] (realsense2_camera) StdoutLine: {'line': b'-- Up-to-date symlink: /home/sparklab/sparklab/gnss-ros_ws/install/realsense2_camera/include/gl_window.h\n'}
[0.784294] (realsense2_camera) StdoutLine: {'line': b'-- Up-to-date symlink: /home/sparklab/sparklab/gnss-ros_ws/install/realsense2_camera/include/image_publisher.h\n'}
[0.784405] (realsense2_camera) StdoutLine: {'line': b'-- Up-to-date symlink: /home/sparklab/sparklab/gnss-ros_ws/install/realsense2_camera/include/named_filter.h\n'}
[0.784537] (realsense2_camera) StdoutLine: {'line': b'-- Up-to-date symlink: /home/sparklab/sparklab/gnss-ros_ws/install/realsense2_camera/include/profile_manager.h\n'}
[0.784663] (realsense2_camera) StdoutLine: {'line': b'-- Up-to-date symlink: /home/sparklab/sparklab/gnss-ros_ws/install/realsense2_camera/include/realsense_node_factory.h\n'}
[0.784795] (realsense2_camera) StdoutLine: {'line': b'-- Up-to-date symlink: /home/sparklab/sparklab/gnss-ros_ws/install/realsense2_camera/include/ros_param_backend.h\n'}
[0.784970] (realsense2_camera) StdoutLine: {'line': b'-- Up-to-date symlink: /home/sparklab/sparklab/gnss-ros_ws/install/realsense2_camera/include/ros_sensor.h\n'}
[0.785082] (realsense2_camera) StdoutLine: {'line': b'-- Up-to-date symlink: /home/sparklab/sparklab/gnss-ros_ws/install/realsense2_camera/include/ros_utils.h\n'}
[0.785205] (realsense2_camera) StdoutLine: {'line': b'-- Up-to-date symlink: /home/sparklab/sparklab/gnss-ros_ws/install/realsense2_camera/include/sensor_params.h\n'}
[0.785519] (realsense2_camera) StdoutLine: {'line': b'-- Up-to-date symlink: /home/sparklab/sparklab/gnss-ros_ws/install/realsense2_camera/share/realsense2_camera/launch/default.rviz\n'}
[0.785668] (realsense2_camera) StdoutLine: {'line': b'-- Up-to-date symlink: /home/sparklab/sparklab/gnss-ros_ws/install/realsense2_camera/share/realsense2_camera/launch/rs_intra_process_demo_launch.py\n'}
[0.785867] (realsense2_camera) StdoutLine: {'line': b'-- Up-to-date symlink: /home/sparklab/sparklab/gnss-ros_ws/install/realsense2_camera/share/realsense2_camera/launch/rs_launch.py\n'}
[0.786002] (realsense2_camera) StdoutLine: {'line': b'-- Up-to-date symlink: /home/sparklab/sparklab/gnss-ros_ws/install/realsense2_camera/share/realsense2_camera/launch/rs_multi_camera_launch.py\n'}
[0.786556] (realsense2_camera) StdoutLine: {'line': b'-- Up-to-date symlink: /home/sparklab/sparklab/gnss-ros_ws/install/realsense2_camera/share/realsense2_camera/examples/align_depth/README.md\n'}
[0.786753] (realsense2_camera) StdoutLine: {'line': b'-- Up-to-date symlink: /home/sparklab/sparklab/gnss-ros_ws/install/realsense2_camera/share/realsense2_camera/examples/align_depth/rs_align_depth_launch.py\n'}
[0.786900] (realsense2_camera) StdoutLine: {'line': b'-- Up-to-date symlink: /home/sparklab/sparklab/gnss-ros_ws/install/realsense2_camera/share/realsense2_camera/examples/dual_camera/README.md\n'}
[0.787045] (realsense2_camera) StdoutLine: {'line': b'-- Up-to-date symlink: /home/sparklab/sparklab/gnss-ros_ws/install/realsense2_camera/share/realsense2_camera/examples/dual_camera/rs_dual_camera_launch.py\n'}
[0.787169] (realsense2_camera) StdoutLine: {'line': b'-- Up-to-date symlink: /home/sparklab/sparklab/gnss-ros_ws/install/realsense2_camera/share/realsense2_camera/examples/dual_camera/rviz/dual_camera_pointcloud.rviz\n'}
[0.787314] (realsense2_camera) StdoutLine: {'line': b'-- Up-to-date symlink: /home/sparklab/sparklab/gnss-ros_ws/install/realsense2_camera/share/realsense2_camera/examples/launch_from_rosbag/README.md\n'}
[0.787456] (realsense2_camera) StdoutLine: {'line': b'-- Up-to-date symlink: /home/sparklab/sparklab/gnss-ros_ws/install/realsense2_camera/share/realsense2_camera/examples/launch_from_rosbag/rs_launch_from_rosbag.py\n'}
[0.787603] (realsense2_camera) StdoutLine: {'line': b'-- Up-to-date symlink: /home/sparklab/sparklab/gnss-ros_ws/install/realsense2_camera/share/realsense2_camera/examples/launch_params_from_file/README.md\n'}
[0.787790] (realsense2_camera) StdoutLine: {'line': b'-- Up-to-date symlink: /home/sparklab/sparklab/gnss-ros_ws/install/realsense2_camera/share/realsense2_camera/examples/launch_params_from_file/config/config.yaml\n'}
[0.787905] (realsense2_camera) StdoutLine: {'line': b'-- Up-to-date symlink: /home/sparklab/sparklab/gnss-ros_ws/install/realsense2_camera/share/realsense2_camera/examples/launch_params_from_file/rs_launch_get_params_from_yaml.py\n'}
[0.788043] (realsense2_camera) StdoutLine: {'line': b'-- Up-to-date symlink: /home/sparklab/sparklab/gnss-ros_ws/install/realsense2_camera/share/realsense2_camera/examples/pointcloud/README.md\n'}
[0.788191] (realsense2_camera) StdoutLine: {'line': b'-- Up-to-date symlink: /home/sparklab/sparklab/gnss-ros_ws/install/realsense2_camera/share/realsense2_camera/examples/pointcloud/rs_d405_pointcloud_launch.py\n'}
[0.788349] (realsense2_camera) StdoutLine: {'line': b'-- Up-to-date symlink: /home/sparklab/sparklab/gnss-ros_ws/install/realsense2_camera/share/realsense2_camera/examples/pointcloud/rs_d455_pointcloud_launch.py\n'}
[0.788494] (realsense2_camera) StdoutLine: {'line': b'-- Up-to-date symlink: /home/sparklab/sparklab/gnss-ros_ws/install/realsense2_camera/share/realsense2_camera/examples/pointcloud/rs_pointcloud_launch.py\n'}
[0.788643] (realsense2_camera) StdoutLine: {'line': b'-- Up-to-date symlink: /home/sparklab/sparklab/gnss-ros_ws/install/realsense2_camera/share/realsense2_camera/examples/pointcloud/rviz/pointcloud.rviz\n'}
[0.788795] (realsense2_camera) StdoutLine: {'line': b'-- Up-to-date symlink: /home/sparklab/sparklab/gnss-ros_ws/install/realsense2_camera/share/realsense2_camera/examples/pointcloud/rviz/urdf_pointcloud.rviz\n'}
[0.789063] (realsense2_camera) StdoutLine: {'line': b'-- Up-to-date symlink: /home/sparklab/sparklab/gnss-ros_ws/install/realsense2_camera/share/realsense2_camera/environment/library_path.sh\n'}
[0.789226] (realsense2_camera) StdoutLine: {'line': b'-- Up-to-date symlink: /home/sparklab/sparklab/gnss-ros_ws/install/realsense2_camera/share/realsense2_camera/environment/library_path.dsv\n'}
[0.789441] (realsense2_camera) StdoutLine: {'line': b'-- Up-to-date symlink: /home/sparklab/sparklab/gnss-ros_ws/install/realsense2_camera/share/ament_index/resource_index/package_run_dependencies/realsense2_camera\n'}
[0.789618] (realsense2_camera) StdoutLine: {'line': b'-- Up-to-date symlink: /home/sparklab/sparklab/gnss-ros_ws/install/realsense2_camera/share/ament_index/resource_index/parent_prefix_path/realsense2_camera\n'}
[0.789898] (realsense2_camera) StdoutLine: {'line': b'-- Up-to-date symlink: /home/sparklab/sparklab/gnss-ros_ws/install/realsense2_camera/share/realsense2_camera/environment/ament_prefix_path.sh\n'}
[0.790099] (realsense2_camera) StdoutLine: {'line': b'-- Up-to-date symlink: /home/sparklab/sparklab/gnss-ros_ws/install/realsense2_camera/share/realsense2_camera/environment/ament_prefix_path.dsv\n'}
[0.790290] (realsense2_camera) StdoutLine: {'line': b'-- Up-to-date symlink: /home/sparklab/sparklab/gnss-ros_ws/install/realsense2_camera/share/realsense2_camera/environment/path.sh\n'}
[0.790449] (realsense2_camera) StdoutLine: {'line': b'-- Up-to-date symlink: /home/sparklab/sparklab/gnss-ros_ws/install/realsense2_camera/share/realsense2_camera/environment/path.dsv\n'}
[0.790624] (realsense2_camera) StdoutLine: {'line': b'-- Up-to-date symlink: /home/sparklab/sparklab/gnss-ros_ws/install/realsense2_camera/share/realsense2_camera/local_setup.bash\n'}
[0.790797] (realsense2_camera) StdoutLine: {'line': b'-- Up-to-date symlink: /home/sparklab/sparklab/gnss-ros_ws/install/realsense2_camera/share/realsense2_camera/local_setup.sh\n'}
[0.790969] (realsense2_camera) StdoutLine: {'line': b'-- Up-to-date symlink: /home/sparklab/sparklab/gnss-ros_ws/install/realsense2_camera/share/realsense2_camera/local_setup.zsh\n'}
[0.791158] (realsense2_camera) StdoutLine: {'line': b'-- Up-to-date symlink: /home/sparklab/sparklab/gnss-ros_ws/install/realsense2_camera/share/realsense2_camera/local_setup.dsv\n'}
[0.791274] (realsense2_camera) StdoutLine: {'line': b'-- Symlinking: /home/sparklab/sparklab/gnss-ros_ws/install/realsense2_camera/share/realsense2_camera/package.dsv\n'}
[0.801604] (-) TimerEvent: {}
[0.809262] (realsense2_camera) StdoutLine: {'line': b'-- Up-to-date symlink: /home/sparklab/sparklab/gnss-ros_ws/install/realsense2_camera/share/ament_index/resource_index/packages/realsense2_camera\n'}
[0.811721] (realsense2_camera) StdoutLine: {'line': b'-- Up-to-date symlink: /home/sparklab/sparklab/gnss-ros_ws/install/realsense2_camera/share/ament_index/resource_index/rclcpp_components/realsense2_camera\n'}
[0.811869] (realsense2_camera) StdoutLine: {'line': b'-- Up-to-date symlink: /home/sparklab/sparklab/gnss-ros_ws/install/realsense2_camera/share/realsense2_camera/cmake/ament_cmake_export_include_directories-extras.cmake\n'}
[0.811945] (realsense2_camera) StdoutLine: {'line': b'-- Up-to-date symlink: /home/sparklab/sparklab/gnss-ros_ws/install/realsense2_camera/share/realsense2_camera/cmake/ament_cmake_export_libraries-extras.cmake\n'}
[0.812022] (realsense2_camera) StdoutLine: {'line': b'-- Up-to-date symlink: /home/sparklab/sparklab/gnss-ros_ws/install/realsense2_camera/share/realsense2_camera/cmake/ament_cmake_export_dependencies-extras.cmake\n'}
[0.812089] (realsense2_camera) StdoutLine: {'line': b'-- Up-to-date symlink: /home/sparklab/sparklab/gnss-ros_ws/install/realsense2_camera/share/realsense2_camera/cmake/realsense2_cameraConfig.cmake\n'}
[0.812154] (realsense2_camera) StdoutLine: {'line': b'-- Up-to-date symlink: /home/sparklab/sparklab/gnss-ros_ws/install/realsense2_camera/share/realsense2_camera/cmake/realsense2_cameraConfig-version.cmake\n'}
[0.812218] (realsense2_camera) StdoutLine: {'line': b'-- Up-to-date symlink: /home/sparklab/sparklab/gnss-ros_ws/install/realsense2_camera/share/realsense2_camera/package.xml\n'}
[0.821845] (realsense2_camera) CommandEnded: {'returncode': 0}
[0.829566] (realsense2_camera) JobEnded: {'identifier': 'realsense2_camera', 'rc': 0}
[0.862336] (velodyne_laserscan) StdoutLine: {'line': b'-- Found OpenSSL: /usr/lib/x86_64-linux-gnu/libcrypto.so (found version "3.0.2")  \n'}
[0.892689] (velodyne_laserscan) StdoutLine: {'line': b'-- Found FastRTPS: /opt/ros/humble/include  \n'}
[0.901720] (-) TimerEvent: {}
[0.941990] (velodyne_laserscan) StdoutLine: {'line': b"-- Using RMW implementation 'rmw_fastrtps_cpp' as default\n"}
[0.951946] (velodyne_laserscan) StdoutLine: {'line': b'-- Looking for pthread.h\n'}
[1.001817] (-) TimerEvent: {}
[1.023338] (velodyne_laserscan) StdoutLine: {'line': b'-- Looking for pthread.h - found\n'}
[1.023559] (velodyne_laserscan) StdoutLine: {'line': b'-- Performing Test CMAKE_HAVE_LIBC_PTHREAD\n'}
[1.039592] (velodyne_msgs) StdoutLine: {'line': b'-- Found ament_cmake_cppcheck: 0.12.12 (/opt/ros/humble/share/ament_cmake_cppcheck/cmake)\n'}
[1.042043] (velodyne_msgs) StdoutLine: {'line': b'-- Found ament_cmake_cpplint: 0.12.12 (/opt/ros/humble/share/ament_cmake_cpplint/cmake)\n'}
[1.044429] (velodyne_msgs) StdoutLine: {'line': b'-- Found ament_cmake_uncrustify: 0.12.12 (/opt/ros/humble/share/ament_cmake_uncrustify/cmake)\n'}
[1.047106] (velodyne_msgs) StdoutLine: {'line': b'-- Found ament_cmake_ros: 0.10.0 (/opt/ros/humble/share/ament_cmake_ros/cmake)\n'}
[1.091701] (velodyne_laserscan) StdoutLine: {'line': b'-- Performing Test CMAKE_HAVE_LIBC_PTHREAD - Success\n'}
[1.092912] (velodyne_laserscan) StdoutLine: {'line': b'-- Found Threads: TRUE  \n'}
[1.101902] (-) TimerEvent: {}
[1.153024] (velodyne_laserscan) StdoutLine: {'line': b'-- Found rclcpp_components: 16.0.12 (/opt/ros/humble/share/rclcpp_components/cmake)\n'}
[1.186558] (velodyne_laserscan) StdoutLine: {'line': b'-- Found sensor_msgs: 4.8.0 (/opt/ros/humble/share/sensor_msgs/cmake)\n'}
[1.201997] (-) TimerEvent: {}
[1.224580] (velodyne_laserscan) StdoutLine: {'line': b'-- Found ament_lint_auto: 0.12.12 (/opt/ros/humble/share/ament_lint_auto/cmake)\n'}
[1.302108] (-) TimerEvent: {}
[1.315277] (velodyne_laserscan) StdoutLine: {'line': b"-- Added test 'copyright' to check source files copyright and LICENSE\n"}
[1.317538] (velodyne_laserscan) StdoutLine: {'line': b"-- Added test 'cppcheck' to perform static code analysis on C / C++ code\n"}
[1.317686] (velodyne_laserscan) StdoutLine: {'line': b'-- Configured cppcheck include dirs: $<BUILD_INTERFACE:/home/sparklab/sparklab/gnss-ros_ws/src/velodyne/velodyne_laserscan/include>\n'}
[1.317775] (velodyne_laserscan) StdoutLine: {'line': b'-- Configured cppcheck exclude dirs and/or files: \n'}
[1.319911] (velodyne_laserscan) StdoutLine: {'line': b"-- Added test 'cpplint' to check C / C++ code against the Google style\n"}
[1.320024] (velodyne_laserscan) StdoutLine: {'line': b'-- Configured cpplint exclude dirs and/or files: \n'}
[1.320697] (velodyne_laserscan) StdoutLine: {'line': b"-- Added test 'flake8' to check Python code syntax and style conventions\n"}
[1.321652] (velodyne_laserscan) StdoutLine: {'line': b"-- Added test 'lint_cmake' to check CMake code style\n"}
[1.322505] (velodyne_laserscan) StdoutLine: {'line': b"-- Added test 'pep257' to check Python code against some of the docstring style conventions in PEP 257\n"}
[1.324491] (velodyne_laserscan) StdoutLine: {'line': b"-- Added test 'uncrustify' to check C / C++ code style\n"}
[1.324619] (velodyne_laserscan) StdoutLine: {'line': b'-- Configured uncrustify additional arguments: \n'}
[1.325280] (velodyne_laserscan) StdoutLine: {'line': b"-- Added test 'xmllint' to check XML markup files\n"}
[1.328870] (velodyne_laserscan) StdoutLine: {'line': b'-- Configuring done\n'}
[1.345832] (velodyne_laserscan) StdoutLine: {'line': b'-- Generating done\n'}
[1.351359] (velodyne_laserscan) StdoutLine: {'line': b'-- Build files have been written to: /home/sparklab/sparklab/gnss-ros_ws/build/velodyne_laserscan\n'}
[1.359976] (velodyne_laserscan) CommandEnded: {'returncode': 0}
[1.361125] (velodyne_laserscan) JobProgress: {'identifier': 'velodyne_laserscan', 'progress': 'build'}
[1.361188] (velodyne_laserscan) Command: {'cmd': ['/usr/bin/cmake', '--build', '/home/sparklab/sparklab/gnss-ros_ws/build/velodyne_laserscan', '--', '-j4', '-l4'], 'cwd': '/home/sparklab/sparklab/gnss-ros_ws/build/velodyne_laserscan', 'env': OrderedDict([('PYTHONIOENCODING', 'utf-8'), ('HOSTNAME', '6764024e662c'), ('SHLVL', '1'), ('LD_LIBRARY_PATH', '/opt/ros/humble/opt/rviz_ogre_vendor/lib:/opt/ros/humble/lib/x86_64-linux-gnu:/opt/ros/humble/lib'), ('HOME', '/home/sparklab'), ('OLDPWD', '/home/sparklab/sparklab'), ('ROS_PYTHON_VERSION', '3'), ('ROS_DISTRO', 'humble'), ('_', '/usr/bin/colcon'), ('ROS_VERSION', '2'), ('TERM', 'xterm'), ('ROS_LOCALHOST_ONLY', '0'), ('PATH', '/opt/ros/humble/bin:/usr/local/sbin:/usr/local/bin:/usr/sbin:/usr/bin:/sbin:/bin'), ('LANG', 'en_US.UTF-8'), ('AMENT_PREFIX_PATH', '/opt/ros/humble'), ('PWD', '/home/sparklab/sparklab/gnss-ros_ws/build/velodyne_laserscan'), ('PYTHONPATH', '/opt/ros/humble/lib/python3.10/site-packages:/opt/ros/humble/local/lib/python3.10/dist-packages'), ('COLCON', '1'), ('CMAKE_PREFIX_PATH', '/opt/ros/humble')]), 'shell': False}
[1.402226] (-) TimerEvent: {}
[1.408950] (velodyne_laserscan) StdoutLine: {'line': b'[ 25%] \x1b[32mBuilding CXX object CMakeFiles/velodyne_laserscan.dir/src/velodyne_laserscan.cpp.o\x1b[0m\n'}
[1.419322] (velodyne_msgs) StdoutLine: {'line': b'-- Using all available rosidl_typesupport_c: rosidl_typesupport_fastrtps_c;rosidl_typesupport_introspection_c\n'}
[1.502350] (-) TimerEvent: {}
[1.564196] (velodyne_msgs) StdoutLine: {'line': b'-- Using all available rosidl_typesupport_cpp: rosidl_typesupport_fastrtps_cpp;rosidl_typesupport_introspection_cpp\n'}
[1.587921] (velodyne_msgs) StdoutLine: {'line': b'-- Found PythonInterp: /usr/bin/python3 (found suitable version "3.10.12", minimum required is "3.6") \n'}
[1.589742] (velodyne_msgs) StdoutLine: {'line': b'-- Found python_cmake_module: 0.10.0 (/opt/ros/humble/share/python_cmake_module/cmake)\n'}
[1.602463] (-) TimerEvent: {}
[1.614022] (velodyne_msgs) StdoutLine: {'line': b'-- Found PythonLibs: /usr/lib/x86_64-linux-gnu/libpython3.10.so (found suitable version "3.10.12", minimum required is "3.5") \n'}
[1.614248] (velodyne_msgs) StdoutLine: {'line': b'-- Using PYTHON_EXECUTABLE: /usr/bin/python3\n'}
[1.614355] (velodyne_msgs) StdoutLine: {'line': b'-- Using PYTHON_INCLUDE_DIRS: /usr/include/python3.10\n'}
[1.614429] (velodyne_msgs) StdoutLine: {'line': b'-- Using PYTHON_LIBRARIES: /usr/lib/x86_64-linux-gnu/libpython3.10.so\n'}
[1.634944] (velodyne_msgs) StdoutLine: {'line': b'-- Found PythonExtra: .so  \n'}
[1.686730] (velodyne_msgs) StdoutLine: {'line': b'-- Found ament_cmake_flake8: 0.12.12 (/opt/ros/humble/share/ament_cmake_flake8/cmake)\n'}
[1.689090] (velodyne_msgs) StdoutLine: {'line': b'-- Found ament_cmake_pep257: 0.12.12 (/opt/ros/humble/share/ament_cmake_pep257/cmake)\n'}
[1.692692] (velodyne_msgs) StdoutLine: {'line': b'-- Found ament_lint_auto: 0.12.12 (/opt/ros/humble/share/ament_lint_auto/cmake)\n'}
[1.702570] (-) TimerEvent: {}
[1.711111] (velodyne_msgs) StdoutLine: {'line': b"-- Added test 'copyright' to check source files copyright and LICENSE\n"}
[1.711664] (velodyne_msgs) StdoutLine: {'line': b"-- Added test 'lint_cmake' to check CMake code style\n"}
[1.712150] (velodyne_msgs) StdoutLine: {'line': b"-- Added test 'xmllint' to check XML markup files\n"}
[1.716157] (velodyne_msgs) StdoutLine: {'line': b'-- Configuring done\n'}
[1.755720] (velodyne_msgs) StdoutLine: {'line': b'-- Generating done\n'}
[1.767552] (velodyne_msgs) StdoutLine: {'line': b'-- Build files have been written to: /home/sparklab/sparklab/gnss-ros_ws/build/velodyne_msgs\n'}
[1.776023] (velodyne_msgs) CommandEnded: {'returncode': 0}
[1.776517] (velodyne_msgs) JobProgress: {'identifier': 'velodyne_msgs', 'progress': 'build'}
[1.777357] (velodyne_msgs) Command: {'cmd': ['/usr/bin/cmake', '--build', '/home/sparklab/sparklab/gnss-ros_ws/build/velodyne_msgs', '--', '-j4', '-l4'], 'cwd': '/home/sparklab/sparklab/gnss-ros_ws/build/velodyne_msgs', 'env': OrderedDict([('PYTHONIOENCODING', 'utf-8'), ('HOSTNAME', '6764024e662c'), ('SHLVL', '1'), ('LD_LIBRARY_PATH', '/opt/ros/humble/opt/rviz_ogre_vendor/lib:/opt/ros/humble/lib/x86_64-linux-gnu:/opt/ros/humble/lib'), ('HOME', '/home/sparklab'), ('OLDPWD', '/home/sparklab/sparklab'), ('ROS_PYTHON_VERSION', '3'), ('ROS_DISTRO', 'humble'), ('_', '/usr/bin/colcon'), ('ROS_VERSION', '2'), ('TERM', 'xterm'), ('ROS_LOCALHOST_ONLY', '0'), ('PATH', '/opt/ros/humble/bin:/usr/local/sbin:/usr/local/bin:/usr/sbin:/usr/bin:/sbin:/bin'), ('LANG', 'en_US.UTF-8'), ('AMENT_PREFIX_PATH', '/opt/ros/humble'), ('PWD', '/home/sparklab/sparklab/gnss-ros_ws/build/velodyne_msgs'), ('PYTHONPATH', '/opt/ros/humble/lib/python3.10/site-packages:/opt/ros/humble/local/lib/python3.10/dist-packages'), ('COLCON', '1'), ('CMAKE_PREFIX_PATH', '/opt/ros/humble')]), 'shell': False}
[1.802700] (-) TimerEvent: {}
[1.816259] (velodyne_msgs) StdoutLine: {'line': b'[  2%] \x1b[34m\x1b[1mGenerating C code for ROS interfaces\x1b[0m\n'}
[1.828323] (velodyne_msgs) StdoutLine: {'line': b'[  5%] \x1b[34m\x1b[1mGenerating C++ code for ROS interfaces\x1b[0m\n'}
[1.831016] (velodyne_msgs) StdoutLine: {'line': b'[  5%] Built target ament_cmake_python_symlink_velodyne_msgs\n'}
[1.902802] (-) TimerEvent: {}
[2.003054] (-) TimerEvent: {}
[2.071132] (velodyne_msgs) StdoutLine: {'line': b'running egg_info\n'}
[2.071863] (velodyne_msgs) StdoutLine: {'line': b'creating velodyne_msgs.egg-info\n'}
[2.072078] (velodyne_msgs) StdoutLine: {'line': b'writing velodyne_msgs.egg-info/PKG-INFO\n'}
[2.072303] (velodyne_msgs) StdoutLine: {'line': b'writing dependency_links to velodyne_msgs.egg-info/dependency_links.txt\n'}
[2.072502] (velodyne_msgs) StdoutLine: {'line': b'writing top-level names to velodyne_msgs.egg-info/top_level.txt\n'}
[2.072701] (velodyne_msgs) StdoutLine: {'line': b"writing manifest file 'velodyne_msgs.egg-info/SOURCES.txt'\n"}
[2.074847] (velodyne_msgs) StdoutLine: {'line': b"reading manifest file 'velodyne_msgs.egg-info/SOURCES.txt'\n"}
[2.075436] (velodyne_msgs) StdoutLine: {'line': b"writing manifest file 'velodyne_msgs.egg-info/SOURCES.txt'\n"}
[2.103147] (-) TimerEvent: {}
[2.104511] (velodyne_msgs) StdoutLine: {'line': b'[  5%] Built target ament_cmake_python_build_velodyne_msgs_egg\n'}
[2.203245] (-) TimerEvent: {}
[2.228690] (velodyne_msgs) StdoutLine: {'line': b'[  5%] Built target velodyne_msgs__cpp\n'}
[2.238762] (velodyne_msgs) StdoutLine: {'line': b'[ 10%] \x1b[34m\x1b[1mGenerating C++ type support for eProsima Fast-RTPS\x1b[0m\n'}
[2.238989] (velodyne_msgs) StdoutLine: {'line': b'[ 10%] \x1b[34m\x1b[1mGenerating C++ type support dispatch for ROS interfaces\x1b[0m\n'}
[2.246179] (velodyne_msgs) StdoutLine: {'line': b'[ 12%] \x1b[34m\x1b[1mGenerating C++ introspection for ROS interfaces\x1b[0m\n'}
[2.296309] (velodyne_msgs) StdoutLine: {'line': b'[ 15%] \x1b[32mBuilding C object CMakeFiles/velodyne_msgs__rosidl_generator_c.dir/rosidl_generator_c/velodyne_msgs/msg/detail/velodyne_packet__functions.c.o\x1b[0m\n'}
[2.303338] (-) TimerEvent: {}
[2.404086] (-) TimerEvent: {}
[2.440111] (velodyne_msgs) StdoutLine: {'line': b'[ 17%] \x1b[32mBuilding C object CMakeFiles/velodyne_msgs__rosidl_generator_c.dir/rosidl_generator_c/velodyne_msgs/msg/detail/velodyne_scan__functions.c.o\x1b[0m\n'}
[2.504183] (-) TimerEvent: {}
[2.568584] (velodyne_msgs) StdoutLine: {'line': b'[ 20%] \x1b[32mBuilding CXX object CMakeFiles/velodyne_msgs__rosidl_typesupport_cpp.dir/rosidl_typesupport_cpp/velodyne_msgs/msg/velodyne_packet__type_support.cpp.o\x1b[0m\n'}
[2.580524] (velodyne_msgs) StdoutLine: {'line': b'[ 23%] \x1b[32m\x1b[1mLinking C shared library libvelodyne_msgs__rosidl_generator_c.so\x1b[0m\n'}
[2.604279] (-) TimerEvent: {}
[2.636473] (velodyne_msgs) StdoutLine: {'line': b'[ 23%] Built target velodyne_msgs__rosidl_generator_c\n'}
[2.646251] (velodyne_msgs) StdoutLine: {'line': b'[ 25%] \x1b[34m\x1b[1mGenerating C type support for eProsima Fast-RTPS\x1b[0m\n'}
[2.681851] (velodyne_msgs) StdoutLine: {'line': b'[ 28%] \x1b[32mBuilding CXX object CMakeFiles/velodyne_msgs__rosidl_typesupport_fastrtps_cpp.dir/rosidl_typesupport_fastrtps_cpp/velodyne_msgs/msg/detail/dds_fastrtps/velodyne_packet__type_support.cpp.o\x1b[0m\n'}
[2.704378] (-) TimerEvent: {}
[2.725495] (velodyne_msgs) StdoutLine: {'line': b'[ 30%] \x1b[32mBuilding CXX object CMakeFiles/velodyne_msgs__rosidl_typesupport_introspection_cpp.dir/rosidl_typesupport_introspection_cpp/velodyne_msgs/msg/detail/velodyne_packet__type_support.cpp.o\x1b[0m\n'}
[2.804474] (-) TimerEvent: {}
[2.905012] (-) TimerEvent: {}
[2.944236] (velodyne_msgs) StdoutLine: {'line': b'[ 33%] \x1b[32mBuilding CXX object CMakeFiles/velodyne_msgs__rosidl_typesupport_cpp.dir/rosidl_typesupport_cpp/velodyne_msgs/msg/velodyne_scan__type_support.cpp.o\x1b[0m\n'}
[3.005119] (-) TimerEvent: {}
[3.096437] (velodyne_msgs) StdoutLine: {'line': b'[ 35%] \x1b[32mBuilding CXX object CMakeFiles/velodyne_msgs__rosidl_typesupport_fastrtps_c.dir/rosidl_typesupport_fastrtps_c/velodyne_msgs/msg/detail/velodyne_packet__type_support_c.cpp.o\x1b[0m\n'}
[3.105225] (-) TimerEvent: {}
[3.169390] (velodyne_msgs) StdoutLine: {'line': b'[ 38%] \x1b[32mBuilding CXX object CMakeFiles/velodyne_msgs__rosidl_typesupport_fastrtps_cpp.dir/rosidl_typesupport_fastrtps_cpp/velodyne_msgs/msg/detail/dds_fastrtps/velodyne_scan__type_support.cpp.o\x1b[0m\n'}
[3.205328] (-) TimerEvent: {}
[3.305908] (-) TimerEvent: {}
[3.324298] (velodyne_msgs) StdoutLine: {'line': b'[ 41%] \x1b[32mBuilding CXX object CMakeFiles/velodyne_msgs__rosidl_typesupport_introspection_cpp.dir/rosidl_typesupport_introspection_cpp/velodyne_msgs/msg/detail/velodyne_scan__type_support.cpp.o\x1b[0m\n'}
[3.329479] (velodyne_msgs) StdoutLine: {'line': b'[ 43%] \x1b[32m\x1b[1mLinking CXX shared library libvelodyne_msgs__rosidl_typesupport_cpp.so\x1b[0m\n'}
[3.406015] (-) TimerEvent: {}
[3.464524] (velodyne_msgs) StdoutLine: {'line': b'[ 43%] Built target velodyne_msgs__rosidl_typesupport_cpp\n'}
[3.506108] (-) TimerEvent: {}
[3.518663] (velodyne_msgs) StdoutLine: {'line': b'[ 46%] \x1b[34m\x1b[1mGenerating C introspection for ROS interfaces\x1b[0m\n'}
[3.558227] (velodyne_msgs) StdoutLine: {'line': b'[ 48%] \x1b[32mBuilding CXX object CMakeFiles/velodyne_msgs__rosidl_typesupport_fastrtps_c.dir/rosidl_typesupport_fastrtps_c/velodyne_msgs/msg/detail/velodyne_scan__type_support_c.cpp.o\x1b[0m\n'}
[3.606201] (-) TimerEvent: {}
[3.704389] (velodyne_msgs) StdoutLine: {'line': b'[ 51%] \x1b[32m\x1b[1mLinking CXX shared library libvelodyne_msgs__rosidl_typesupport_fastrtps_cpp.so\x1b[0m\n'}
[3.706286] (-) TimerEvent: {}
[3.806826] (-) TimerEvent: {}
[3.890172] (velodyne_msgs) StdoutLine: {'line': b'[ 51%] Built target velodyne_msgs__rosidl_typesupport_fastrtps_cpp\n'}
[3.906924] (-) TimerEvent: {}
[3.927018] (velodyne_msgs) StdoutLine: {'line': b'[ 53%] \x1b[32m\x1b[1mLinking CXX shared library libvelodyne_msgs__rosidl_typesupport_introspection_cpp.so\x1b[0m\n'}
[3.927263] (velodyne_msgs) StdoutLine: {'line': b'[ 56%] \x1b[32m\x1b[1mLinking CXX shared library libvelodyne_msgs__rosidl_typesupport_fastrtps_c.so\x1b[0m\n'}
[3.934303] (velodyne_msgs) StdoutLine: {'line': b'[ 58%] \x1b[34m\x1b[1mGenerating C type support dispatch for ROS interfaces\x1b[0m\n'}
[4.007041] (-) TimerEvent: {}
[4.037218] (velodyne_msgs) StdoutLine: {'line': b'[ 58%] Built target velodyne_msgs__rosidl_typesupport_introspection_cpp\n'}
[4.073125] (velodyne_msgs) StdoutLine: {'line': b'[ 61%] \x1b[32mBuilding C object CMakeFiles/velodyne_msgs__rosidl_typesupport_introspection_c.dir/rosidl_typesupport_introspection_c/velodyne_msgs/msg/detail/velodyne_packet__type_support.c.o\x1b[0m\n'}
[4.082465] (velodyne_msgs) StdoutLine: {'line': b'[ 64%] \x1b[32mBuilding C object CMakeFiles/velodyne_msgs__rosidl_typesupport_introspection_c.dir/rosidl_typesupport_introspection_c/velodyne_msgs/msg/detail/velodyne_scan__type_support.c.o\x1b[0m\n'}
[4.107128] (-) TimerEvent: {}
[4.108295] (velodyne_msgs) StdoutLine: {'line': b'[ 64%] Built target velodyne_msgs__rosidl_typesupport_fastrtps_c\n'}
[4.125235] (velodyne_msgs) StdoutLine: {'line': b'[ 66%] \x1b[32m\x1b[1mLinking C shared library libvelodyne_msgs__rosidl_typesupport_introspection_c.so\x1b[0m\n'}
[4.154850] (velodyne_msgs) StdoutLine: {'line': b'[ 66%] Built target velodyne_msgs__rosidl_typesupport_introspection_c\n'}
[4.207251] (-) TimerEvent: {}
[4.280262] (velodyne_msgs) StdoutLine: {'line': b'[ 71%] \x1b[32mBuilding CXX object CMakeFiles/velodyne_msgs__rosidl_typesupport_c.dir/rosidl_typesupport_c/velodyne_msgs/msg/velodyne_packet__type_support.cpp.o\x1b[0m\n'}
[4.280431] (velodyne_msgs) StdoutLine: {'line': b'[ 71%] \x1b[32mBuilding CXX object CMakeFiles/velodyne_msgs__rosidl_typesupport_c.dir/rosidl_typesupport_c/velodyne_msgs/msg/velodyne_scan__type_support.cpp.o\x1b[0m\n'}
[4.307377] (-) TimerEvent: {}
[4.311282] (velodyne_msgs) StdoutLine: {'line': b'[ 74%] \x1b[32m\x1b[1mLinking CXX shared library libvelodyne_msgs__rosidl_typesupport_c.so\x1b[0m\n'}
[4.350783] (velodyne_msgs) StdoutLine: {'line': b'[ 74%] Built target velodyne_msgs__rosidl_typesupport_c\n'}
[4.368597] (velodyne_msgs) StdoutLine: {'line': b'[ 74%] Built target velodyne_msgs\n'}
[4.386861] (velodyne_msgs) StdoutLine: {'line': b'[ 76%] \x1b[34m\x1b[1mGenerating Python code for ROS interfaces\x1b[0m\n'}
[4.407497] (-) TimerEvent: {}
[4.507769] (-) TimerEvent: {}
[4.608048] (-) TimerEvent: {}
[4.708323] (-) TimerEvent: {}
[4.808600] (-) TimerEvent: {}
[4.897279] (velodyne_msgs) StdoutLine: {'line': b'[ 76%] Built target velodyne_msgs__py\n'}
[4.908699] (-) TimerEvent: {}
[4.915437] (velodyne_msgs) StdoutLine: {'line': b'[ 82%] \x1b[32mBuilding C object CMakeFiles/velodyne_msgs__rosidl_generator_py.dir/rosidl_generator_py/velodyne_msgs/msg/_velodyne_scan_s.c.o\x1b[0m\n'}
[4.915606] (velodyne_msgs) StdoutLine: {'line': b'[ 82%] \x1b[32mBuilding C object CMakeFiles/velodyne_msgs__rosidl_generator_py.dir/rosidl_generator_py/velodyne_msgs/msg/_velodyne_packet_s.c.o\x1b[0m\n'}
[5.008830] (-) TimerEvent: {}
[5.027612] (velodyne_msgs) StdoutLine: {'line': b'[ 84%] \x1b[32m\x1b[1mLinking C shared library rosidl_generator_py/velodyne_msgs/libvelodyne_msgs__rosidl_generator_py.so\x1b[0m\n'}
[5.067228] (velodyne_msgs) StdoutLine: {'line': b'[ 84%] Built target velodyne_msgs__rosidl_generator_py\n'}
[5.085613] (velodyne_msgs) StdoutLine: {'line': b'[ 87%] \x1b[32mBuilding C object CMakeFiles/velodyne_msgs__rosidl_typesupport_fastrtps_c__pyext.dir/rosidl_generator_py/velodyne_msgs/_velodyne_msgs_s.ep.rosidl_typesupport_fastrtps_c.c.o\x1b[0m\n'}
[5.092151] (velodyne_msgs) StdoutLine: {'line': b'[ 92%] \x1b[32mBuilding C object CMakeFiles/velodyne_msgs__rosidl_typesupport_c__pyext.dir/rosidl_generator_py/velodyne_msgs/_velodyne_msgs_s.ep.rosidl_typesupport_c.c.o\x1b[0m\n'}
[5.092329] (velodyne_msgs) StdoutLine: {'line': b'[ 92%] \x1b[32mBuilding C object CMakeFiles/velodyne_msgs__rosidl_typesupport_introspection_c__pyext.dir/rosidl_generator_py/velodyne_msgs/_velodyne_msgs_s.ep.rosidl_typesupport_introspection_c.c.o\x1b[0m\n'}
[5.108952] (-) TimerEvent: {}
[5.209284] (-) TimerEvent: {}
[5.214231] (velodyne_msgs) StdoutLine: {'line': b'[ 94%] \x1b[32m\x1b[1mLinking C shared library rosidl_generator_py/velodyne_msgs/velodyne_msgs_s__rosidl_typesupport_c.cpython-310-x86_64-linux-gnu.so\x1b[0m\n'}
[5.222232] (velodyne_msgs) StdoutLine: {'line': b'[ 97%] \x1b[32m\x1b[1mLinking C shared library rosidl_generator_py/velodyne_msgs/velodyne_msgs_s__rosidl_typesupport_fastrtps_c.cpython-310-x86_64-linux-gnu.so\x1b[0m\n'}
[5.240804] (velodyne_msgs) StdoutLine: {'line': b'[100%] \x1b[32m\x1b[1mLinking C shared library rosidl_generator_py/velodyne_msgs/velodyne_msgs_s__rosidl_typesupport_introspection_c.cpython-310-x86_64-linux-gnu.so\x1b[0m\n'}
[5.253799] (velodyne_msgs) StdoutLine: {'line': b'[100%] Built target velodyne_msgs__rosidl_typesupport_c__pyext\n'}
[5.268436] (velodyne_msgs) StdoutLine: {'line': b'[100%] Built target velodyne_msgs__rosidl_typesupport_fastrtps_c__pyext\n'}
[5.280105] (velodyne_msgs) StdoutLine: {'line': b'[100%] Built target velodyne_msgs__rosidl_typesupport_introspection_c__pyext\n'}
[5.290306] (velodyne_msgs) CommandEnded: {'returncode': 0}
[5.290916] (velodyne_msgs) JobProgress: {'identifier': 'velodyne_msgs', 'progress': 'install'}
[5.291923] (velodyne_msgs) Command: {'cmd': ['/usr/bin/cmake', '--install', '/home/sparklab/sparklab/gnss-ros_ws/build/velodyne_msgs'], 'cwd': '/home/sparklab/sparklab/gnss-ros_ws/build/velodyne_msgs', 'env': OrderedDict([('PYTHONIOENCODING', 'utf-8'), ('HOSTNAME', '6764024e662c'), ('SHLVL', '1'), ('LD_LIBRARY_PATH', '/opt/ros/humble/opt/rviz_ogre_vendor/lib:/opt/ros/humble/lib/x86_64-linux-gnu:/opt/ros/humble/lib'), ('HOME', '/home/sparklab'), ('OLDPWD', '/home/sparklab/sparklab'), ('ROS_PYTHON_VERSION', '3'), ('ROS_DISTRO', 'humble'), ('_', '/usr/bin/colcon'), ('ROS_VERSION', '2'), ('TERM', 'xterm'), ('ROS_LOCALHOST_ONLY', '0'), ('PATH', '/opt/ros/humble/bin:/usr/local/sbin:/usr/local/bin:/usr/sbin:/usr/bin:/sbin:/bin'), ('LANG', 'en_US.UTF-8'), ('AMENT_PREFIX_PATH', '/opt/ros/humble'), ('PWD', '/home/sparklab/sparklab/gnss-ros_ws/build/velodyne_msgs'), ('PYTHONPATH', '/opt/ros/humble/lib/python3.10/site-packages:/opt/ros/humble/local/lib/python3.10/dist-packages'), ('COLCON', '1'), ('CMAKE_PREFIX_PATH', '/opt/ros/humble')]), 'shell': False}
[5.298653] (velodyne_msgs) StdoutLine: {'line': b'-- Install configuration: ""\n'}
[5.299190] (velodyne_msgs) StdoutLine: {'line': b'-- Execute custom install script\n'}
[5.299475] (velodyne_msgs) StdoutLine: {'line': b'-- Symlinking: /home/sparklab/sparklab/gnss-ros_ws/install/velodyne_msgs/share/ament_index/resource_index/rosidl_interfaces/velodyne_msgs\n'}
[5.307551] (velodyne_msgs) StdoutLine: {'line': b'-- Symlinking: /home/sparklab/sparklab/gnss-ros_ws/install/velodyne_msgs/include/velodyne_msgs/velodyne_msgs/msg/detail/velodyne_packet__functions.h\n'}
[5.309388] (-) TimerEvent: {}
[5.315036] (velodyne_msgs) StdoutLine: {'line': b'-- Symlinking: /home/sparklab/sparklab/gnss-ros_ws/install/velodyne_msgs/include/velodyne_msgs/velodyne_msgs/msg/detail/velodyne_packet__struct.h\n'}
[5.322507] (velodyne_msgs) StdoutLine: {'line': b'-- Symlinking: /home/sparklab/sparklab/gnss-ros_ws/install/velodyne_msgs/include/velodyne_msgs/velodyne_msgs/msg/detail/velodyne_packet__type_support.h\n'}
[5.329971] (velodyne_msgs) StdoutLine: {'line': b'-- Symlinking: /home/sparklab/sparklab/gnss-ros_ws/install/velodyne_msgs/include/velodyne_msgs/velodyne_msgs/msg/detail/velodyne_scan__functions.h\n'}
[5.337458] (velodyne_msgs) StdoutLine: {'line': b'-- Symlinking: /home/sparklab/sparklab/gnss-ros_ws/install/velodyne_msgs/include/velodyne_msgs/velodyne_msgs/msg/detail/velodyne_scan__struct.h\n'}
[5.344903] (velodyne_msgs) StdoutLine: {'line': b'-- Symlinking: /home/sparklab/sparklab/gnss-ros_ws/install/velodyne_msgs/include/velodyne_msgs/velodyne_msgs/msg/detail/velodyne_scan__type_support.h\n'}
[5.352502] (velodyne_msgs) StdoutLine: {'line': b'-- Symlinking: /home/sparklab/sparklab/gnss-ros_ws/install/velodyne_msgs/include/velodyne_msgs/velodyne_msgs/msg/rosidl_generator_c__visibility_control.h\n'}
[5.359961] (velodyne_msgs) StdoutLine: {'line': b'-- Symlinking: /home/sparklab/sparklab/gnss-ros_ws/install/velodyne_msgs/include/velodyne_msgs/velodyne_msgs/msg/velodyne_packet.h\n'}
[5.367466] (velodyne_msgs) StdoutLine: {'line': b'-- Symlinking: /home/sparklab/sparklab/gnss-ros_ws/install/velodyne_msgs/include/velodyne_msgs/velodyne_msgs/msg/velodyne_scan.h\n'}
[5.375089] (velodyne_msgs) StdoutLine: {'line': b'-- Symlinking: /home/sparklab/sparklab/gnss-ros_ws/install/velodyne_msgs/share/velodyne_msgs/environment/library_path.sh\n'}
[5.382691] (velodyne_msgs) StdoutLine: {'line': b'-- Symlinking: /home/sparklab/sparklab/gnss-ros_ws/install/velodyne_msgs/share/velodyne_msgs/environment/library_path.dsv\n'}
[5.390528] (velodyne_msgs) StdoutLine: {'line': b'-- Symlinking: /home/sparklab/sparklab/gnss-ros_ws/install/velodyne_msgs/include/velodyne_msgs/velodyne_msgs/msg/detail/velodyne_packet__rosidl_typesupport_fastrtps_c.h\n'}
[5.397992] (velodyne_msgs) StdoutLine: {'line': b'-- Symlinking: /home/sparklab/sparklab/gnss-ros_ws/install/velodyne_msgs/include/velodyne_msgs/velodyne_msgs/msg/detail/velodyne_scan__rosidl_typesupport_fastrtps_c.h\n'}
[5.405412] (velodyne_msgs) StdoutLine: {'line': b'-- Symlinking: /home/sparklab/sparklab/gnss-ros_ws/install/velodyne_msgs/include/velodyne_msgs/velodyne_msgs/msg/rosidl_typesupport_fastrtps_c__visibility_control.h\n'}
[5.409520] (-) TimerEvent: {}
[5.413144] (velodyne_msgs) StdoutLine: {'line': b'-- Symlinking: /home/sparklab/sparklab/gnss-ros_ws/install/velodyne_msgs/include/velodyne_msgs/velodyne_msgs/msg/detail/velodyne_packet__builder.hpp\n'}
[5.420642] (velodyne_msgs) StdoutLine: {'line': b'-- Symlinking: /home/sparklab/sparklab/gnss-ros_ws/install/velodyne_msgs/include/velodyne_msgs/velodyne_msgs/msg/detail/velodyne_packet__struct.hpp\n'}
[5.428120] (velodyne_msgs) StdoutLine: {'line': b'-- Symlinking: /home/sparklab/sparklab/gnss-ros_ws/install/velodyne_msgs/include/velodyne_msgs/velodyne_msgs/msg/detail/velodyne_packet__traits.hpp\n'}
[5.435585] (velodyne_msgs) StdoutLine: {'line': b'-- Symlinking: /home/sparklab/sparklab/gnss-ros_ws/install/velodyne_msgs/include/velodyne_msgs/velodyne_msgs/msg/detail/velodyne_packet__type_support.hpp\n'}
[5.443059] (velodyne_msgs) StdoutLine: {'line': b'-- Symlinking: /home/sparklab/sparklab/gnss-ros_ws/install/velodyne_msgs/include/velodyne_msgs/velodyne_msgs/msg/detail/velodyne_scan__builder.hpp\n'}
[5.450525] (velodyne_msgs) StdoutLine: {'line': b'-- Symlinking: /home/sparklab/sparklab/gnss-ros_ws/install/velodyne_msgs/include/velodyne_msgs/velodyne_msgs/msg/detail/velodyne_scan__struct.hpp\n'}
[5.457979] (velodyne_msgs) StdoutLine: {'line': b'-- Symlinking: /home/sparklab/sparklab/gnss-ros_ws/install/velodyne_msgs/include/velodyne_msgs/velodyne_msgs/msg/detail/velodyne_scan__traits.hpp\n'}
[5.465407] (velodyne_msgs) StdoutLine: {'line': b'-- Symlinking: /home/sparklab/sparklab/gnss-ros_ws/install/velodyne_msgs/include/velodyne_msgs/velodyne_msgs/msg/detail/velodyne_scan__type_support.hpp\n'}
[5.472936] (velodyne_msgs) StdoutLine: {'line': b'-- Symlinking: /home/sparklab/sparklab/gnss-ros_ws/install/velodyne_msgs/include/velodyne_msgs/velodyne_msgs/msg/rosidl_generator_cpp__visibility_control.hpp\n'}
[5.480423] (velodyne_msgs) StdoutLine: {'line': b'-- Symlinking: /home/sparklab/sparklab/gnss-ros_ws/install/velodyne_msgs/include/velodyne_msgs/velodyne_msgs/msg/velodyne_packet.hpp\n'}
[5.487951] (velodyne_msgs) StdoutLine: {'line': b'-- Symlinking: /home/sparklab/sparklab/gnss-ros_ws/install/velodyne_msgs/include/velodyne_msgs/velodyne_msgs/msg/velodyne_scan.hpp\n'}
[5.495960] (velodyne_msgs) StdoutLine: {'line': b'-- Symlinking: /home/sparklab/sparklab/gnss-ros_ws/install/velodyne_msgs/include/velodyne_msgs/velodyne_msgs/msg/detail/velodyne_packet__rosidl_typesupport_fastrtps_cpp.hpp\n'}
[5.503549] (velodyne_msgs) StdoutLine: {'line': b'-- Symlinking: /home/sparklab/sparklab/gnss-ros_ws/install/velodyne_msgs/include/velodyne_msgs/velodyne_msgs/msg/detail/velodyne_scan__rosidl_typesupport_fastrtps_cpp.hpp\n'}
[5.509651] (-) TimerEvent: {}
[5.511120] (velodyne_msgs) StdoutLine: {'line': b'-- Symlinking: /home/sparklab/sparklab/gnss-ros_ws/install/velodyne_msgs/include/velodyne_msgs/velodyne_msgs/msg/rosidl_typesupport_fastrtps_cpp__visibility_control.h\n'}
[5.519012] (velodyne_msgs) StdoutLine: {'line': b'-- Symlinking: /home/sparklab/sparklab/gnss-ros_ws/install/velodyne_msgs/include/velodyne_msgs/velodyne_msgs/msg/detail/velodyne_packet__rosidl_typesupport_introspection_c.h\n'}
[5.526589] (velodyne_msgs) StdoutLine: {'line': b'-- Symlinking: /home/sparklab/sparklab/gnss-ros_ws/install/velodyne_msgs/include/velodyne_msgs/velodyne_msgs/msg/detail/velodyne_scan__rosidl_typesupport_introspection_c.h\n'}
[5.534128] (velodyne_msgs) StdoutLine: {'line': b'-- Symlinking: /home/sparklab/sparklab/gnss-ros_ws/install/velodyne_msgs/include/velodyne_msgs/velodyne_msgs/msg/rosidl_typesupport_introspection_c__visibility_control.h\n'}
[5.542023] (velodyne_msgs) StdoutLine: {'line': b'-- Symlinking: /home/sparklab/sparklab/gnss-ros_ws/install/velodyne_msgs/include/velodyne_msgs/velodyne_msgs/msg/detail/velodyne_packet__rosidl_typesupport_introspection_cpp.hpp\n'}
[5.549637] (velodyne_msgs) StdoutLine: {'line': b'-- Symlinking: /home/sparklab/sparklab/gnss-ros_ws/install/velodyne_msgs/include/velodyne_msgs/velodyne_msgs/msg/detail/velodyne_scan__rosidl_typesupport_introspection_cpp.hpp\n'}
[5.557189] (velodyne_msgs) StdoutLine: {'line': b'-- Symlinking: /home/sparklab/sparklab/gnss-ros_ws/install/velodyne_msgs/share/velodyne_msgs/environment/pythonpath.sh\n'}
[5.564766] (velodyne_msgs) StdoutLine: {'line': b'-- Symlinking: /home/sparklab/sparklab/gnss-ros_ws/install/velodyne_msgs/share/velodyne_msgs/environment/pythonpath.dsv\n'}
[5.572659] (velodyne_msgs) StdoutLine: {'line': b'-- Symlinking: /home/sparklab/sparklab/gnss-ros_ws/install/velodyne_msgs/local/lib/python3.10/dist-packages/velodyne_msgs-2.5.1-py3.10.egg-info/PKG-INFO\n'}
[5.580138] (velodyne_msgs) StdoutLine: {'line': b'-- Symlinking: /home/sparklab/sparklab/gnss-ros_ws/install/velodyne_msgs/local/lib/python3.10/dist-packages/velodyne_msgs-2.5.1-py3.10.egg-info/SOURCES.txt\n'}
[5.587775] (velodyne_msgs) StdoutLine: {'line': b'-- Symlinking: /home/sparklab/sparklab/gnss-ros_ws/install/velodyne_msgs/local/lib/python3.10/dist-packages/velodyne_msgs-2.5.1-py3.10.egg-info/dependency_links.txt\n'}
[5.595256] (velodyne_msgs) StdoutLine: {'line': b'-- Symlinking: /home/sparklab/sparklab/gnss-ros_ws/install/velodyne_msgs/local/lib/python3.10/dist-packages/velodyne_msgs-2.5.1-py3.10.egg-info/top_level.txt\n'}
[5.603498] (velodyne_msgs) StdoutLine: {'line': b'-- Symlinking: /home/sparklab/sparklab/gnss-ros_ws/install/velodyne_msgs/local/lib/python3.10/dist-packages/velodyne_msgs/__init__.py\n'}
[5.609794] (-) TimerEvent: {}
[5.611168] (velodyne_msgs) StdoutLine: {'line': b'-- Symlinking: /home/sparklab/sparklab/gnss-ros_ws/install/velodyne_msgs/local/lib/python3.10/dist-packages/velodyne_msgs/_velodyne_msgs_s.ep.rosidl_typesupport_c.c\n'}
[5.618656] (velodyne_msgs) StdoutLine: {'line': b'-- Symlinking: /home/sparklab/sparklab/gnss-ros_ws/install/velodyne_msgs/local/lib/python3.10/dist-packages/velodyne_msgs/_velodyne_msgs_s.ep.rosidl_typesupport_fastrtps_c.c\n'}
[5.626165] (velodyne_msgs) StdoutLine: {'line': b'-- Symlinking: /home/sparklab/sparklab/gnss-ros_ws/install/velodyne_msgs/local/lib/python3.10/dist-packages/velodyne_msgs/_velodyne_msgs_s.ep.rosidl_typesupport_introspection_c.c\n'}
[5.633635] (velodyne_msgs) StdoutLine: {'line': b'-- Symlinking: /home/sparklab/sparklab/gnss-ros_ws/install/velodyne_msgs/local/lib/python3.10/dist-packages/velodyne_msgs/libvelodyne_msgs__rosidl_generator_py.so\n'}
[5.641230] (velodyne_msgs) StdoutLine: {'line': b'-- Symlinking: /home/sparklab/sparklab/gnss-ros_ws/install/velodyne_msgs/local/lib/python3.10/dist-packages/velodyne_msgs/msg/__init__.py\n'}
[5.648759] (velodyne_msgs) StdoutLine: {'line': b'-- Symlinking: /home/sparklab/sparklab/gnss-ros_ws/install/velodyne_msgs/local/lib/python3.10/dist-packages/velodyne_msgs/msg/_velodyne_packet.py\n'}
[5.656270] (velodyne_msgs) StdoutLine: {'line': b'-- Symlinking: /home/sparklab/sparklab/gnss-ros_ws/install/velodyne_msgs/local/lib/python3.10/dist-packages/velodyne_msgs/msg/_velodyne_packet_s.c\n'}
[5.663748] (velodyne_msgs) StdoutLine: {'line': b'-- Symlinking: /home/sparklab/sparklab/gnss-ros_ws/install/velodyne_msgs/local/lib/python3.10/dist-packages/velodyne_msgs/msg/_velodyne_scan.py\n'}
[5.671256] (velodyne_msgs) StdoutLine: {'line': b'-- Symlinking: /home/sparklab/sparklab/gnss-ros_ws/install/velodyne_msgs/local/lib/python3.10/dist-packages/velodyne_msgs/msg/_velodyne_scan_s.c\n'}
[5.678710] (velodyne_msgs) StdoutLine: {'line': b'-- Symlinking: /home/sparklab/sparklab/gnss-ros_ws/install/velodyne_msgs/local/lib/python3.10/dist-packages/velodyne_msgs/velodyne_msgs_s__rosidl_typesupport_c.cpython-310-x86_64-linux-gnu.so\n'}
[5.686273] (velodyne_msgs) StdoutLine: {'line': b'-- Symlinking: /home/sparklab/sparklab/gnss-ros_ws/install/velodyne_msgs/local/lib/python3.10/dist-packages/velodyne_msgs/velodyne_msgs_s__rosidl_typesupport_fastrtps_c.cpython-310-x86_64-linux-gnu.so\n'}
[5.693728] (velodyne_msgs) StdoutLine: {'line': b'-- Symlinking: /home/sparklab/sparklab/gnss-ros_ws/install/velodyne_msgs/local/lib/python3.10/dist-packages/velodyne_msgs/velodyne_msgs_s__rosidl_typesupport_introspection_c.cpython-310-x86_64-linux-gnu.so\n'}
[5.701611] (velodyne_msgs) StdoutLine: {'line': b'-- Up-to-date symlink: /home/sparklab/sparklab/gnss-ros_ws/install/velodyne_msgs/local/lib/python3.10/dist-packages/velodyne_msgs/velodyne_msgs_s__rosidl_typesupport_fastrtps_c.cpython-310-x86_64-linux-gnu.so\n'}
[5.701879] (velodyne_msgs) StdoutLine: {'line': b'-- Up-to-date symlink: /home/sparklab/sparklab/gnss-ros_ws/install/velodyne_msgs/local/lib/python3.10/dist-packages/velodyne_msgs/velodyne_msgs_s__rosidl_typesupport_introspection_c.cpython-310-x86_64-linux-gnu.so\n'}
[5.702171] (velodyne_msgs) StdoutLine: {'line': b'-- Up-to-date symlink: /home/sparklab/sparklab/gnss-ros_ws/install/velodyne_msgs/local/lib/python3.10/dist-packages/velodyne_msgs/velodyne_msgs_s__rosidl_typesupport_c.cpython-310-x86_64-linux-gnu.so\n'}
[5.702380] (velodyne_msgs) StdoutLine: {'line': b'-- Symlinking: /home/sparklab/sparklab/gnss-ros_ws/install/velodyne_msgs/share/velodyne_msgs/msg/VelodynePacket.idl\n'}
[5.709892] (-) TimerEvent: {}
[5.710236] (velodyne_msgs) StdoutLine: {'line': b'-- Symlinking: /home/sparklab/sparklab/gnss-ros_ws/install/velodyne_msgs/share/velodyne_msgs/msg/VelodyneScan.idl\n'}
[5.717598] (velodyne_msgs) StdoutLine: {'line': b'-- Symlinking: /home/sparklab/sparklab/gnss-ros_ws/install/velodyne_msgs/share/velodyne_msgs/msg/VelodynePacket.msg\n'}
[5.725203] (velodyne_msgs) StdoutLine: {'line': b'-- Symlinking: /home/sparklab/sparklab/gnss-ros_ws/install/velodyne_msgs/share/velodyne_msgs/msg/VelodyneScan.msg\n'}
[5.732858] (velodyne_msgs) StdoutLine: {'line': b'-- Symlinking: /home/sparklab/sparklab/gnss-ros_ws/install/velodyne_msgs/share/ament_index/resource_index/package_run_dependencies/velodyne_msgs\n'}
[5.740449] (velodyne_msgs) StdoutLine: {'line': b'-- Symlinking: /home/sparklab/sparklab/gnss-ros_ws/install/velodyne_msgs/share/ament_index/resource_index/parent_prefix_path/velodyne_msgs\n'}
[5.748060] (velodyne_msgs) StdoutLine: {'line': b'-- Symlinking: /home/sparklab/sparklab/gnss-ros_ws/install/velodyne_msgs/share/velodyne_msgs/environment/ament_prefix_path.sh\n'}
[5.755674] (velodyne_msgs) StdoutLine: {'line': b'-- Symlinking: /home/sparklab/sparklab/gnss-ros_ws/install/velodyne_msgs/share/velodyne_msgs/environment/ament_prefix_path.dsv\n'}
[5.763249] (velodyne_msgs) StdoutLine: {'line': b'-- Symlinking: /home/sparklab/sparklab/gnss-ros_ws/install/velodyne_msgs/share/velodyne_msgs/environment/path.sh\n'}
[5.770848] (velodyne_msgs) StdoutLine: {'line': b'-- Symlinking: /home/sparklab/sparklab/gnss-ros_ws/install/velodyne_msgs/share/velodyne_msgs/environment/path.dsv\n'}
[5.778477] (velodyne_msgs) StdoutLine: {'line': b'-- Symlinking: /home/sparklab/sparklab/gnss-ros_ws/install/velodyne_msgs/share/velodyne_msgs/local_setup.bash\n'}
[5.786150] (velodyne_msgs) StdoutLine: {'line': b'-- Symlinking: /home/sparklab/sparklab/gnss-ros_ws/install/velodyne_msgs/share/velodyne_msgs/local_setup.sh\n'}
[5.793759] (velodyne_msgs) StdoutLine: {'line': b'-- Symlinking: /home/sparklab/sparklab/gnss-ros_ws/install/velodyne_msgs/share/velodyne_msgs/local_setup.zsh\n'}
[5.801437] (velodyne_msgs) StdoutLine: {'line': b'-- Symlinking: /home/sparklab/sparklab/gnss-ros_ws/install/velodyne_msgs/share/velodyne_msgs/local_setup.dsv\n'}
[5.808999] (velodyne_msgs) StdoutLine: {'line': b'-- Symlinking: /home/sparklab/sparklab/gnss-ros_ws/install/velodyne_msgs/share/velodyne_msgs/package.dsv\n'}
[5.809961] (-) TimerEvent: {}
[5.816723] (velodyne_msgs) StdoutLine: {'line': b'-- Symlinking: /home/sparklab/sparklab/gnss-ros_ws/install/velodyne_msgs/share/ament_index/resource_index/packages/velodyne_msgs\n'}
[5.824428] (velodyne_msgs) StdoutLine: {'line': b'-- Symlinking: /home/sparklab/sparklab/gnss-ros_ws/install/velodyne_msgs/share/velodyne_msgs/cmake/rosidl_cmake-extras.cmake\n'}
[5.832092] (velodyne_msgs) StdoutLine: {'line': b'-- Symlinking: /home/sparklab/sparklab/gnss-ros_ws/install/velodyne_msgs/share/velodyne_msgs/cmake/ament_cmake_export_dependencies-extras.cmake\n'}
[5.839691] (velodyne_msgs) StdoutLine: {'line': b'-- Symlinking: /home/sparklab/sparklab/gnss-ros_ws/install/velodyne_msgs/share/velodyne_msgs/cmake/ament_cmake_export_include_directories-extras.cmake\n'}
[5.847299] (velodyne_msgs) StdoutLine: {'line': b'-- Symlinking: /home/sparklab/sparklab/gnss-ros_ws/install/velodyne_msgs/share/velodyne_msgs/cmake/ament_cmake_export_libraries-extras.cmake\n'}
[5.855126] (velodyne_msgs) StdoutLine: {'line': b'-- Symlinking: /home/sparklab/sparklab/gnss-ros_ws/install/velodyne_msgs/share/velodyne_msgs/cmake/ament_cmake_export_targets-extras.cmake\n'}
[5.862856] (velodyne_msgs) StdoutLine: {'line': b'-- Symlinking: /home/sparklab/sparklab/gnss-ros_ws/install/velodyne_msgs/share/velodyne_msgs/cmake/rosidl_cmake_export_typesupport_targets-extras.cmake\n'}
[5.870689] (velodyne_msgs) StdoutLine: {'line': b'-- Symlinking: /home/sparklab/sparklab/gnss-ros_ws/install/velodyne_msgs/share/velodyne_msgs/cmake/rosidl_cmake_export_typesupport_libraries-extras.cmake\n'}
[5.878353] (velodyne_msgs) StdoutLine: {'line': b'-- Symlinking: /home/sparklab/sparklab/gnss-ros_ws/install/velodyne_msgs/share/velodyne_msgs/cmake/velodyne_msgsConfig.cmake\n'}
[5.886030] (velodyne_msgs) StdoutLine: {'line': b'-- Symlinking: /home/sparklab/sparklab/gnss-ros_ws/install/velodyne_msgs/share/velodyne_msgs/cmake/velodyne_msgsConfig-version.cmake\n'}
[5.893743] (velodyne_msgs) StdoutLine: {'line': b'-- Symlinking: /home/sparklab/sparklab/gnss-ros_ws/install/velodyne_msgs/share/velodyne_msgs/package.xml\n'}
[5.901441] (velodyne_msgs) StdoutLine: {'line': b'-- Installing: /home/sparklab/sparklab/gnss-ros_ws/install/velodyne_msgs/lib/libvelodyne_msgs__rosidl_generator_c.so\n'}
[5.901936] (velodyne_msgs) StdoutLine: {'line': b'-- Set runtime path of "/home/sparklab/sparklab/gnss-ros_ws/install/velodyne_msgs/lib/libvelodyne_msgs__rosidl_generator_c.so" to ""\n'}
[5.902045] (velodyne_msgs) StdoutLine: {'line': b'-- Installing: /home/sparklab/sparklab/gnss-ros_ws/install/velodyne_msgs/lib/libvelodyne_msgs__rosidl_typesupport_fastrtps_c.so\n'}
[5.902408] (velodyne_msgs) StdoutLine: {'line': b'-- Set runtime path of "/home/sparklab/sparklab/gnss-ros_ws/install/velodyne_msgs/lib/libvelodyne_msgs__rosidl_typesupport_fastrtps_c.so" to ""\n'}
[5.902577] (velodyne_msgs) StdoutLine: {'line': b'-- Installing: /home/sparklab/sparklab/gnss-ros_ws/install/velodyne_msgs/lib/libvelodyne_msgs__rosidl_typesupport_fastrtps_cpp.so\n'}
[5.902952] (velodyne_msgs) StdoutLine: {'line': b'-- Set runtime path of "/home/sparklab/sparklab/gnss-ros_ws/install/velodyne_msgs/lib/libvelodyne_msgs__rosidl_typesupport_fastrtps_cpp.so" to ""\n'}
[5.903119] (velodyne_msgs) StdoutLine: {'line': b'-- Installing: /home/sparklab/sparklab/gnss-ros_ws/install/velodyne_msgs/lib/libvelodyne_msgs__rosidl_typesupport_introspection_c.so\n'}
[5.903404] (velodyne_msgs) StdoutLine: {'line': b'-- Set runtime path of "/home/sparklab/sparklab/gnss-ros_ws/install/velodyne_msgs/lib/libvelodyne_msgs__rosidl_typesupport_introspection_c.so" to ""\n'}
[5.903569] (velodyne_msgs) StdoutLine: {'line': b'-- Installing: /home/sparklab/sparklab/gnss-ros_ws/install/velodyne_msgs/lib/libvelodyne_msgs__rosidl_typesupport_c.so\n'}
[5.903832] (velodyne_msgs) StdoutLine: {'line': b'-- Set runtime path of "/home/sparklab/sparklab/gnss-ros_ws/install/velodyne_msgs/lib/libvelodyne_msgs__rosidl_typesupport_c.so" to ""\n'}
[5.903952] (velodyne_msgs) StdoutLine: {'line': b'-- Installing: /home/sparklab/sparklab/gnss-ros_ws/install/velodyne_msgs/lib/libvelodyne_msgs__rosidl_typesupport_introspection_cpp.so\n'}
[5.904364] (velodyne_msgs) StdoutLine: {'line': b'-- Set runtime path of "/home/sparklab/sparklab/gnss-ros_ws/install/velodyne_msgs/lib/libvelodyne_msgs__rosidl_typesupport_introspection_cpp.so" to ""\n'}
[5.904468] (velodyne_msgs) StdoutLine: {'line': b'-- Installing: /home/sparklab/sparklab/gnss-ros_ws/install/velodyne_msgs/lib/libvelodyne_msgs__rosidl_typesupport_cpp.so\n'}
[5.904819] (velodyne_msgs) StdoutLine: {'line': b'-- Set runtime path of "/home/sparklab/sparklab/gnss-ros_ws/install/velodyne_msgs/lib/libvelodyne_msgs__rosidl_typesupport_cpp.so" to ""\n'}
[5.910081] (-) TimerEvent: {}
[5.940823] (velodyne_msgs) StdoutLine: {'line': b"Listing '/home/sparklab/sparklab/gnss-ros_ws/install/velodyne_msgs/local/lib/python3.10/dist-packages/velodyne_msgs'...\n"}
[5.940991] (velodyne_msgs) StdoutLine: {'line': b"Compiling '/home/sparklab/sparklab/gnss-ros_ws/install/velodyne_msgs/local/lib/python3.10/dist-packages/velodyne_msgs/__init__.py'...\n"}
[5.941075] (velodyne_msgs) StdoutLine: {'line': b"Listing '/home/sparklab/sparklab/gnss-ros_ws/install/velodyne_msgs/local/lib/python3.10/dist-packages/velodyne_msgs/msg'...\n"}
[5.941144] (velodyne_msgs) StdoutLine: {'line': b"Compiling '/home/sparklab/sparklab/gnss-ros_ws/install/velodyne_msgs/local/lib/python3.10/dist-packages/velodyne_msgs/msg/__init__.py'...\n"}
[5.941210] (velodyne_msgs) StdoutLine: {'line': b"Compiling '/home/sparklab/sparklab/gnss-ros_ws/install/velodyne_msgs/local/lib/python3.10/dist-packages/velodyne_msgs/msg/_velodyne_packet.py'...\n"}
[5.941276] (velodyne_msgs) StdoutLine: {'line': b"Compiling '/home/sparklab/sparklab/gnss-ros_ws/install/velodyne_msgs/local/lib/python3.10/dist-packages/velodyne_msgs/msg/_velodyne_scan.py'...\n"}
[5.945893] (velodyne_msgs) StdoutLine: {'line': b'-- Installing: /home/sparklab/sparklab/gnss-ros_ws/install/velodyne_msgs/lib/libvelodyne_msgs__rosidl_generator_py.so\n'}
[5.946340] (velodyne_msgs) StdoutLine: {'line': b'-- Set runtime path of "/home/sparklab/sparklab/gnss-ros_ws/install/velodyne_msgs/lib/libvelodyne_msgs__rosidl_generator_py.so" to ""\n'}
[5.946512] (velodyne_msgs) StdoutLine: {'line': b'-- Installing: /home/sparklab/sparklab/gnss-ros_ws/install/velodyne_msgs/share/velodyne_msgs/cmake/export_velodyne_msgs__rosidl_generator_cExport.cmake\n'}
[5.946673] (velodyne_msgs) StdoutLine: {'line': b'-- Installing: /home/sparklab/sparklab/gnss-ros_ws/install/velodyne_msgs/share/velodyne_msgs/cmake/export_velodyne_msgs__rosidl_generator_cExport-noconfig.cmake\n'}
[5.946775] (velodyne_msgs) StdoutLine: {'line': b'-- Installing: /home/sparklab/sparklab/gnss-ros_ws/install/velodyne_msgs/share/velodyne_msgs/cmake/export_velodyne_msgs__rosidl_typesupport_fastrtps_cExport.cmake\n'}
[5.946878] (velodyne_msgs) StdoutLine: {'line': b'-- Installing: /home/sparklab/sparklab/gnss-ros_ws/install/velodyne_msgs/share/velodyne_msgs/cmake/export_velodyne_msgs__rosidl_typesupport_fastrtps_cExport-noconfig.cmake\n'}
[5.946997] (velodyne_msgs) StdoutLine: {'line': b'-- Installing: /home/sparklab/sparklab/gnss-ros_ws/install/velodyne_msgs/share/velodyne_msgs/cmake/export_velodyne_msgs__rosidl_generator_cppExport.cmake\n'}
[5.947147] (velodyne_msgs) StdoutLine: {'line': b'-- Installing: /home/sparklab/sparklab/gnss-ros_ws/install/velodyne_msgs/share/velodyne_msgs/cmake/export_velodyne_msgs__rosidl_typesupport_fastrtps_cppExport.cmake\n'}
[5.947299] (velodyne_msgs) StdoutLine: {'line': b'-- Installing: /home/sparklab/sparklab/gnss-ros_ws/install/velodyne_msgs/share/velodyne_msgs/cmake/export_velodyne_msgs__rosidl_typesupport_fastrtps_cppExport-noconfig.cmake\n'}
[5.947512] (velodyne_msgs) StdoutLine: {'line': b'-- Installing: /home/sparklab/sparklab/gnss-ros_ws/install/velodyne_msgs/share/velodyne_msgs/cmake/velodyne_msgs__rosidl_typesupport_introspection_cExport.cmake\n'}
[5.947666] (velodyne_msgs) StdoutLine: {'line': b'-- Installing: /home/sparklab/sparklab/gnss-ros_ws/install/velodyne_msgs/share/velodyne_msgs/cmake/velodyne_msgs__rosidl_typesupport_introspection_cExport-noconfig.cmake\n'}
[5.947833] (velodyne_msgs) StdoutLine: {'line': b'-- Installing: /home/sparklab/sparklab/gnss-ros_ws/install/velodyne_msgs/share/velodyne_msgs/cmake/velodyne_msgs__rosidl_typesupport_cExport.cmake\n'}
[5.947990] (velodyne_msgs) StdoutLine: {'line': b'-- Installing: /home/sparklab/sparklab/gnss-ros_ws/install/velodyne_msgs/share/velodyne_msgs/cmake/velodyne_msgs__rosidl_typesupport_cExport-noconfig.cmake\n'}
[5.948151] (velodyne_msgs) StdoutLine: {'line': b'-- Installing: /home/sparklab/sparklab/gnss-ros_ws/install/velodyne_msgs/share/velodyne_msgs/cmake/velodyne_msgs__rosidl_typesupport_introspection_cppExport.cmake\n'}
[5.948291] (velodyne_msgs) StdoutLine: {'line': b'-- Installing: /home/sparklab/sparklab/gnss-ros_ws/install/velodyne_msgs/share/velodyne_msgs/cmake/velodyne_msgs__rosidl_typesupport_introspection_cppExport-noconfig.cmake\n'}
[5.948430] (velodyne_msgs) StdoutLine: {'line': b'-- Installing: /home/sparklab/sparklab/gnss-ros_ws/install/velodyne_msgs/share/velodyne_msgs/cmake/velodyne_msgs__rosidl_typesupport_cppExport.cmake\n'}
[5.948584] (velodyne_msgs) StdoutLine: {'line': b'-- Installing: /home/sparklab/sparklab/gnss-ros_ws/install/velodyne_msgs/share/velodyne_msgs/cmake/velodyne_msgs__rosidl_typesupport_cppExport-noconfig.cmake\n'}
[5.948744] (velodyne_msgs) StdoutLine: {'line': b'-- Installing: /home/sparklab/sparklab/gnss-ros_ws/install/velodyne_msgs/share/velodyne_msgs/cmake/export_velodyne_msgs__rosidl_generator_pyExport.cmake\n'}
[5.948938] (velodyne_msgs) StdoutLine: {'line': b'-- Installing: /home/sparklab/sparklab/gnss-ros_ws/install/velodyne_msgs/share/velodyne_msgs/cmake/export_velodyne_msgs__rosidl_generator_pyExport-noconfig.cmake\n'}
[5.951294] (velodyne_msgs) CommandEnded: {'returncode': 0}
[5.967357] (velodyne_msgs) JobEnded: {'identifier': 'velodyne_msgs', 'rc': 0}
[5.967824] (velodyne_driver) JobStarted: {'identifier': 'velodyne_driver'}
[5.970900] (velodyne_pointcloud) JobStarted: {'identifier': 'velodyne_pointcloud'}
[5.976159] (velodyne_driver) JobProgress: {'identifier': 'velodyne_driver', 'progress': 'cmake'}
[5.977231] (velodyne_driver) Command: {'cmd': ['/usr/bin/cmake', '/home/sparklab/sparklab/gnss-ros_ws/src/velodyne/velodyne_driver', '-DAMENT_CMAKE_SYMLINK_INSTALL=1', '-DCMAKE_INSTALL_PREFIX=/home/sparklab/sparklab/gnss-ros_ws/install/velodyne_driver'], 'cwd': '/home/sparklab/sparklab/gnss-ros_ws/build/velodyne_driver', 'env': OrderedDict([('PYTHONIOENCODING', 'utf-8'), ('HOSTNAME', '6764024e662c'), ('SHLVL', '1'), ('LD_LIBRARY_PATH', '/home/sparklab/sparklab/gnss-ros_ws/install/velodyne_msgs/lib:/opt/ros/humble/opt/rviz_ogre_vendor/lib:/opt/ros/humble/lib/x86_64-linux-gnu:/opt/ros/humble/lib'), ('HOME', '/home/sparklab'), ('OLDPWD', '/home/sparklab/sparklab'), ('ROS_PYTHON_VERSION', '3'), ('ROS_DISTRO', 'humble'), ('_', '/usr/bin/colcon'), ('ROS_VERSION', '2'), ('TERM', 'xterm'), ('ROS_LOCALHOST_ONLY', '0'), ('PATH', '/opt/ros/humble/bin:/usr/local/sbin:/usr/local/bin:/usr/sbin:/usr/bin:/sbin:/bin'), ('LANG', 'en_US.UTF-8'), ('AMENT_PREFIX_PATH', '/home/sparklab/sparklab/gnss-ros_ws/install/velodyne_msgs:/opt/ros/humble'), ('PWD', '/home/sparklab/sparklab/gnss-ros_ws/build/velodyne_driver'), ('PYTHONPATH', '/home/sparklab/sparklab/gnss-ros_ws/install/velodyne_msgs/local/lib/python3.10/dist-packages:/opt/ros/humble/lib/python3.10/site-packages:/opt/ros/humble/local/lib/python3.10/dist-packages'), ('COLCON', '1'), ('CMAKE_PREFIX_PATH', '/home/sparklab/sparklab/gnss-ros_ws/install/velodyne_msgs:/opt/ros/humble')]), 'shell': False}
[5.978669] (velodyne_pointcloud) JobProgress: {'identifier': 'velodyne_pointcloud', 'progress': 'cmake'}
[5.979052] (velodyne_pointcloud) Command: {'cmd': ['/usr/bin/cmake', '/home/sparklab/sparklab/gnss-ros_ws/src/velodyne/velodyne_pointcloud', '-DAMENT_CMAKE_SYMLINK_INSTALL=1', '-DCMAKE_INSTALL_PREFIX=/home/sparklab/sparklab/gnss-ros_ws/install/velodyne_pointcloud'], 'cwd': '/home/sparklab/sparklab/gnss-ros_ws/build/velodyne_pointcloud', 'env': OrderedDict([('PYTHONIOENCODING', 'utf-8'), ('HOSTNAME', '6764024e662c'), ('SHLVL', '1'), ('LD_LIBRARY_PATH', '/home/sparklab/sparklab/gnss-ros_ws/install/velodyne_msgs/lib:/opt/ros/humble/opt/rviz_ogre_vendor/lib:/opt/ros/humble/lib/x86_64-linux-gnu:/opt/ros/humble/lib'), ('HOME', '/home/sparklab'), ('OLDPWD', '/home/sparklab/sparklab'), ('ROS_PYTHON_VERSION', '3'), ('ROS_DISTRO', 'humble'), ('_', '/usr/bin/colcon'), ('ROS_VERSION', '2'), ('TERM', 'xterm'), ('ROS_LOCALHOST_ONLY', '0'), ('PATH', '/opt/ros/humble/bin:/usr/local/sbin:/usr/local/bin:/usr/sbin:/usr/bin:/sbin:/bin'), ('LANG', 'en_US.UTF-8'), ('AMENT_PREFIX_PATH', '/home/sparklab/sparklab/gnss-ros_ws/install/velodyne_msgs:/opt/ros/humble'), ('PWD', '/home/sparklab/sparklab/gnss-ros_ws/build/velodyne_pointcloud'), ('PYTHONPATH', '/home/sparklab/sparklab/gnss-ros_ws/install/velodyne_msgs/local/lib/python3.10/dist-packages:/opt/ros/humble/lib/python3.10/site-packages:/opt/ros/humble/local/lib/python3.10/dist-packages'), ('COLCON', '1'), ('CMAKE_PREFIX_PATH', '/home/sparklab/sparklab/gnss-ros_ws/install/velodyne_msgs:/opt/ros/humble')]), 'shell': False}
[6.010211] (-) TimerEvent: {}
[6.045879] (velodyne_pointcloud) StdoutLine: {'line': b'-- The C compiler identification is GNU 11.4.0\n'}
[6.046046] (velodyne_driver) StdoutLine: {'line': b'-- The C compiler identification is GNU 11.4.0\n'}
[6.096475] (velodyne_pointcloud) StdoutLine: {'line': b'-- The CXX compiler identification is GNU 11.4.0\n'}
[6.097280] (velodyne_driver) StdoutLine: {'line': b'-- The CXX compiler identification is GNU 11.4.0\n'}
[6.103899] (velodyne_pointcloud) StdoutLine: {'line': b'-- Detecting C compiler ABI info\n'}
[6.104403] (velodyne_driver) StdoutLine: {'line': b'-- Detecting C compiler ABI info\n'}
[6.110334] (-) TimerEvent: {}
[6.177895] (velodyne_pointcloud) StdoutLine: {'line': b'-- Detecting C compiler ABI info - done\n'}
[6.182034] (velodyne_pointcloud) StdoutLine: {'line': b'-- Check for working C compiler: /usr/bin/cc - skipped\n'}
[6.182365] (velodyne_pointcloud) StdoutLine: {'line': b'-- Detecting C compile features\n'}
[6.182822] (velodyne_pointcloud) StdoutLine: {'line': b'-- Detecting C compile features - done\n'}
[6.185840] (velodyne_driver) StdoutLine: {'line': b'-- Detecting C compiler ABI info - done\n'}
[6.186061] (velodyne_pointcloud) StdoutLine: {'line': b'-- Detecting CXX compiler ABI info\n'}
[6.186211] (velodyne_driver) StdoutLine: {'line': b'-- Check for working C compiler: /usr/bin/cc - skipped\n'}
[6.186477] (velodyne_driver) StdoutLine: {'line': b'-- Detecting C compile features\n'}
[6.186952] (velodyne_driver) StdoutLine: {'line': b'-- Detecting C compile features - done\n'}
[6.190233] (velodyne_driver) StdoutLine: {'line': b'-- Detecting CXX compiler ABI info\n'}
[6.210460] (-) TimerEvent: {}
[6.268113] (velodyne_pointcloud) StdoutLine: {'line': b'-- Detecting CXX compiler ABI info - done\n'}
[6.276359] (velodyne_pointcloud) StdoutLine: {'line': b'-- Check for working CXX compiler: /usr/bin/c++ - skipped\n'}
[6.276627] (velodyne_pointcloud) StdoutLine: {'line': b'-- Detecting CXX compile features\n'}
[6.277118] (velodyne_pointcloud) StdoutLine: {'line': b'-- Detecting CXX compile features - done\n'}
[6.280180] (velodyne_pointcloud) StdoutLine: {'line': b'-- Found ament_cmake: 1.3.11 (/opt/ros/humble/share/ament_cmake/cmake)\n'}
[6.281849] (velodyne_driver) StdoutLine: {'line': b'-- Detecting CXX compiler ABI info - done\n'}
[6.281976] (velodyne_driver) StdoutLine: {'line': b'-- Check for working CXX compiler: /usr/bin/c++ - skipped\n'}
[6.282051] (velodyne_driver) StdoutLine: {'line': b'-- Detecting CXX compile features\n'}
[6.282118] (velodyne_driver) StdoutLine: {'line': b'-- Detecting CXX compile features - done\n'}
[6.282231] (velodyne_driver) StdoutLine: {'line': b'-- Found ament_cmake_ros: 0.10.0 (/opt/ros/humble/share/ament_cmake_ros/cmake)\n'}
[6.310573] (-) TimerEvent: {}
[6.411188] (-) TimerEvent: {}
[6.441273] (velodyne_pointcloud) StdoutLine: {'line': b'-- Found Python3: /usr/bin/python3 (found version "3.10.12") found components: Interpreter \n'}
[6.451459] (velodyne_driver) StdoutLine: {'line': b'-- Found Python3: /usr/bin/python3 (found version "3.10.12") found components: Interpreter \n'}
[6.508907] (velodyne_pointcloud) StdoutLine: {'line': b'-- Override CMake install command with custom implementation using symlinks instead of copying resources\n'}
[6.511338] (-) TimerEvent: {}
[6.520460] (velodyne_driver) StdoutLine: {'line': b'-- Override CMake install command with custom implementation using symlinks instead of copying resources\n'}
[6.547701] (velodyne_pointcloud) StdoutLine: {'line': b'-- Found angles: 1.15.0 (/opt/ros/humble/share/angles/cmake)\n'}
[6.551395] (velodyne_pointcloud) StdoutLine: {'line': b'-- Found diagnostic_updater: 4.0.2 (/opt/ros/humble/share/diagnostic_updater/cmake)\n'}
[6.554811] (velodyne_driver) StdoutLine: {'line': b'-- Found diagnostic_updater: 4.0.2 (/opt/ros/humble/share/diagnostic_updater/cmake)\n'}
[6.597478] (velodyne_pointcloud) StdoutLine: {'line': b'-- Found rosidl_generator_c: 3.1.6 (/opt/ros/humble/share/rosidl_generator_c/cmake)\n'}
[6.600791] (velodyne_driver) StdoutLine: {'line': b'-- Found rosidl_generator_c: 3.1.6 (/opt/ros/humble/share/rosidl_generator_c/cmake)\n'}
[6.603804] (velodyne_pointcloud) StdoutLine: {'line': b'-- Found rosidl_adapter: 3.1.6 (/opt/ros/humble/share/rosidl_adapter/cmake)\n'}
[6.606802] (velodyne_driver) StdoutLine: {'line': b'-- Found rosidl_adapter: 3.1.6 (/opt/ros/humble/share/rosidl_adapter/cmake)\n'}
[6.611438] (-) TimerEvent: {}
[6.614080] (velodyne_pointcloud) StdoutLine: {'line': b'-- Found rosidl_generator_cpp: 3.1.6 (/opt/ros/humble/share/rosidl_generator_cpp/cmake)\n'}
[6.616772] (velodyne_driver) StdoutLine: {'line': b'-- Found rosidl_generator_cpp: 3.1.6 (/opt/ros/humble/share/rosidl_generator_cpp/cmake)\n'}
[6.628330] (velodyne_pointcloud) StdoutLine: {'line': b'-- Using all available rosidl_typesupport_c: rosidl_typesupport_fastrtps_c;rosidl_typesupport_introspection_c\n'}
[6.631242] (velodyne_driver) StdoutLine: {'line': b'-- Using all available rosidl_typesupport_c: rosidl_typesupport_fastrtps_c;rosidl_typesupport_introspection_c\n'}
[6.647576] (velodyne_pointcloud) StdoutLine: {'line': b'-- Using all available rosidl_typesupport_cpp: rosidl_typesupport_fastrtps_cpp;rosidl_typesupport_introspection_cpp\n'}
[6.650617] (velodyne_driver) StdoutLine: {'line': b'-- Using all available rosidl_typesupport_cpp: rosidl_typesupport_fastrtps_cpp;rosidl_typesupport_introspection_cpp\n'}
[6.711569] (-) TimerEvent: {}
[6.739580] (velodyne_pointcloud) StdoutLine: {'line': b'-- Found rmw_implementation_cmake: 6.1.2 (/opt/ros/humble/share/rmw_implementation_cmake/cmake)\n'}
[6.742965] (velodyne_driver) StdoutLine: {'line': b'-- Found rmw_implementation_cmake: 6.1.2 (/opt/ros/humble/share/rmw_implementation_cmake/cmake)\n'}
[6.743138] (velodyne_pointcloud) StdoutLine: {'line': b'-- Found rmw_fastrtps_cpp: 6.2.7 (/opt/ros/humble/share/rmw_fastrtps_cpp/cmake)\n'}
[6.746244] (velodyne_driver) StdoutLine: {'line': b'-- Found rmw_fastrtps_cpp: 6.2.7 (/opt/ros/humble/share/rmw_fastrtps_cpp/cmake)\n'}
[6.811692] (-) TimerEvent: {}
[6.840486] (velodyne_pointcloud) StdoutLine: {'line': b'-- Found OpenSSL: /usr/lib/x86_64-linux-gnu/libcrypto.so (found version "3.0.2")  \n'}
[6.841635] (velodyne_driver) StdoutLine: {'line': b'-- Found OpenSSL: /usr/lib/x86_64-linux-gnu/libcrypto.so (found version "3.0.2")  \n'}
[6.872788] (velodyne_pointcloud) StdoutLine: {'line': b'-- Found FastRTPS: /opt/ros/humble/include  \n'}
[6.872998] (velodyne_driver) StdoutLine: {'line': b'-- Found FastRTPS: /opt/ros/humble/include  \n'}
[6.911833] (-) TimerEvent: {}
[6.924997] (velodyne_pointcloud) StdoutLine: {'line': b"-- Using RMW implementation 'rmw_fastrtps_cpp' as default\n"}
[6.926019] (velodyne_driver) StdoutLine: {'line': b"-- Using RMW implementation 'rmw_fastrtps_cpp' as default\n"}
[6.935215] (velodyne_pointcloud) StdoutLine: {'line': b'-- Looking for pthread.h\n'}
[6.936596] (velodyne_driver) StdoutLine: {'line': b'-- Looking for pthread.h\n'}
[7.005870] (velodyne_pointcloud) StdoutLine: {'line': b'-- Looking for pthread.h - found\n'}
[7.006203] (velodyne_pointcloud) StdoutLine: {'line': b'-- Performing Test CMAKE_HAVE_LIBC_PTHREAD\n'}
[7.009769] (velodyne_driver) StdoutLine: {'line': b'-- Looking for pthread.h - found\n'}
[7.010165] (velodyne_driver) StdoutLine: {'line': b'-- Performing Test CMAKE_HAVE_LIBC_PTHREAD\n'}
[7.011940] (-) TimerEvent: {}
[7.093808] (velodyne_pointcloud) StdoutLine: {'line': b'-- Performing Test CMAKE_HAVE_LIBC_PTHREAD - Success\n'}
[7.093995] (velodyne_pointcloud) StdoutLine: {'line': b'-- Found Threads: TRUE  \n'}
[7.094073] (velodyne_driver) StdoutLine: {'line': b'-- Performing Test CMAKE_HAVE_LIBC_PTHREAD - Success\n'}
[7.094147] (velodyne_driver) StdoutLine: {'line': b'-- Found Threads: TRUE  \n'}
[7.112082] (-) TimerEvent: {}
[7.133196] (velodyne_driver) StdoutLine: {'line': b'-- Found rclcpp_components: 16.0.12 (/opt/ros/humble/share/rclcpp_components/cmake)\n'}
[7.147357] (velodyne_pointcloud) StdoutLine: {'line': b'-- Found geometry_msgs: 4.8.0 (/opt/ros/humble/share/geometry_msgs/cmake)\n'}
[7.163787] (velodyne_pointcloud) StdoutLine: {'line': b'-- Found message_filters: 4.3.6 (/opt/ros/humble/share/message_filters/cmake)\n'}
[7.168589] (velodyne_driver) StdoutLine: {'line': b'-- Found tf2_ros: 0.25.12 (/opt/ros/humble/share/tf2_ros/cmake)\n'}
[7.182481] (velodyne_pointcloud) StdoutLine: {'line': b"-- Checking for module 'eigen3'\n"}
[7.194072] (velodyne_pointcloud) StdoutLine: {'line': b'--   Found eigen3, version 3.4.0\n'}
[7.212203] (-) TimerEvent: {}
[7.222251] (velodyne_pointcloud) StdoutLine: {'line': b'-- Found Eigen: /usr/include/eigen3 (Required is at least version "3.1") \n'}
[7.222405] (velodyne_pointcloud) StdoutLine: {'line': b'-- Eigen found (include: /usr/include/eigen3, version: 3.4.0)\n'}
[7.259027] (velodyne_pointcloud) StdoutLine: {'line': b'-- Found Boost: /usr/lib/x86_64-linux-gnu/cmake/Boost-1.74.0/BoostConfig.cmake (found suitable version "1.74.0", minimum required is "1.65.0") found components: system filesystem date_time iostreams serialization \n'}
[7.261977] (velodyne_pointcloud) StdoutLine: {'line': b'-- looking for PCL_COMMON\n'}
[7.262773] (velodyne_pointcloud) StdoutLine: {'line': b'-- Found PCL_COMMON: /usr/lib/x86_64-linux-gnu/libpcl_common.so  \n'}
[7.263223] (velodyne_pointcloud) StdoutLine: {'line': b'-- Found PCL: pcl_common;Boost::system;Boost::filesystem;Boost::date_time;Boost::iostreams;Boost::serialization  \n'}
[7.265658] (velodyne_pointcloud) StdoutLine: {'line': b'-- Found rclcpp_components: 16.0.12 (/opt/ros/humble/share/rclcpp_components/cmake)\n'}
[7.269249] (velodyne_driver) StdoutLine: {'line': b'-- Found velodyne_msgs: 2.5.1 (/home/sparklab/sparklab/gnss-ros_ws/install/velodyne_msgs/share/velodyne_msgs/cmake)\n'}
[7.287954] (velodyne_driver) StdoutLine: {'line': b'-- Found ament_lint_auto: 0.12.12 (/opt/ros/humble/share/ament_lint_auto/cmake)\n'}
[7.299815] (velodyne_pointcloud) StdoutLine: {'line': b'-- Found sensor_msgs: 4.8.0 (/opt/ros/humble/share/sensor_msgs/cmake)\n'}
[7.312322] (-) TimerEvent: {}
[7.321318] (velodyne_pointcloud) StdoutLine: {'line': b'-- Found tf2: 0.25.12 (/opt/ros/humble/share/tf2/cmake)\n'}
[7.326881] (velodyne_pointcloud) StdoutLine: {'line': b'-- Found tf2_ros: 0.25.12 (/opt/ros/humble/share/tf2_ros/cmake)\n'}
[7.377631] (velodyne_driver) StdoutLine: {'line': b"-- Found gtest sources under '/opt/ros/humble/src/gtest_vendor': C++ tests using 'Google Test' will be built\n"}
[7.387896] (velodyne_driver) StdoutLine: {'line': b"-- Added test 'copyright' to check source files copyright and LICENSE\n"}
[7.390954] (velodyne_driver) StdoutLine: {'line': b"-- Added test 'cppcheck' to perform static code analysis on C / C++ code\n"}
[7.391220] (velodyne_driver) StdoutLine: {'line': b'-- Configured cppcheck include dirs: $<BUILD_INTERFACE:/home/sparklab/sparklab/gnss-ros_ws/src/velodyne/velodyne_driver/include>\n'}
[7.391332] (velodyne_driver) StdoutLine: {'line': b'-- Configured cppcheck exclude dirs and/or files: \n'}
[7.393955] (velodyne_driver) StdoutLine: {'line': b"-- Added test 'cpplint' to check C / C++ code against the Google style\n"}
[7.394096] (velodyne_driver) StdoutLine: {'line': b'-- Configured cpplint exclude dirs and/or files: \n'}
[7.394813] (velodyne_driver) StdoutLine: {'line': b"-- Added test 'flake8' to check Python code syntax and style conventions\n"}
[7.395848] (velodyne_driver) StdoutLine: {'line': b"-- Added test 'lint_cmake' to check CMake code style\n"}
[7.396659] (velodyne_driver) StdoutLine: {'line': b"-- Added test 'pep257' to check Python code against some of the docstring style conventions in PEP 257\n"}
[7.399309] (velodyne_driver) StdoutLine: {'line': b"-- Added test 'uncrustify' to check C / C++ code style\n"}
[7.399443] (velodyne_driver) StdoutLine: {'line': b'-- Configured uncrustify additional arguments: \n'}
[7.400151] (velodyne_driver) StdoutLine: {'line': b"-- Added test 'xmllint' to check XML markup files\n"}
[7.400891] (velodyne_pointcloud) StdoutLine: {'line': b'-- Found velodyne_msgs: 2.5.1 (/home/sparklab/sparklab/gnss-ros_ws/install/velodyne_msgs/share/velodyne_msgs/cmake)\n'}
[7.403927] (velodyne_driver) StdoutLine: {'line': b'-- Configuring done\n'}
[7.412454] (-) TimerEvent: {}
[7.423858] (velodyne_pointcloud) StdoutLine: {'line': b'-- Found ament_lint_auto: 0.12.12 (/opt/ros/humble/share/ament_lint_auto/cmake)\n'}
[7.437167] (velodyne_driver) StdoutLine: {'line': b'-- Generating done\n'}
[7.447848] (velodyne_driver) StdoutLine: {'line': b'-- Build files have been written to: /home/sparklab/sparklab/gnss-ros_ws/build/velodyne_driver\n'}
[7.459885] (velodyne_driver) CommandEnded: {'returncode': 0}
[7.460440] (velodyne_driver) JobProgress: {'identifier': 'velodyne_driver', 'progress': 'build'}
[7.461340] (velodyne_driver) Command: {'cmd': ['/usr/bin/cmake', '--build', '/home/sparklab/sparklab/gnss-ros_ws/build/velodyne_driver', '--', '-j4', '-l4'], 'cwd': '/home/sparklab/sparklab/gnss-ros_ws/build/velodyne_driver', 'env': OrderedDict([('PYTHONIOENCODING', 'utf-8'), ('HOSTNAME', '6764024e662c'), ('SHLVL', '1'), ('LD_LIBRARY_PATH', '/home/sparklab/sparklab/gnss-ros_ws/install/velodyne_msgs/lib:/opt/ros/humble/opt/rviz_ogre_vendor/lib:/opt/ros/humble/lib/x86_64-linux-gnu:/opt/ros/humble/lib'), ('HOME', '/home/sparklab'), ('OLDPWD', '/home/sparklab/sparklab'), ('ROS_PYTHON_VERSION', '3'), ('ROS_DISTRO', 'humble'), ('_', '/usr/bin/colcon'), ('ROS_VERSION', '2'), ('TERM', 'xterm'), ('ROS_LOCALHOST_ONLY', '0'), ('PATH', '/opt/ros/humble/bin:/usr/local/sbin:/usr/local/bin:/usr/sbin:/usr/bin:/sbin:/bin'), ('LANG', 'en_US.UTF-8'), ('AMENT_PREFIX_PATH', '/home/sparklab/sparklab/gnss-ros_ws/install/velodyne_msgs:/opt/ros/humble'), ('PWD', '/home/sparklab/sparklab/gnss-ros_ws/build/velodyne_driver'), ('PYTHONPATH', '/home/sparklab/sparklab/gnss-ros_ws/install/velodyne_msgs/local/lib/python3.10/dist-packages:/opt/ros/humble/lib/python3.10/site-packages:/opt/ros/humble/local/lib/python3.10/dist-packages'), ('COLCON', '1'), ('CMAKE_PREFIX_PATH', '/home/sparklab/sparklab/gnss-ros_ws/install/velodyne_msgs:/opt/ros/humble')]), 'shell': False}
[7.512559] (-) TimerEvent: {}
[7.517848] (velodyne_driver) StdoutLine: {'line': b'[  8%] \x1b[32mBuilding CXX object CMakeFiles/velodyne_input.dir/src/lib/input.cpp.o\x1b[0m\n'}
[7.521464] (velodyne_driver) StdoutLine: {'line': b'[ 16%] \x1b[32mBuilding CXX object gtest/CMakeFiles/gtest_main.dir/src/gtest_main.cc.o\x1b[0m\n'}
[7.524933] (velodyne_pointcloud) StdoutLine: {'line': b"-- Found gtest sources under '/opt/ros/humble/src/gtest_vendor': C++ tests using 'Google Test' will be built\n"}
[7.528908] (velodyne_driver) StdoutLine: {'line': b'[ 25%] \x1b[32mBuilding CXX object gtest/CMakeFiles/gtest.dir/src/gtest-all.cc.o\x1b[0m\n'}
[7.538725] (velodyne_pointcloud) StdoutLine: {'line': b"-- Added test 'copyright' to check source files copyright and LICENSE\n"}
[7.543706] (velodyne_pointcloud) StdoutLine: {'line': b"-- Added test 'cppcheck' to perform static code analysis on C / C++ code\n"}
[7.544217] (velodyne_pointcloud) StdoutLine: {'line': b'-- Configured cppcheck include dirs: $<BUILD_INTERFACE:/home/sparklab/sparklab/gnss-ros_ws/src/velodyne/velodyne_pointcloud/include>\n'}
[7.544380] (velodyne_pointcloud) StdoutLine: {'line': b'-- Configured cppcheck exclude dirs and/or files: \n'}
[7.548948] (velodyne_pointcloud) StdoutLine: {'line': b"-- Added test 'cpplint' to check C / C++ code against the Google style\n"}
[7.549168] (velodyne_pointcloud) StdoutLine: {'line': b'-- Configured cpplint exclude dirs and/or files: \n'}
[7.550412] (velodyne_pointcloud) StdoutLine: {'line': b"-- Added test 'flake8' to check Python code syntax and style conventions\n"}
[7.552082] (velodyne_pointcloud) StdoutLine: {'line': b"-- Added test 'lint_cmake' to check CMake code style\n"}
[7.553274] (velodyne_pointcloud) StdoutLine: {'line': b"-- Added test 'pep257' to check Python code against some of the docstring style conventions in PEP 257\n"}
[7.557897] (velodyne_pointcloud) StdoutLine: {'line': b"-- Added test 'uncrustify' to check C / C++ code style\n"}
[7.558134] (velodyne_pointcloud) StdoutLine: {'line': b'-- Configured uncrustify additional arguments: \n'}
[7.559935] (velodyne_driver) StderrLine: {'line': b'In file included from \x1b[01m\x1b[K/home/sparklab/sparklab/gnss-ros_ws/src/velodyne/velodyne_driver/src/lib/input.cpp:47\x1b[m\x1b[K:\n'}
[7.560087] (velodyne_driver) StderrLine: {'line': b'\x1b[01m\x1b[K/home/sparklab/sparklab/gnss-ros_ws/src/velodyne/velodyne_driver/include/velodyne_driver/input.hpp:57:10:\x1b[m\x1b[K \x1b[01;31m\x1b[Kfatal error: \x1b[m\x1b[Kpcap.h: No such file or directory\n'}
[7.560167] (velodyne_driver) StderrLine: {'line': b'   57 | #include \x1b[01;31m\x1b[K<pcap.h>\x1b[m\x1b[K\n'}
[7.560234] (velodyne_driver) StderrLine: {'line': b'      |          \x1b[01;31m\x1b[K^~~~~~~~\x1b[m\x1b[K\n'}
[7.560297] (velodyne_driver) StderrLine: {'line': b'compilation terminated.\n'}
[7.560617] (velodyne_driver) StderrLine: {'line': b'gmake[2]: *** [CMakeFiles/velodyne_input.dir/build.make:76: CMakeFiles/velodyne_input.dir/src/lib/input.cpp.o] Error 1\n'}
[7.560815] (velodyne_driver) StderrLine: {'line': b'gmake[1]: *** [CMakeFiles/Makefile2:161: CMakeFiles/velodyne_input.dir/all] Error 2\n'}
[7.560899] (velodyne_driver) StderrLine: {'line': b'gmake[1]: *** Waiting for unfinished jobs....\n'}
[7.563807] (velodyne_pointcloud) StdoutLine: {'line': b'-- Configuring done\n'}
[7.612661] (-) TimerEvent: {}
[7.620508] (velodyne_pointcloud) StdoutLine: {'line': b'-- Generating done\n'}
[7.639114] (velodyne_pointcloud) StdoutLine: {'line': b'-- Build files have been written to: /home/sparklab/sparklab/gnss-ros_ws/build/velodyne_pointcloud\n'}
[7.654688] (velodyne_pointcloud) CommandEnded: {'returncode': 0}
[7.654979] (velodyne_pointcloud) JobProgress: {'identifier': 'velodyne_pointcloud', 'progress': 'build'}
[7.655011] (velodyne_pointcloud) Command: {'cmd': ['/usr/bin/cmake', '--build', '/home/sparklab/sparklab/gnss-ros_ws/build/velodyne_pointcloud', '--', '-j4', '-l4'], 'cwd': '/home/sparklab/sparklab/gnss-ros_ws/build/velodyne_pointcloud', 'env': OrderedDict([('PYTHONIOENCODING', 'utf-8'), ('HOSTNAME', '6764024e662c'), ('SHLVL', '1'), ('LD_LIBRARY_PATH', '/home/sparklab/sparklab/gnss-ros_ws/install/velodyne_msgs/lib:/opt/ros/humble/opt/rviz_ogre_vendor/lib:/opt/ros/humble/lib/x86_64-linux-gnu:/opt/ros/humble/lib'), ('HOME', '/home/sparklab'), ('OLDPWD', '/home/sparklab/sparklab'), ('ROS_PYTHON_VERSION', '3'), ('ROS_DISTRO', 'humble'), ('_', '/usr/bin/colcon'), ('ROS_VERSION', '2'), ('TERM', 'xterm'), ('ROS_LOCALHOST_ONLY', '0'), ('PATH', '/opt/ros/humble/bin:/usr/local/sbin:/usr/local/bin:/usr/sbin:/usr/bin:/sbin:/bin'), ('LANG', 'en_US.UTF-8'), ('AMENT_PREFIX_PATH', '/home/sparklab/sparklab/gnss-ros_ws/install/velodyne_msgs:/opt/ros/humble'), ('PWD', '/home/sparklab/sparklab/gnss-ros_ws/build/velodyne_pointcloud'), ('PYTHONPATH', '/home/sparklab/sparklab/gnss-ros_ws/install/velodyne_msgs/local/lib/python3.10/dist-packages:/opt/ros/humble/lib/python3.10/site-packages:/opt/ros/humble/local/lib/python3.10/dist-packages'), ('COLCON', '1'), ('CMAKE_PREFIX_PATH', '/home/sparklab/sparklab/gnss-ros_ws/install/velodyne_msgs:/opt/ros/humble')]), 'shell': False}
[7.712764] (-) TimerEvent: {}
[7.721163] (velodyne_pointcloud) StdoutLine: {'line': b'[  5%] \x1b[32mBuilding CXX object CMakeFiles/velodyne_rawdata.dir/src/lib/rawdata.cpp.o\x1b[0m\n'}
[7.745887] (velodyne_pointcloud) StdoutLine: {'line': b'[ 11%] \x1b[32mBuilding CXX object CMakeFiles/velodyne_cloud_types.dir/src/lib/pointcloudXYZIRT.cpp.o\x1b[0m\n'}
[7.789498] (velodyne_pointcloud) StdoutLine: {'line': b'[ 16%] \x1b[32mBuilding CXX object gtest/CMakeFiles/gtest_main.dir/src/gtest_main.cc.o\x1b[0m\n'}
[7.812869] (-) TimerEvent: {}
[7.817397] (velodyne_pointcloud) StdoutLine: {'line': b'[ 22%] \x1b[32mBuilding CXX object gtest/CMakeFiles/gtest.dir/src/gtest-all.cc.o\x1b[0m\n'}
[7.912972] (-) TimerEvent: {}
[8.013679] (-) TimerEvent: {}
[8.114405] (-) TimerEvent: {}
[8.215081] (-) TimerEvent: {}
[8.315774] (-) TimerEvent: {}
[8.416452] (-) TimerEvent: {}
[8.464626] (velodyne_driver) StdoutLine: {'line': b'[ 33%] \x1b[32m\x1b[1mLinking CXX static library libgtest_main.a\x1b[0m\n'}
[8.516553] (-) TimerEvent: {}
[8.616826] (velodyne_driver) StdoutLine: {'line': b'[ 33%] Built target gtest_main\n'}
[8.617003] (-) TimerEvent: {}
[8.717570] (-) TimerEvent: {}
[8.818220] (-) TimerEvent: {}
[8.900767] (velodyne_pointcloud) StdoutLine: {'line': b'[ 27%] \x1b[32m\x1b[1mLinking CXX static library libgtest_main.a\x1b[0m\n'}
[8.918318] (-) TimerEvent: {}
[9.018920] (-) TimerEvent: {}
[9.049870] (velodyne_pointcloud) StdoutLine: {'line': b'[ 27%] Built target gtest_main\n'}
[9.084762] (velodyne_pointcloud) StdoutLine: {'line': b'[ 33%] \x1b[32mBuilding CXX object CMakeFiles/velodyne_cloud_types.dir/src/lib/organized_cloudXYZIRT.cpp.o\x1b[0m\n'}
[9.119017] (-) TimerEvent: {}
[9.219615] (-) TimerEvent: {}
[9.320226] (-) TimerEvent: {}
[9.420983] (-) TimerEvent: {}
[9.521683] (-) TimerEvent: {}
[9.622404] (-) TimerEvent: {}
[9.723091] (-) TimerEvent: {}
[9.823813] (-) TimerEvent: {}
[9.925497] (-) TimerEvent: {}
[10.025797] (-) TimerEvent: {}
[10.126079] (-) TimerEvent: {}
[10.226365] (-) TimerEvent: {}
[10.326671] (-) TimerEvent: {}
[10.427396] (-) TimerEvent: {}
[10.527689] (-) TimerEvent: {}
[10.627970] (-) TimerEvent: {}
[10.728680] (-) TimerEvent: {}
[10.828959] (-) TimerEvent: {}
[10.929253] (-) TimerEvent: {}
[11.029542] (-) TimerEvent: {}
[11.129803] (-) TimerEvent: {}
[11.230516] (-) TimerEvent: {}
[11.331199] (-) TimerEvent: {}
[11.431891] (-) TimerEvent: {}
[11.532608] (-) TimerEvent: {}
[11.633309] (-) TimerEvent: {}
[11.734138] (-) TimerEvent: {}
[11.828632] (velodyne_laserscan) StdoutLine: {'line': b'[ 50%] \x1b[32m\x1b[1mLinking CXX shared library libvelodyne_laserscan.so\x1b[0m\n'}
[11.834237] (-) TimerEvent: {}
[11.934963] (-) TimerEvent: {}
[12.035730] (-) TimerEvent: {}
[12.136734] (-) TimerEvent: {}
[12.237658] (-) TimerEvent: {}
[12.338421] (-) TimerEvent: {}
[12.439240] (-) TimerEvent: {}
[12.476694] (velodyne_pointcloud) StdoutLine: {'line': b'[ 38%] \x1b[32m\x1b[1mLinking CXX static library libgtest.a\x1b[0m\n'}
[12.539342] (-) TimerEvent: {}
[12.640047] (-) TimerEvent: {}
[12.684830] (velodyne_pointcloud) StdoutLine: {'line': b'[ 38%] Built target gtest\n'}
[12.740152] (-) TimerEvent: {}
[12.800790] (velodyne_pointcloud) StdoutLine: {'line': b'[ 44%] \x1b[32mBuilding CXX object tests/CMakeFiles/test_row_step.dir/test_row_step.cpp.o\x1b[0m\n'}
[12.840267] (-) TimerEvent: {}
[12.941024] (-) TimerEvent: {}
[13.015228] (velodyne_laserscan) StdoutLine: {'line': b'[ 50%] Built target velodyne_laserscan\n'}
[13.041160] (-) TimerEvent: {}
[13.116607] (velodyne_laserscan) StdoutLine: {'line': b'[ 75%] \x1b[32mBuilding CXX object CMakeFiles/velodyne_laserscan_node.dir/src/node.cpp.o\x1b[0m\n'}
[13.140599] (velodyne_driver) StdoutLine: {'line': b'[ 41%] \x1b[32m\x1b[1mLinking CXX static library libgtest.a\x1b[0m\n'}
[13.141220] (-) TimerEvent: {}
[13.241474] (-) TimerEvent: {}
[13.342173] (-) TimerEvent: {}
[13.348510] (velodyne_driver) StdoutLine: {'line': b'[ 41%] Built target gtest\n'}
[13.349429] (velodyne_driver) StderrLine: {'line': b'gmake: *** [Makefile:146: all] Error 2\n'}
[13.355846] (velodyne_driver) CommandEnded: {'returncode': 2}
[13.356093] (velodyne_driver) JobEnded: {'identifier': 'velodyne_driver', 'rc': 2}
[13.442271] (-) TimerEvent: {}
[13.542839] (-) TimerEvent: {}
[13.643551] (-) TimerEvent: {}
[13.744287] (-) TimerEvent: {}
[13.845055] (-) TimerEvent: {}
[13.945796] (-) TimerEvent: {}
[14.046526] (-) TimerEvent: {}
[14.147276] (-) TimerEvent: {}
[14.248016] (-) TimerEvent: {}
[14.348788] (-) TimerEvent: {}
[14.449548] (-) TimerEvent: {}
[14.550316] (-) TimerEvent: {}
[14.651068] (-) TimerEvent: {}
[14.751824] (-) TimerEvent: {}
[14.852591] (-) TimerEvent: {}
[14.957259] (-) TimerEvent: {}
[15.057568] (-) TimerEvent: {}
[15.157844] (-) TimerEvent: {}
[15.258119] (-) TimerEvent: {}
[15.358412] (-) TimerEvent: {}
[15.364725] (velodyne_pointcloud) StdoutLine: {'line': b'[ 50%] \x1b[32mBuilding CXX object CMakeFiles/velodyne_rawdata.dir/src/lib/calibration.cpp.o\x1b[0m\n'}
[15.458519] (-) TimerEvent: {}
[15.558803] (-) TimerEvent: {}
[15.659084] (-) TimerEvent: {}
[15.759369] (-) TimerEvent: {}
[15.859662] (-) TimerEvent: {}
[15.959967] (-) TimerEvent: {}
[16.008783] (velodyne_pointcloud) StdoutLine: {'line': b'[ 55%] \x1b[32m\x1b[1mLinking CXX shared library libvelodyne_cloud_types.so\x1b[0m\n'}
[16.060066] (-) TimerEvent: {}
[16.160810] (-) TimerEvent: {}
[16.241231] (velodyne_pointcloud) StdoutLine: {'line': b'[ 55%] Built target velodyne_cloud_types\n'}
[16.260935] (-) TimerEvent: {}
[16.361687] (-) TimerEvent: {}
[16.462434] (-) TimerEvent: {}
[16.563172] (-) TimerEvent: {}
[16.663894] (-) TimerEvent: {}
[16.764634] (-) TimerEvent: {}
[16.865400] (-) TimerEvent: {}
[16.966213] (-) TimerEvent: {}
[17.066941] (-) TimerEvent: {}
[17.167675] (-) TimerEvent: {}
[17.180406] (velodyne_laserscan) StdoutLine: {'line': b'[100%] \x1b[32m\x1b[1mLinking CXX executable velodyne_laserscan_node\x1b[0m\n'}
[17.267842] (-) TimerEvent: {}
[17.368735] (-) TimerEvent: {}
[17.424492] (velodyne_laserscan) StdoutLine: {'line': b'[100%] Built target velodyne_laserscan_node\n'}
[17.434352] (velodyne_laserscan) JobEnded: {'identifier': 'velodyne_laserscan', 'rc': 'SIGINT'}
[17.468886] (-) TimerEvent: {}
[17.569173] (-) TimerEvent: {}
[17.669433] (-) TimerEvent: {}
[17.769725] (-) TimerEvent: {}
[17.870027] (-) TimerEvent: {}
[17.970287] (-) TimerEvent: {}
[18.070587] (-) TimerEvent: {}
[18.170905] (-) TimerEvent: {}
[18.271197] (-) TimerEvent: {}
[18.371457] (-) TimerEvent: {}
[18.471744] (-) TimerEvent: {}
[18.572036] (-) TimerEvent: {}
[18.672328] (-) TimerEvent: {}
[18.772643] (-) TimerEvent: {}
[18.872944] (-) TimerEvent: {}
[18.973238] (-) TimerEvent: {}
[19.073486] (-) TimerEvent: {}
[19.173748] (-) TimerEvent: {}
[19.246316] (velodyne_pointcloud) StdoutLine: {'line': b'[ 61%] \x1b[32m\x1b[1mLinking CXX executable test_row_step\x1b[0m\n'}
[19.273825] (-) TimerEvent: {}
[19.315577] (velodyne_pointcloud) StdoutLine: {'line': b'[ 66%] \x1b[32m\x1b[1mLinking CXX shared library libvelodyne_rawdata.so\x1b[0m\n'}
[19.373962] (-) TimerEvent: {}
[19.474275] (-) TimerEvent: {}
[19.483898] (velodyne_pointcloud) StdoutLine: {'line': b'[ 66%] Built target velodyne_rawdata\n'}
[19.500658] (velodyne_pointcloud) StdoutLine: {'line': b'[ 66%] Built target test_row_step\n'}
[19.503341] (velodyne_pointcloud) StdoutLine: {'line': b'[ 72%] \x1b[32mBuilding CXX object CMakeFiles/transform.dir/src/conversions/transform.cpp.o\x1b[0m\n'}
[19.503915] (velodyne_pointcloud) StdoutLine: {'line': b'[ 77%] \x1b[32mBuilding CXX object tests/CMakeFiles/test_calibration.dir/test_calibration.cpp.o\x1b[0m\n'}
[19.574395] (-) TimerEvent: {}
[19.674670] (-) TimerEvent: {}
[19.774944] (-) TimerEvent: {}
[19.875219] (-) TimerEvent: {}
[19.975516] (-) TimerEvent: {}
[20.075802] (-) TimerEvent: {}
[20.176097] (-) TimerEvent: {}
[20.276391] (-) TimerEvent: {}
[20.376669] (-) TimerEvent: {}
[20.476957] (-) TimerEvent: {}
[20.577244] (-) TimerEvent: {}
[20.677536] (-) TimerEvent: {}
[20.777836] (-) TimerEvent: {}
[20.787589] (velodyne_pointcloud) StdoutLine: {'line': b'[ 83%] \x1b[32m\x1b[1mLinking CXX executable test_calibration\x1b[0m\n'}
[20.877937] (-) TimerEvent: {}
[20.978242] (-) TimerEvent: {}
[21.007035] (velodyne_pointcloud) StdoutLine: {'line': b'[ 83%] Built target test_calibration\n'}
[21.078363] (-) TimerEvent: {}
[21.178645] (-) TimerEvent: {}
[21.278948] (-) TimerEvent: {}
[21.379234] (-) TimerEvent: {}
[21.479492] (-) TimerEvent: {}
[21.579775] (-) TimerEvent: {}
[21.680052] (-) TimerEvent: {}
[21.780332] (-) TimerEvent: {}
[21.880615] (-) TimerEvent: {}
[21.980907] (-) TimerEvent: {}
[22.081240] (-) TimerEvent: {}
[22.181488] (-) TimerEvent: {}
[22.281774] (-) TimerEvent: {}
[22.382049] (-) TimerEvent: {}
[22.482329] (-) TimerEvent: {}
[22.582604] (-) TimerEvent: {}
[22.682874] (-) TimerEvent: {}
[22.783168] (-) TimerEvent: {}
[22.883470] (-) TimerEvent: {}
[22.983755] (-) TimerEvent: {}
[23.084009] (-) TimerEvent: {}
[23.184284] (-) TimerEvent: {}
[23.284568] (-) TimerEvent: {}
[23.384848] (-) TimerEvent: {}
[23.485128] (-) TimerEvent: {}
[23.585409] (-) TimerEvent: {}
[23.685702] (-) TimerEvent: {}
[23.785965] (-) TimerEvent: {}
[23.886237] (-) TimerEvent: {}
[23.986481] (-) TimerEvent: {}
[24.086754] (-) TimerEvent: {}
[24.187025] (-) TimerEvent: {}
[24.287301] (-) TimerEvent: {}
[24.387579] (-) TimerEvent: {}
[24.487826] (-) TimerEvent: {}
[24.588103] (-) TimerEvent: {}
[24.688366] (-) TimerEvent: {}
[24.788645] (-) TimerEvent: {}
[24.888894] (-) TimerEvent: {}
[24.989175] (-) TimerEvent: {}
[25.089461] (-) TimerEvent: {}
[25.189751] (-) TimerEvent: {}
[25.290024] (-) TimerEvent: {}
[25.390306] (-) TimerEvent: {}
[25.490603] (-) TimerEvent: {}
[25.590856] (-) TimerEvent: {}
[25.691134] (-) TimerEvent: {}
[25.791431] (-) TimerEvent: {}
[25.891713] (-) TimerEvent: {}
[25.991958] (-) TimerEvent: {}
[26.092236] (-) TimerEvent: {}
[26.192532] (-) TimerEvent: {}
[26.292826] (-) TimerEvent: {}
[26.393102] (-) TimerEvent: {}
[26.493349] (-) TimerEvent: {}
[26.593622] (-) TimerEvent: {}
[26.693887] (-) TimerEvent: {}
[26.794169] (-) TimerEvent: {}
[26.894450] (-) TimerEvent: {}
[26.994727] (-) TimerEvent: {}
[27.095021] (-) TimerEvent: {}
[27.195296] (-) TimerEvent: {}
[27.295580] (-) TimerEvent: {}
[27.395825] (-) TimerEvent: {}
[27.496095] (-) TimerEvent: {}
[27.596361] (-) TimerEvent: {}
[27.696630] (-) TimerEvent: {}
[27.796899] (-) TimerEvent: {}
[27.897136] (-) TimerEvent: {}
[27.997417] (-) TimerEvent: {}
[28.097702] (-) TimerEvent: {}
[28.197951] (-) TimerEvent: {}
[28.298191] (-) TimerEvent: {}
[28.398461] (-) TimerEvent: {}
[28.498725] (-) TimerEvent: {}
[28.598967] (-) TimerEvent: {}
[28.699240] (-) TimerEvent: {}
[28.799512] (-) TimerEvent: {}
[28.899779] (-) TimerEvent: {}
[29.000052] (-) TimerEvent: {}
[29.100340] (-) TimerEvent: {}
[29.200579] (-) TimerEvent: {}
[29.300854] (-) TimerEvent: {}
[29.401092] (-) TimerEvent: {}
[29.501364] (-) TimerEvent: {}
[29.601632] (-) TimerEvent: {}
[29.701881] (-) TimerEvent: {}
[29.802151] (-) TimerEvent: {}
[29.902419] (-) TimerEvent: {}
[30.002699] (-) TimerEvent: {}
[30.102978] (-) TimerEvent: {}
[30.203246] (-) TimerEvent: {}
[30.303484] (-) TimerEvent: {}
[30.403754] (-) TimerEvent: {}
[30.504018] (-) TimerEvent: {}
[30.604289] (-) TimerEvent: {}
[30.704556] (-) TimerEvent: {}
[30.804796] (-) TimerEvent: {}
[30.905082] (-) TimerEvent: {}
[31.005350] (-) TimerEvent: {}
[31.105626] (-) TimerEvent: {}
[31.205915] (-) TimerEvent: {}
[31.306195] (-) TimerEvent: {}
[31.406497] (-) TimerEvent: {}
[31.506827] (-) TimerEvent: {}
[31.607117] (-) TimerEvent: {}
[31.647458] (velodyne_pointcloud) StdoutLine: {'line': b'[ 88%] \x1b[32m\x1b[1mLinking CXX shared library libtransform.so\x1b[0m\n'}
[31.707244] (-) TimerEvent: {}
[31.807555] (-) TimerEvent: {}
[31.907900] (-) TimerEvent: {}
[32.008148] (-) TimerEvent: {}
[32.108423] (-) TimerEvent: {}
[32.208703] (-) TimerEvent: {}
[32.239738] (velodyne_pointcloud) StdoutLine: {'line': b'[ 88%] Built target transform\n'}
[32.257998] (velodyne_pointcloud) StdoutLine: {'line': b'[ 94%] \x1b[32mBuilding CXX object CMakeFiles/velodyne_transform_node.dir/src/conversions/transform_node.cpp.o\x1b[0m\n'}
[32.308827] (-) TimerEvent: {}
[32.409097] (-) TimerEvent: {}
[32.509336] (-) TimerEvent: {}
[32.609610] (-) TimerEvent: {}
[32.709894] (-) TimerEvent: {}
[32.810166] (-) TimerEvent: {}
[32.910439] (-) TimerEvent: {}
[33.010715] (-) TimerEvent: {}
[33.110992] (-) TimerEvent: {}
[33.211267] (-) TimerEvent: {}
[33.311515] (-) TimerEvent: {}
[33.411760] (-) TimerEvent: {}
[33.511989] (-) TimerEvent: {}
[33.612247] (-) TimerEvent: {}
[33.712523] (-) TimerEvent: {}
[33.812801] (-) TimerEvent: {}
[33.913081] (-) TimerEvent: {}
[34.013355] (-) TimerEvent: {}
[34.113633] (-) TimerEvent: {}
[34.213927] (-) TimerEvent: {}
[34.314204] (-) TimerEvent: {}
[34.414485] (-) TimerEvent: {}
[34.514759] (-) TimerEvent: {}
[34.615038] (-) TimerEvent: {}
[34.715317] (-) TimerEvent: {}
[34.815592] (-) TimerEvent: {}
[34.915868] (-) TimerEvent: {}
[35.016141] (-) TimerEvent: {}
[35.116422] (-) TimerEvent: {}
[35.216714] (-) TimerEvent: {}
[35.316998] (-) TimerEvent: {}
[35.417244] (-) TimerEvent: {}
[35.517521] (-) TimerEvent: {}
[35.617788] (-) TimerEvent: {}
[35.718037] (-) TimerEvent: {}
[35.818281] (-) TimerEvent: {}
[35.918515] (-) TimerEvent: {}
[36.018757] (-) TimerEvent: {}
[36.118996] (-) TimerEvent: {}
[36.219236] (-) TimerEvent: {}
[36.319470] (-) TimerEvent: {}
[36.419725] (-) TimerEvent: {}
[36.520003] (-) TimerEvent: {}
[36.620281] (-) TimerEvent: {}
[36.720559] (-) TimerEvent: {}
[36.820837] (-) TimerEvent: {}
[36.921117] (-) TimerEvent: {}
[37.021393] (-) TimerEvent: {}
[37.121671] (-) TimerEvent: {}
[37.221959] (-) TimerEvent: {}
[37.322254] (-) TimerEvent: {}
[37.422555] (-) TimerEvent: {}
[37.522829] (-) TimerEvent: {}
[37.623099] (-) TimerEvent: {}
[37.723370] (-) TimerEvent: {}
[37.823638] (-) TimerEvent: {}
[37.923878] (-) TimerEvent: {}
[37.930975] (velodyne_pointcloud) StdoutLine: {'line': b'[100%] \x1b[32m\x1b[1mLinking CXX executable velodyne_transform_node\x1b[0m\n'}
[38.024038] (-) TimerEvent: {}
[38.124372] (-) TimerEvent: {}
[38.224660] (-) TimerEvent: {}
[38.244563] (velodyne_pointcloud) StdoutLine: {'line': b'[100%] Built target velodyne_transform_node\n'}
[38.254177] (velodyne_pointcloud) JobEnded: {'identifier': 'velodyne_pointcloud', 'rc': 'SIGINT'}
[38.264820] (velodyne) JobSkipped: {'identifier': 'velodyne'}
[38.264883] (-) EventReactorShutdown: {}
