In file included from [01m[K/home/sparklab/sparklab/gnss-ros_ws/src/velodyne/velodyne_driver/src/lib/input.cpp:47[m[K:
[01m[K/home/sparklab/sparklab/gnss-ros_ws/src/velodyne/velodyne_driver/include/velodyne_driver/input.hpp:57:10:[m[K [01;31m[Kfatal error: [m[Kpcap.h: No such file or directory
   57 | #include [01;31m[K<pcap.h>[m[K
      |          [01;31m[K^~~~~~~~[m[K
compilation terminated.
gmake[2]: *** [CMakeFiles/velodyne_input.dir/build.make:76: CMakeFiles/velodyne_input.dir/src/lib/input.cpp.o] Error 1
gmake[1]: *** [CMakeFiles/Makefile2:161: CMakeFiles/velodyne_input.dir/all] Error 2
gmake[1]: *** Waiting for unfinished jobs....
gmake: *** [Makefile:146: all] Error 2
